Log file open, 02/06/20 14:34:40
LogWindows: Failed to load 'aqProf.dll' (GetLastError=126)
LogWindows: File 'aqProf.dll' does not exist
LogWindows: Failed to load 'VtuneApi.dll' (GetLastError=126)
LogWindows: File 'VtuneApi.dll' does not exist
LogWindows: Failed to load 'VtuneApi32e.dll' (GetLastError=126)
LogWindows: File 'VtuneApi32e.dll' does not exist
LogConsoleResponse: Display: Failed to find resolution value strings in scalability ini. Falling back to default.
LogInit: Display: Running engine for game: Space_Enforcers
LogPlatformFile: Not using cached read wrapper
LogTaskGraph: Started task graph with 5 named threads and 35 total threads with 3 sets of task threads.
LogStats: Stats thread started at 3.610748
LogD3D11RHI: Loaded GFSDK_Aftermath_Lib.x64.dll
LogICUInternationalization: ICU TimeZone Detection - Raw Offset: -7:00, Platform Override: ''
LogPluginManager: Mounting plugin Paper2D
LogPluginManager: Mounting plugin AISupport
LogPluginManager: Mounting plugin LightPropagationVolume
LogPluginManager: Mounting plugin ActorLayerUtilities
LogPluginManager: Mounting plugin AnimationSharing
LogPluginManager: Mounting plugin CLionSourceCodeAccess
LogPluginManager: Mounting plugin CodeLiteSourceCodeAccess
LogPluginManager: Mounting plugin GitSourceControl
LogPluginManager: Mounting plugin KDevelopSourceCodeAccess
LogPluginManager: Mounting plugin NullSourceCodeAccess
LogPluginManager: Mounting plugin PerforceSourceControl
LogPluginManager: Mounting plugin PlasticSourceControl
LogPluginManager: Mounting plugin SubversionSourceControl
LogPluginManager: Mounting plugin UObjectPlugin
LogPluginManager: Mounting plugin VisualStudioCodeSourceCodeAccess
LogPluginManager: Mounting plugin VisualStudioSourceCodeAccess
LogPluginManager: Mounting plugin XCodeSourceCodeAccess
LogPluginManager: Mounting plugin AssetManagerEditor
LogPluginManager: Mounting plugin CryptoKeys
LogPluginManager: Mounting plugin CurveEditorTools
LogPluginManager: Mounting plugin DataValidation
LogPluginManager: Mounting plugin FacialAnimation
LogPluginManager: Mounting plugin GameplayTagsEditor
LogPluginManager: Mounting plugin MacGraphicsSwitching
LogPluginManager: Mounting plugin MaterialAnalyzer
LogPluginManager: Mounting plugin MobileLauncherProfileWizard
LogPluginManager: Mounting plugin PluginBrowser
LogPluginManager: Mounting plugin SpeedTreeImporter
LogPluginManager: Mounting plugin DatasmithContent
LogPluginManager: Mounting plugin VariantManagerContent
LogPluginManager: Mounting plugin AlembicImporter
LogPluginManager: Mounting plugin AutomationUtils
LogPluginManager: Mounting plugin BackChannel
LogPluginManager: Mounting plugin CharacterAI
LogPluginManager: Mounting plugin GeometryCache
LogPluginManager: Mounting plugin PlatformCrypto
LogPluginManager: Mounting plugin ProxyLODPlugin
LogPluginManager: Mounting plugin SkeletalReduction
LogPluginManager: Mounting plugin MagicLeap
LogPluginManager: Mounting plugin MagicLeapMedia
LogPluginManager: Mounting plugin MLSDK
LogPluginManager: Mounting plugin AndroidMedia
LogPluginManager: Mounting plugin AvfMedia
LogPluginManager: Mounting plugin ImgMedia
LogPluginManager: Mounting plugin MediaCompositing
LogPluginManager: Mounting plugin MediaPlayerEditor
LogPluginManager: Mounting plugin WebMMedia
LogPluginManager: Mounting plugin WmfMedia
LogPluginManager: Mounting plugin TcpMessaging
LogPluginManager: Mounting plugin UdpMessaging
LogPluginManager: Mounting plugin ActorSequence
LogPluginManager: Mounting plugin LevelSequenceEditor
LogPluginManager: Mounting plugin MatineeToLevelSequence
LogPluginManager: Mounting plugin NetcodeUnitTest
LogPluginManager: Mounting plugin NUTUnrealEngine4
LogPluginManager: Mounting plugin OnlineSubsystemGooglePlay
LogPluginManager: Mounting plugin OnlineSubsystemIOS
LogPluginManager: Mounting plugin OnlineSubsystem
LogPluginManager: Mounting plugin OnlineSubsystemNull
LogPluginManager: Mounting plugin OnlineSubsystemUtils
LogPluginManager: Mounting plugin LauncherChunkInstaller
LogPluginManager: Mounting plugin AndroidDeviceProfileSelector
LogPluginManager: Mounting plugin AndroidMoviePlayer
LogPluginManager: Mounting plugin AndroidPermission
LogPluginManager: Mounting plugin AppleImageUtils
LogPluginManager: Mounting plugin AppleMoviePlayer
LogPluginManager: Mounting plugin ArchVisCharacter
LogPluginManager: Mounting plugin AssetTags
LogPluginManager: Mounting plugin AudioCapture
LogPluginManager: Mounting plugin CableComponent
LogPluginManager: Mounting plugin CustomMeshComponent
LogPluginManager: Mounting plugin EditableMesh
LogPluginManager: Mounting plugin ExampleDeviceProfileSelector
LogPluginManager: Mounting plugin GoogleCloudMessaging
LogPluginManager: Mounting plugin IOSDeviceProfileSelector
LogPluginManager: Mounting plugin LinuxDeviceProfileSelector
LogPluginManager: Mounting plugin LocationServicesBPLibrary
LogPluginManager: Mounting plugin MobilePatchingUtils
LogPluginManager: Mounting plugin OculusVR
LogPluginManager: Mounting plugin PhysXVehicles
LogPluginManager: Mounting plugin PostSplashScreen
LogPluginManager: Mounting plugin ProceduralMeshComponent
LogPluginManager: Mounting plugin RuntimePhysXCooking
LogPluginManager: Mounting plugin SignificanceManager
LogPluginManager: Mounting plugin SteamVR
LogPluginManager: Mounting plugin WebMMoviePlayer
LogPluginManager: Mounting plugin WindowsMoviePlayer
LogPluginManager: Mounting plugin ScreenshotTools
LogInit: Using libcurl 7.55.1-DEV
LogInit:  - built for x86_64-pc-win32
LogInit:  - supports SSL with OpenSSL/1.1.1
LogInit:  - supports HTTP deflate (compression) using libz 1.2.8
LogInit:  - other features:
LogInit:      CURL_VERSION_SSL
LogInit:      CURL_VERSION_LIBZ
LogInit:      CURL_VERSION_IPV6
LogInit:      CURL_VERSION_ASYNCHDNS
LogInit:      CURL_VERSION_LARGEFILE
LogInit:      CURL_VERSION_IDN
LogInit:  CurlRequestOptions (configurable via config and command line):
LogInit:  - bVerifyPeer = true  - Libcurl will verify peer certificate
LogInit:  - bUseHttpProxy = false  - Libcurl will NOT use HTTP proxy
LogInit:  - bDontReuseConnections = false  - Libcurl will reuse connections
LogInit:  - MaxHostConnections = 16  - Libcurl will limit the number of connections to a host
LogInit:  - LocalHostAddr = Default
LogInit:  - BufferSize = 65536
LogOnline: OSS: Creating online subsystem instance for: NULL
LogInit: WinSock: version 1.1 (2.2), MaxSocks=32767, MaxUdp=65467
LogOnline: OSS: TryLoadSubsystemAndSetDefault: Loaded subsystem for module [NULL]
LogInit: Build: ++UE4+Release-4.24-CL-11100242
LogInit: Engine Version: 4.24.2-11100242+++UE4+Release-4.24
LogInit: Compatible Engine Version: 4.24.0-10570792+++UE4+Release-4.24
LogInit: Net CL: 10570792
LogInit: OS: Windows 10 (Release 1909) (), CPU: Intel(R) Core(TM) i7-8750H CPU @ 2.20GHz, GPU: Intel(R) UHD Graphics 630
LogInit: Compiled (64-bit): Jan 24 2020 02:05:53
LogInit: Compiled with Visual C++: 19.16.27032.01
LogInit: Build Configuration: Development
LogInit: Branch Name: ++UE4+Release-4.24
LogInit: Command Line: 
LogInit: Base Directory: D:/UE_4.24/Engine/Binaries/Win64/
LogInit: Installed Engine Build: 1
LogDevObjectVersion: Number of dev versions registered: 25
LogDevObjectVersion:   Dev-Blueprints (B0D832E4-1F89-4F0D-ACCF-7EB736FD4AA2): 10
LogDevObjectVersion:   Dev-Build (E1C64328-A22C-4D53-A36C-8E866417BD8C): 0
LogDevObjectVersion:   Dev-Core (375EC13C-06E4-48FB-B500-84F0262A717E): 3
LogDevObjectVersion:   Dev-Editor (E4B068ED-F494-42E9-A231-DA0B2E46BB41): 37
LogDevObjectVersion:   Dev-Framework (CFFC743F-43B0-4480-9391-14DF171D2073): 36
LogDevObjectVersion:   Dev-Mobile (B02B49B5-BB20-44E9-A304-32B752E40360): 2
LogDevObjectVersion:   Dev-Networking (A4E4105C-59A1-49B5-A7C5-40C4547EDFEE): 0
LogDevObjectVersion:   Dev-Online (39C831C9-5AE6-47DC-9A44-9C173E1C8E7C): 0
LogDevObjectVersion:   Dev-Physics (78F01B33-EBEA-4F98-B9B4-84EACCB95AA2): 2
LogDevObjectVersion:   Dev-Platform (6631380F-2D4D-43E0-8009-CF276956A95A): 0
LogDevObjectVersion:   Dev-Rendering (12F88B9F-8875-4AFC-A67C-D90C383ABD29): 36
LogDevObjectVersion:   Dev-Sequencer (7B5AE74C-D270-4C10-A958-57980B212A5A): 11
LogDevObjectVersion:   Dev-VR (D7296918-1DD6-4BDD-9DE2-64A83CC13884): 2
LogDevObjectVersion:   Dev-LoadTimes (C2A15278-BFE7-4AFE-6C17-90FF531DF755): 1
LogDevObjectVersion:   Private-Geometry (6EACA3D4-40EC-4CC1-B786-8BED09428FC5): 3
LogDevObjectVersion:   Dev-AnimPhys (29E575DD-E0A3-4627-9D10-D276232CDCEA): 17
LogDevObjectVersion:   Dev-Anim (AF43A65D-7FD3-4947-9873-3E8ED9C1BB05): 2
LogDevObjectVersion:   Dev-ReflectionCapture (6B266CEC-1EC7-4B8F-A30B-E4D90942FC07): 1
LogDevObjectVersion:   Dev-Automation (0DF73D61-A23F-47EA-B727-89E90C41499A): 1
LogDevObjectVersion:   FortniteMain (601D1886-AC64-4F84-AA16-D3DE0DEAC7D6): 31
LogDevObjectVersion:   Dev-Enterprise (9DFFBCD6-494F-0158-E221-12823C92A888): 8
LogDevObjectVersion:   Dev-Niagara (F2AED0AC-9AFE-416F-8664-AA7FFA26D6FC): 1
LogDevObjectVersion:   Dev-Destruction (174F1F0B-B4C6-45A5-B13F-2EE8D0FB917D): 9
LogDevObjectVersion:   Dev-Physics-Ext (35F94A83-E258-406C-A318-09F59610247C): 8
LogDevObjectVersion:   Dev-CineCamera (B2E18506-4273-CFC2-A54E-F4BB758BBA07): 1
LogInit: Presizing for max 25165824 objects, including 0 objects not considered by GC, pre-allocating 0 bytes for permanent pool.
LogInit: Object subsystem initialized
LogConfig: Setting CVar [[con.DebugEarlyDefault:1]]
LogConfig: Setting CVar [[r.setres:1280x720]]
[2020.02.06-21.34.41:979][  0]LogConfig: Setting CVar [[r.VSync:0]]
[2020.02.06-21.34.41:979][  0]LogConfig: Setting CVar [[r.RHICmdBypass:0]]
[2020.02.06-21.34.41:979][  0]LogConfig: Applying CVar settings from Section [/Script/Engine.RendererSettings] File [C:/Users/S0unds0fS1lence/Desktop/GAM218_Repo/Saved/Config/Windows/Engine.ini]
[2020.02.06-21.34.41:979][  0]LogConfig: Setting CVar [[r.GPUCrashDebugging:0]]
[2020.02.06-21.34.41:979][  0]LogConfig: Applying CVar settings from Section [/Script/Engine.RendererOverrideSettings] File [C:/Users/S0unds0fS1lence/Desktop/GAM218_Repo/Saved/Config/Windows/Engine.ini]
[2020.02.06-21.34.41:979][  0]LogConfig: Applying CVar settings from Section [/Script/Engine.StreamingSettings] File [C:/Users/S0unds0fS1lence/Desktop/GAM218_Repo/Saved/Config/Windows/Engine.ini]
[2020.02.06-21.34.41:979][  0]LogConfig: Setting CVar [[s.MinBulkDataSizeForAsyncLoading:131072]]
[2020.02.06-21.34.41:979][  0]LogConfig: Setting CVar [[s.AsyncLoadingThreadEnabled:0]]
[2020.02.06-21.34.41:979][  0]LogConfig: Setting CVar [[s.EventDrivenLoaderEnabled:1]]
[2020.02.06-21.34.41:979][  0]LogConfig: Setting CVar [[s.WarnIfTimeLimitExceeded:0]]
[2020.02.06-21.34.41:979][  0]LogConfig: Setting CVar [[s.TimeLimitExceededMultiplier:1.5]]
[2020.02.06-21.34.41:979][  0]LogConfig: Setting CVar [[s.TimeLimitExceededMinTime:0.005]]
[2020.02.06-21.34.41:979][  0]LogConfig: Setting CVar [[s.UseBackgroundLevelStreaming:1]]
[2020.02.06-21.34.41:979][  0]LogConfig: Setting CVar [[s.PriorityAsyncLoadingExtraTime:15.0]]
[2020.02.06-21.34.41:979][  0]LogConfig: Setting CVar [[s.LevelStreamingActorsUpdateTimeLimit:5.0]]
[2020.02.06-21.34.41:979][  0]LogConfig: Setting CVar [[s.PriorityLevelStreamingActorsUpdateExtraTime:5.0]]
[2020.02.06-21.34.41:979][  0]LogConfig: Setting CVar [[s.LevelStreamingComponentsRegistrationGranularity:10]]
[2020.02.06-21.34.41:979][  0]LogConfig: Setting CVar [[s.UnregisterComponentsTimeLimit:1.0]]
[2020.02.06-21.34.41:979][  0]LogConfig: Setting CVar [[s.LevelStreamingComponentsUnregistrationGranularity:5]]
[2020.02.06-21.34.41:979][  0]LogConfig: Setting CVar [[s.FlushStreamingOnExit:1]]
[2020.02.06-21.34.41:979][  0]LogConfig: Applying CVar settings from Section [/Script/Engine.GarbageCollectionSettings] File [C:/Users/S0unds0fS1lence/Desktop/GAM218_Repo/Saved/Config/Windows/Engine.ini]
[2020.02.06-21.34.41:979][  0]LogConfig: Setting CVar [[gc.MaxObjectsNotConsideredByGC:1]]
[2020.02.06-21.34.41:979][  0]LogConfig: Setting CVar [[gc.SizeOfPermanentObjectPool:0]]
[2020.02.06-21.34.41:979][  0]LogConfig: Setting CVar [[gc.FlushStreamingOnGC:0]]
[2020.02.06-21.34.41:979][  0]LogConfig: Setting CVar [[gc.NumRetriesBeforeForcingGC:10]]
[2020.02.06-21.34.41:979][  0]LogConfig: Setting CVar [[gc.AllowParallelGC:1]]
[2020.02.06-21.34.41:979][  0]LogConfig: Setting CVar [[gc.TimeBetweenPurgingPendingKillObjects:61.1]]
[2020.02.06-21.34.41:979][  0]LogConfig: Setting CVar [[gc.MaxObjectsInEditor:25165824]]
[2020.02.06-21.34.41:979][  0]LogConfig: Setting CVar [[gc.IncrementalBeginDestroyEnabled:1]]
[2020.02.06-21.34.41:979][  0]LogConfig: Setting CVar [[gc.CreateGCClusters:1]]
[2020.02.06-21.34.41:979][  0]LogConfig: Setting CVar [[gc.MinGCClusterSize:5]]
[2020.02.06-21.34.41:980][  0]LogConfig: Setting CVar [[gc.ActorClusteringEnabled:0]]
[2020.02.06-21.34.41:980][  0]LogConfig: Setting CVar [[gc.BlueprintClusteringEnabled:0]]
[2020.02.06-21.34.41:980][  0]LogConfig: Setting CVar [[gc.UseDisregardForGCOnDedicatedServers:0]]
[2020.02.06-21.34.41:980][  0]LogConfig: Applying CVar settings from Section [/Script/Engine.NetworkSettings] File [C:/Users/S0unds0fS1lence/Desktop/GAM218_Repo/Saved/Config/Windows/Engine.ini]
[2020.02.06-21.34.41:980][  0]LogConfig: Applying CVar settings from Section [/Script/UnrealEd.CookerSettings] File [C:/Users/S0unds0fS1lence/Desktop/GAM218_Repo/Saved/Config/Windows/Engine.ini]
[2020.02.06-21.34.41:990][  0]LogConfig: Applying CVar settings from Section [ViewDistanceQuality@3] File [C:/Users/S0unds0fS1lence/Desktop/GAM218_Repo/Saved/Config/Windows/Scalability.ini]
[2020.02.06-21.34.41:991][  0]LogConfig: Setting CVar [[r.SkeletalMeshLODBias:0]]
[2020.02.06-21.34.41:991][  0]LogConfig: Setting CVar [[r.ViewDistanceScale:1.0]]
[2020.02.06-21.34.41:991][  0]LogConfig: Applying CVar settings from Section [AntiAliasingQuality@3] File [C:/Users/S0unds0fS1lence/Desktop/GAM218_Repo/Saved/Config/Windows/Scalability.ini]
[2020.02.06-21.34.41:991][  0]LogConfig: Setting CVar [[r.PostProcessAAQuality:4]]
[2020.02.06-21.34.41:991][  0]LogConfig: Applying CVar settings from Section [ShadowQuality@3] File [C:/Users/S0unds0fS1lence/Desktop/GAM218_Repo/Saved/Config/Windows/Scalability.ini]
[2020.02.06-21.34.41:991][  0]LogConfig: Setting CVar [[r.LightFunctionQuality:1]]
[2020.02.06-21.34.41:991][  0]LogConfig: Setting CVar [[r.ShadowQuality:5]]
[2020.02.06-21.34.41:991][  0]LogConfig: Setting CVar [[r.Shadow.CSM.MaxCascades:10]]
[2020.02.06-21.34.41:991][  0]LogConfig: Setting CVar [[r.Shadow.MaxResolution:2048]]
[2020.02.06-21.34.41:991][  0]LogConfig: Setting CVar [[r.Shadow.MaxCSMResolution:2048]]
[2020.02.06-21.34.41:991][  0]LogConfig: Setting CVar [[r.Shadow.RadiusThreshold:0.01]]
[2020.02.06-21.34.41:991][  0]LogConfig: Setting CVar [[r.Shadow.DistanceScale:1.0]]
[2020.02.06-21.34.41:991][  0]LogConfig: Setting CVar [[r.Shadow.CSM.TransitionScale:1.0]]
[2020.02.06-21.34.41:991][  0]LogConfig: Setting CVar [[r.Shadow.PreShadowResolutionFactor:1.0]]
[2020.02.06-21.34.41:991][  0]LogConfig: Setting CVar [[r.DistanceFieldShadowing:1]]
[2020.02.06-21.34.41:991][  0]LogConfig: Setting CVar [[r.DistanceFieldAO:1]]
[2020.02.06-21.34.41:991][  0]LogConfig: Setting CVar [[r.AOQuality:2]]
[2020.02.06-21.34.41:991][  0]LogConfig: Setting CVar [[r.VolumetricFog:1]]
[2020.02.06-21.34.41:991][  0]LogConfig: Setting CVar [[r.VolumetricFog.GridPixelSize:8]]
[2020.02.06-21.34.41:991][  0]LogConfig: Setting CVar [[r.VolumetricFog.GridSizeZ:128]]
[2020.02.06-21.34.41:991][  0]LogConfig: Setting CVar [[r.VolumetricFog.HistoryMissSupersampleCount:4]]
[2020.02.06-21.34.41:992][  0]LogConfig: Setting CVar [[r.LightMaxDrawDistanceScale:1]]
[2020.02.06-21.34.41:992][  0]LogConfig: Setting CVar [[r.CapsuleShadows:1]]
[2020.02.06-21.34.41:992][  0]LogConfig: Applying CVar settings from Section [PostProcessQuality@3] File [C:/Users/S0unds0fS1lence/Desktop/GAM218_Repo/Saved/Config/Windows/Scalability.ini]
[2020.02.06-21.34.41:992][  0]LogConfig: Setting CVar [[r.MotionBlurQuality:4]]
[2020.02.06-21.34.41:992][  0]LogConfig: Setting CVar [[r.AmbientOcclusionMipLevelFactor:0.4]]
[2020.02.06-21.34.41:992][  0]LogConfig: Setting CVar [[r.AmbientOcclusionMaxQuality:100]]
[2020.02.06-21.34.41:992][  0]LogConfig: Setting CVar [[r.AmbientOcclusionLevels:-1]]
[2020.02.06-21.34.41:992][  0]LogConfig: Setting CVar [[r.AmbientOcclusionRadiusScale:1.0]]
[2020.02.06-21.34.41:992][  0]LogConfig: Setting CVar [[r.DepthOfFieldQuality:2]]
[2020.02.06-21.34.41:992][  0]LogConfig: Setting CVar [[r.RenderTargetPoolMin:400]]
[2020.02.06-21.34.41:992][  0]LogConfig: Setting CVar [[r.LensFlareQuality:2]]
[2020.02.06-21.34.41:992][  0]LogConfig: Setting CVar [[r.SceneColorFringeQuality:1]]
[2020.02.06-21.34.41:992][  0]LogConfig: Setting CVar [[r.EyeAdaptationQuality:2]]
[2020.02.06-21.34.41:992][  0]LogConfig: Setting CVar [[r.BloomQuality:5]]
[2020.02.06-21.34.41:992][  0]LogConfig: Setting CVar [[r.FastBlurThreshold:100]]
[2020.02.06-21.34.41:992][  0]LogConfig: Setting CVar [[r.Upscale.Quality:3]]
[2020.02.06-21.34.41:992][  0]LogConfig: Setting CVar [[r.Tonemapper.GrainQuantization:1]]
[2020.02.06-21.34.41:992][  0]LogConfig: Setting CVar [[r.LightShaftQuality:1]]
[2020.02.06-21.34.41:992][  0]LogConfig: Setting CVar [[r.Filter.SizeScale:1]]
[2020.02.06-21.34.41:992][  0]LogConfig: Setting CVar [[r.Tonemapper.Quality:5]]
[2020.02.06-21.34.41:992][  0]LogConfig: Setting CVar [[r.DOF.Gather.AccumulatorQuality:1        ; higher gathering accumulator quality]]
[2020.02.06-21.34.41:992][  0]LogConfig: Setting CVar [[r.DOF.Gather.PostfilterMethod:1          ; Median3x3 postfilering method]]
[2020.02.06-21.34.41:992][  0]LogConfig: Setting CVar [[r.DOF.Gather.EnableBokehSettings:0       ; no bokeh simulation when gathering]]
[2020.02.06-21.34.41:992][  0]LogConfig: Setting CVar [[r.DOF.Gather.RingCount:4                 ; medium number of samples when gathering]]
[2020.02.06-21.34.41:992][  0]LogConfig: Setting CVar [[r.DOF.Scatter.ForegroundCompositing:1    ; additive foreground scattering]]
[2020.02.06-21.34.41:992][  0]LogConfig: Setting CVar [[r.DOF.Scatter.BackgroundCompositing:2    ; additive background scattering]]
[2020.02.06-21.34.41:992][  0]LogConfig: Setting CVar [[r.DOF.Scatter.EnableBokehSettings:1      ; bokeh simulation when scattering]]
[2020.02.06-21.34.41:992][  0]LogConfig: Setting CVar [[r.DOF.Scatter.MaxSpriteRatio:0.1         ; only a maximum of 10% of scattered bokeh]]
[2020.02.06-21.34.41:993][  0]LogConfig: Setting CVar [[r.DOF.Recombine.Quality:1                ; cheap slight out of focus]]
[2020.02.06-21.34.41:993][  0]LogConfig: Setting CVar [[r.DOF.Recombine.EnableBokehSettings:0    ; no bokeh simulation on slight out of focus]]
[2020.02.06-21.34.41:993][  0]LogConfig: Setting CVar [[r.DOF.TemporalAAQuality:1                ; more stable temporal accumulation]]
[2020.02.06-21.34.41:993][  0]LogConfig: Setting CVar [[r.DOF.Kernel.MaxForegroundRadius:0.025]]
[2020.02.06-21.34.41:993][  0]LogConfig: Setting CVar [[r.DOF.Kernel.MaxBackgroundRadius:0.025]]
[2020.02.06-21.34.41:993][  0]LogConfig: Applying CVar settings from Section [TextureQuality@3] File [C:/Users/S0unds0fS1lence/Desktop/GAM218_Repo/Saved/Config/Windows/Scalability.ini]
[2020.02.06-21.34.41:993][  0]LogConfig: Setting CVar [[r.Streaming.MipBias:0]]
[2020.02.06-21.34.41:993][  0]LogConfig: Setting CVar [[r.Streaming.AmortizeCPUToGPUCopy:0]]
[2020.02.06-21.34.41:993][  0]LogConfig: Setting CVar [[r.Streaming.MaxNumTexturesToStreamPerFrame:0]]
[2020.02.06-21.34.41:993][  0]LogConfig: Setting CVar [[r.Streaming.Boost:1]]
[2020.02.06-21.34.41:993][  0]LogConfig: Setting CVar [[r.MaxAnisotropy:8]]
[2020.02.06-21.34.41:993][  0]LogConfig: Setting CVar [[r.VT.MaxAnisotropy:8]]
[2020.02.06-21.34.41:993][  0]LogConfig: Setting CVar [[r.Streaming.LimitPoolSizeToVRAM:0]]
[2020.02.06-21.34.41:993][  0]LogConfig: Setting CVar [[r.Streaming.PoolSize:1000]]
[2020.02.06-21.34.41:993][  0]LogConfig: Setting CVar [[r.Streaming.MaxEffectiveScreenSize:0]]
[2020.02.06-21.34.41:993][  0]LogConfig: Applying CVar settings from Section [EffectsQuality@3] File [C:/Users/S0unds0fS1lence/Desktop/GAM218_Repo/Saved/Config/Windows/Scalability.ini]
[2020.02.06-21.34.41:993][  0]LogConfig: Setting CVar [[r.TranslucencyLightingVolumeDim:64]]
[2020.02.06-21.34.41:993][  0]LogConfig: Setting CVar [[r.RefractionQuality:2]]
[2020.02.06-21.34.41:993][  0]LogConfig: Setting CVar [[r.SSR.Quality:3]]
[2020.02.06-21.34.41:993][  0]LogConfig: Setting CVar [[r.SSR.HalfResSceneColor:0]]
[2020.02.06-21.34.41:993][  0]LogConfig: Setting CVar [[r.SceneColorFormat:4]]
[2020.02.06-21.34.41:993][  0]LogConfig: Setting CVar [[r.DetailMode:2]]
[2020.02.06-21.34.41:993][  0]LogConfig: Setting CVar [[r.TranslucencyVolumeBlur:1]]
[2020.02.06-21.34.41:993][  0]LogConfig: Setting CVar [[r.MaterialQualityLevel:1 ; High quality]]
[2020.02.06-21.34.41:993][  0]LogConfig: Setting CVar [[r.SSS.Scale:1]]
[2020.02.06-21.34.41:993][  0]LogConfig: Setting CVar [[r.SSS.SampleSet:2]]
[2020.02.06-21.34.41:993][  0]LogConfig: Setting CVar [[r.SSS.Quality:1]]
[2020.02.06-21.34.41:993][  0]LogConfig: Setting CVar [[r.SSS.HalfRes:1]]
[2020.02.06-21.34.41:993][  0]LogConfig: Setting CVar [[r.SSGI.Quality:3]]
[2020.02.06-21.34.41:994][  0]LogConfig: Setting CVar [[r.EmitterSpawnRateScale:1.0]]
[2020.02.06-21.34.41:994][  0]LogConfig: Setting CVar [[r.ParticleLightQuality:2]]
[2020.02.06-21.34.41:994][  0]LogConfig: Setting CVar [[r.SkyAtmosphere.AerialPerspectiveLUT.FastApplyOnOpaque:1 ; Always have FastSkyLUT 1 in this case to avoid wrong sky]]
[2020.02.06-21.34.41:994][  0]LogConfig: Setting CVar [[r.SkyAtmosphere.AerialPerspectiveLUT.SampleCountPerSlice:1]]
[2020.02.06-21.34.41:994][  0]LogConfig: Setting CVar [[r.SkyAtmosphere.AerialPerspectiveLUT.DepthResolution:16.0]]
[2020.02.06-21.34.41:994][  0]LogConfig: Setting CVar [[r.SkyAtmosphere.FastSkyLUT:1]]
[2020.02.06-21.34.41:994][  0]LogConfig: Setting CVar [[r.SkyAtmosphere.FastSkyLUT.SampleCountMin:4.0]]
[2020.02.06-21.34.41:994][  0]LogConfig: Setting CVar [[r.SkyAtmosphere.FastSkyLUT.SampleCountMax:32.0]]
[2020.02.06-21.34.41:994][  0]LogConfig: Setting CVar [[r.SkyAtmosphere.SampleCountMin:4.0]]
[2020.02.06-21.34.41:994][  0]LogConfig: Setting CVar [[r.SkyAtmosphere.SampleCountMax:32.0]]
[2020.02.06-21.34.41:994][  0]LogConfig: Setting CVar [[r.SkyAtmosphere.TransmittanceLUT.UseSmallFormat:0]]
[2020.02.06-21.34.41:994][  0]LogConfig: Setting CVar [[r.SkyAtmosphere.TransmittanceLUT.SampleCount:10.0]]
[2020.02.06-21.34.41:994][  0]LogConfig: Setting CVar [[r.SkyAtmosphere.MultiScatteringLUT.SampleCount:15.0]]
[2020.02.06-21.34.41:994][  0]LogConfig: Applying CVar settings from Section [FoliageQuality@3] File [C:/Users/S0unds0fS1lence/Desktop/GAM218_Repo/Saved/Config/Windows/Scalability.ini]
[2020.02.06-21.34.41:994][  0]LogConfig: Setting CVar [[foliage.DensityScale:1.0]]
[2020.02.06-21.34.41:994][  0]LogConfig: Setting CVar [[grass.DensityScale:1.0]]
[2020.02.06-21.34.41:994][  0]LogConfig: Applying CVar settings from Section [ShadingQuality@3] File [C:/Users/S0unds0fS1lence/Desktop/GAM218_Repo/Saved/Config/Windows/Scalability.ini]
[2020.02.06-21.34.41:994][  0]LogConfig: Setting CVar [[r.HairStrands.SkyLighting.SampleCount:16]]
[2020.02.06-21.34.41:994][  0]LogConfig: Setting CVar [[r.HairStrands.SkyLighting.JitterIntegration:0]]
[2020.02.06-21.34.41:994][  0]LogConfig: Setting CVar [[r.HairStrands.SkyAO.SampleCount:16]]
[2020.02.06-21.34.41:994][  0]LogInit: Selected Device Profile: [Windows]
[2020.02.06-21.34.41:994][  0]LogInit: Applying CVar settings loaded from the selected device profile: [Windows]
[2020.02.06-21.34.42:000][  0]LogHAL: Display: Platform has ~ 8 GB [8374218752 / 8589934592 / 8], which maps to Default [LargestMinGB=32, LargerMinGB=12, DefaultMinGB=8, SmallerMinGB=6, SmallestMinGB=0)
[2020.02.06-21.34.42:000][  0]LogInit: Going up to parent DeviceProfile []
[2020.02.06-21.34.42:000][  0]LogConfig: Applying CVar settings from Section [ViewDistanceQuality@3] File [C:/Users/S0unds0fS1lence/Desktop/GAM218_Repo/Saved/Config/Windows/Scalability.ini]
[2020.02.06-21.34.42:000][  0]LogConfig: Setting CVar [[r.SkeletalMeshLODBias:0]]
[2020.02.06-21.34.42:000][  0]LogConfig: Setting CVar [[r.ViewDistanceScale:1.0]]
[2020.02.06-21.34.42:000][  0]LogConfig: Applying CVar settings from Section [AntiAliasingQuality@3] File [C:/Users/S0unds0fS1lence/Desktop/GAM218_Repo/Saved/Config/Windows/Scalability.ini]
[2020.02.06-21.34.42:000][  0]LogConfig: Setting CVar [[r.PostProcessAAQuality:4]]
[2020.02.06-21.34.42:000][  0]LogConfig: Applying CVar settings from Section [ShadowQuality@3] File [C:/Users/S0unds0fS1lence/Desktop/GAM218_Repo/Saved/Config/Windows/Scalability.ini]
[2020.02.06-21.34.42:000][  0]LogConfig: Setting CVar [[r.LightFunctionQuality:1]]
[2020.02.06-21.34.42:000][  0]LogConfig: Setting CVar [[r.ShadowQuality:5]]
[2020.02.06-21.34.42:001][  0]LogConfig: Setting CVar [[r.Shadow.CSM.MaxCascades:10]]
[2020.02.06-21.34.42:001][  0]LogConfig: Setting CVar [[r.Shadow.MaxResolution:2048]]
[2020.02.06-21.34.42:001][  0]LogConfig: Setting CVar [[r.Shadow.MaxCSMResolution:2048]]
[2020.02.06-21.34.42:001][  0]LogConfig: Setting CVar [[r.Shadow.RadiusThreshold:0.01]]
[2020.02.06-21.34.42:001][  0]LogConfig: Setting CVar [[r.Shadow.DistanceScale:1.0]]
[2020.02.06-21.34.42:001][  0]LogConfig: Setting CVar [[r.Shadow.CSM.TransitionScale:1.0]]
[2020.02.06-21.34.42:001][  0]LogConfig: Setting CVar [[r.Shadow.PreShadowResolutionFactor:1.0]]
[2020.02.06-21.34.42:001][  0]LogConfig: Setting CVar [[r.DistanceFieldShadowing:1]]
[2020.02.06-21.34.42:001][  0]LogConfig: Setting CVar [[r.DistanceFieldAO:1]]
[2020.02.06-21.34.42:001][  0]LogConfig: Setting CVar [[r.AOQuality:2]]
[2020.02.06-21.34.42:001][  0]LogConfig: Setting CVar [[r.VolumetricFog:1]]
[2020.02.06-21.34.42:001][  0]LogConfig: Setting CVar [[r.VolumetricFog.GridPixelSize:8]]
[2020.02.06-21.34.42:001][  0]LogConfig: Setting CVar [[r.VolumetricFog.GridSizeZ:128]]
[2020.02.06-21.34.42:001][  0]LogConfig: Setting CVar [[r.VolumetricFog.HistoryMissSupersampleCount:4]]
[2020.02.06-21.34.42:001][  0]LogConfig: Setting CVar [[r.LightMaxDrawDistanceScale:1]]
[2020.02.06-21.34.42:001][  0]LogConfig: Setting CVar [[r.CapsuleShadows:1]]
[2020.02.06-21.34.42:001][  0]LogConfig: Applying CVar settings from Section [PostProcessQuality@3] File [C:/Users/S0unds0fS1lence/Desktop/GAM218_Repo/Saved/Config/Windows/Scalability.ini]
[2020.02.06-21.34.42:001][  0]LogConfig: Setting CVar [[r.MotionBlurQuality:4]]
[2020.02.06-21.34.42:001][  0]LogConfig: Setting CVar [[r.AmbientOcclusionMipLevelFactor:0.4]]
[2020.02.06-21.34.42:001][  0]LogConfig: Setting CVar [[r.AmbientOcclusionMaxQuality:100]]
[2020.02.06-21.34.42:001][  0]LogConfig: Setting CVar [[r.AmbientOcclusionLevels:-1]]
[2020.02.06-21.34.42:001][  0]LogConfig: Setting CVar [[r.AmbientOcclusionRadiusScale:1.0]]
[2020.02.06-21.34.42:001][  0]LogConfig: Setting CVar [[r.DepthOfFieldQuality:2]]
[2020.02.06-21.34.42:001][  0]LogConfig: Setting CVar [[r.RenderTargetPoolMin:400]]
[2020.02.06-21.34.42:001][  0]LogConfig: Setting CVar [[r.LensFlareQuality:2]]
[2020.02.06-21.34.42:001][  0]LogConfig: Setting CVar [[r.SceneColorFringeQuality:1]]
[2020.02.06-21.34.42:001][  0]LogConfig: Setting CVar [[r.EyeAdaptationQuality:2]]
[2020.02.06-21.34.42:001][  0]LogConfig: Setting CVar [[r.BloomQuality:5]]
[2020.02.06-21.34.42:001][  0]LogConfig: Setting CVar [[r.FastBlurThreshold:100]]
[2020.02.06-21.34.42:001][  0]LogConfig: Setting CVar [[r.Upscale.Quality:3]]
[2020.02.06-21.34.42:001][  0]LogConfig: Setting CVar [[r.Tonemapper.GrainQuantization:1]]
[2020.02.06-21.34.42:001][  0]LogConfig: Setting CVar [[r.LightShaftQuality:1]]
[2020.02.06-21.34.42:001][  0]LogConfig: Setting CVar [[r.Filter.SizeScale:1]]
[2020.02.06-21.34.42:001][  0]LogConfig: Setting CVar [[r.Tonemapper.Quality:5]]
[2020.02.06-21.34.42:001][  0]LogConfig: Setting CVar [[r.DOF.Gather.AccumulatorQuality:1        ; higher gathering accumulator quality]]
[2020.02.06-21.34.42:001][  0]LogConfig: Setting CVar [[r.DOF.Gather.PostfilterMethod:1          ; Median3x3 postfilering method]]
[2020.02.06-21.34.42:001][  0]LogConfig: Setting CVar [[r.DOF.Gather.EnableBokehSettings:0       ; no bokeh simulation when gathering]]
[2020.02.06-21.34.42:001][  0]LogConfig: Setting CVar [[r.DOF.Gather.RingCount:4                 ; medium number of samples when gathering]]
[2020.02.06-21.34.42:001][  0]LogConfig: Setting CVar [[r.DOF.Scatter.ForegroundCompositing:1    ; additive foreground scattering]]
[2020.02.06-21.34.42:001][  0]LogConfig: Setting CVar [[r.DOF.Scatter.BackgroundCompositing:2    ; additive background scattering]]
[2020.02.06-21.34.42:001][  0]LogConfig: Setting CVar [[r.DOF.Scatter.EnableBokehSettings:1      ; bokeh simulation when scattering]]
[2020.02.06-21.34.42:001][  0]LogConfig: Setting CVar [[r.DOF.Scatter.MaxSpriteRatio:0.1         ; only a maximum of 10% of scattered bokeh]]
[2020.02.06-21.34.42:001][  0]LogConfig: Setting CVar [[r.DOF.Recombine.Quality:1                ; cheap slight out of focus]]
[2020.02.06-21.34.42:001][  0]LogConfig: Setting CVar [[r.DOF.Recombine.EnableBokehSettings:0    ; no bokeh simulation on slight out of focus]]
[2020.02.06-21.34.42:001][  0]LogConfig: Setting CVar [[r.DOF.TemporalAAQuality:1                ; more stable temporal accumulation]]
[2020.02.06-21.34.42:001][  0]LogConfig: Setting CVar [[r.DOF.Kernel.MaxForegroundRadius:0.025]]
[2020.02.06-21.34.42:002][  0]LogConfig: Setting CVar [[r.DOF.Kernel.MaxBackgroundRadius:0.025]]
[2020.02.06-21.34.42:002][  0]LogConfig: Applying CVar settings from Section [TextureQuality@3] File [C:/Users/S0unds0fS1lence/Desktop/GAM218_Repo/Saved/Config/Windows/Scalability.ini]
[2020.02.06-21.34.42:002][  0]LogConfig: Setting CVar [[r.Streaming.MipBias:0]]
[2020.02.06-21.34.42:002][  0]LogConfig: Setting CVar [[r.Streaming.AmortizeCPUToGPUCopy:0]]
[2020.02.06-21.34.42:002][  0]LogConfig: Setting CVar [[r.Streaming.MaxNumTexturesToStreamPerFrame:0]]
[2020.02.06-21.34.42:002][  0]LogConfig: Setting CVar [[r.Streaming.Boost:1]]
[2020.02.06-21.34.42:002][  0]LogConfig: Setting CVar [[r.MaxAnisotropy:8]]
[2020.02.06-21.34.42:002][  0]LogConfig: Setting CVar [[r.VT.MaxAnisotropy:8]]
[2020.02.06-21.34.42:002][  0]LogConfig: Setting CVar [[r.Streaming.LimitPoolSizeToVRAM:0]]
[2020.02.06-21.34.42:002][  0]LogConfig: Setting CVar [[r.Streaming.PoolSize:1000]]
[2020.02.06-21.34.42:002][  0]LogConfig: Setting CVar [[r.Streaming.MaxEffectiveScreenSize:0]]
[2020.02.06-21.34.42:002][  0]LogConfig: Applying CVar settings from Section [EffectsQuality@3] File [C:/Users/S0unds0fS1lence/Desktop/GAM218_Repo/Saved/Config/Windows/Scalability.ini]
[2020.02.06-21.34.42:002][  0]LogConfig: Setting CVar [[r.TranslucencyLightingVolumeDim:64]]
[2020.02.06-21.34.42:002][  0]LogConfig: Setting CVar [[r.RefractionQuality:2]]
[2020.02.06-21.34.42:002][  0]LogConfig: Setting CVar [[r.SSR.Quality:3]]
[2020.02.06-21.34.42:002][  0]LogConfig: Setting CVar [[r.SSR.HalfResSceneColor:0]]
[2020.02.06-21.34.42:002][  0]LogConfig: Setting CVar [[r.SceneColorFormat:4]]
[2020.02.06-21.34.42:002][  0]LogConfig: Setting CVar [[r.DetailMode:2]]
[2020.02.06-21.34.42:002][  0]LogConfig: Setting CVar [[r.TranslucencyVolumeBlur:1]]
[2020.02.06-21.34.42:002][  0]LogConfig: Setting CVar [[r.MaterialQualityLevel:1 ; High quality]]
[2020.02.06-21.34.42:002][  0]LogConfig: Setting CVar [[r.SSS.Scale:1]]
[2020.02.06-21.34.42:002][  0]LogConfig: Setting CVar [[r.SSS.SampleSet:2]]
[2020.02.06-21.34.42:002][  0]LogConfig: Setting CVar [[r.SSS.Quality:1]]
[2020.02.06-21.34.42:002][  0]LogConfig: Setting CVar [[r.SSS.HalfRes:1]]
[2020.02.06-21.34.42:002][  0]LogConfig: Setting CVar [[r.SSGI.Quality:3]]
[2020.02.06-21.34.42:002][  0]LogConfig: Setting CVar [[r.EmitterSpawnRateScale:1.0]]
[2020.02.06-21.34.42:002][  0]LogConfig: Setting CVar [[r.ParticleLightQuality:2]]
[2020.02.06-21.34.42:002][  0]LogConfig: Setting CVar [[r.SkyAtmosphere.AerialPerspectiveLUT.FastApplyOnOpaque:1 ; Always have FastSkyLUT 1 in this case to avoid wrong sky]]
[2020.02.06-21.34.42:002][  0]LogConfig: Setting CVar [[r.SkyAtmosphere.AerialPerspectiveLUT.SampleCountPerSlice:1]]
[2020.02.06-21.34.42:002][  0]LogConfig: Setting CVar [[r.SkyAtmosphere.AerialPerspectiveLUT.DepthResolution:16.0]]
[2020.02.06-21.34.42:002][  0]LogConfig: Setting CVar [[r.SkyAtmosphere.FastSkyLUT:1]]
[2020.02.06-21.34.42:002][  0]LogConfig: Setting CVar [[r.SkyAtmosphere.FastSkyLUT.SampleCountMin:4.0]]
[2020.02.06-21.34.42:002][  0]LogConfig: Setting CVar [[r.SkyAtmosphere.FastSkyLUT.SampleCountMax:32.0]]
[2020.02.06-21.34.42:002][  0]LogConfig: Setting CVar [[r.SkyAtmosphere.SampleCountMin:4.0]]
[2020.02.06-21.34.42:002][  0]LogConfig: Setting CVar [[r.SkyAtmosphere.SampleCountMax:32.0]]
[2020.02.06-21.34.42:002][  0]LogConfig: Setting CVar [[r.SkyAtmosphere.TransmittanceLUT.UseSmallFormat:0]]
[2020.02.06-21.34.42:002][  0]LogConfig: Setting CVar [[r.SkyAtmosphere.TransmittanceLUT.SampleCount:10.0]]
[2020.02.06-21.34.42:002][  0]LogConfig: Setting CVar [[r.SkyAtmosphere.MultiScatteringLUT.SampleCount:15.0]]
[2020.02.06-21.34.42:002][  0]LogConfig: Applying CVar settings from Section [FoliageQuality@3] File [C:/Users/S0unds0fS1lence/Desktop/GAM218_Repo/Saved/Config/Windows/Scalability.ini]
[2020.02.06-21.34.42:002][  0]LogConfig: Setting CVar [[foliage.DensityScale:1.0]]
[2020.02.06-21.34.42:002][  0]LogConfig: Setting CVar [[grass.DensityScale:1.0]]
[2020.02.06-21.34.42:002][  0]LogConfig: Applying CVar settings from Section [ShadingQuality@3] File [C:/Users/S0unds0fS1lence/Desktop/GAM218_Repo/Saved/Config/Windows/Scalability.ini]
[2020.02.06-21.34.42:002][  0]LogConfig: Setting CVar [[r.HairStrands.SkyLighting.SampleCount:16]]
[2020.02.06-21.34.42:002][  0]LogConfig: Setting CVar [[r.HairStrands.SkyLighting.JitterIntegration:0]]
[2020.02.06-21.34.42:002][  0]LogConfig: Setting CVar [[r.HairStrands.SkyAO.SampleCount:16]]
[2020.02.06-21.34.42:002][  0]LogConfig: Applying CVar settings from Section [Startup] File [../../../Engine/Config/ConsoleVariables.ini]
[2020.02.06-21.34.42:004][  0]LogConfig: Setting CVar [[net.UseAdaptiveNetUpdateFrequency:0]]
[2020.02.06-21.34.42:004][  0]LogConfig: Setting CVar [[p.chaos.AllowCreatePhysxBodies:1]]
[2020.02.06-21.34.42:004][  0]LogConfig: Applying CVar settings from Section [ConsoleVariables] File [C:/Users/S0unds0fS1lence/Desktop/GAM218_Repo/Saved/Config/Windows/Engine.ini]
[2020.02.06-21.34.42:005][  0]LogInit: Computer: S0UNDSPC
[2020.02.06-21.34.42:005][  0]LogInit: User: S0unds0fS1lence
[2020.02.06-21.34.42:005][  0]LogInit: CPU Page size=4096, Cores=6
[2020.02.06-21.34.42:005][  0]LogInit: High frequency timer resolution =10.000000 MHz
[2020.02.06-21.34.42:005][  0]LogMemory: Memory total: Physical=7.8GB (8GB approx)
[2020.02.06-21.34.42:005][  0]LogMemory: Platform Memory Stats for Windows
[2020.02.06-21.34.42:005][  0]LogMemory: Process Physical Memory: 109.26 MB used, 109.26 MB peak
[2020.02.06-21.34.42:005][  0]LogMemory: Process Virtual Memory: 101.73 MB used, 101.73 MB peak
[2020.02.06-21.34.42:005][  0]LogMemory: Physical Memory: 6654.33 MB used,  1331.95 MB free, 7986.28 MB total
[2020.02.06-21.34.42:005][  0]LogMemory: Virtual Memory: 5159.80 MB used,  134212568.00 MB free, 134217728.00 MB total
[2020.02.06-21.34.42:012][  0]LogWindows: WindowsPlatformFeatures enabled
[2020.02.06-21.34.42:182][  0]LogInit: Using OS detected language (en-US).
[2020.02.06-21.34.42:182][  0]LogInit: Using OS detected locale (en-US).
[2020.02.06-21.34.42:185][  0]LogTextLocalizationManager: No specific localization for 'en-US' exists, so the 'en' localization will be used.
[2020.02.06-21.34.42:464][  0]LogInit: Setting process to per monitor DPI aware
[2020.02.06-21.34.42:499][  0]LogSlate: New Slate User Created.  User Index 0, Is Virtual User: 0
[2020.02.06-21.34.42:499][  0]LogSlate: Slate User Registered.  User Index 0, Is Virtual User: 0
[2020.02.06-21.34.42:878][  0]LogHMD: Failed to initialize OpenVR with code 110
[2020.02.06-21.34.42:878][  0]LogD3D11RHI: D3D11 min allowed feature level: 11_0
[2020.02.06-21.34.42:878][  0]LogD3D11RHI: D3D11 max allowed feature level: 11_0
[2020.02.06-21.34.42:878][  0]LogD3D11RHI: D3D11 adapters:
[2020.02.06-21.34.42:991][  0]LogD3D11RHI:    0. 'NVIDIA GeForce GTX 1050 Ti' (Feature Level 11_0)
[2020.02.06-21.34.42:991][  0]LogD3D11RHI:       4018/0/3993 MB DedicatedVideo/DedicatedSystem/SharedSystem, Outputs:1, VendorId:0x10de
[2020.02.06-21.34.43:007][  0]LogD3D11RHI:    1. 'Intel(R) UHD Graphics 630' (Feature Level 11_0)
[2020.02.06-21.34.43:007][  0]LogD3D11RHI:       128/0/3993 MB DedicatedVideo/DedicatedSystem/SharedSystem, Outputs:0, VendorId:0x8086
[2020.02.06-21.34.43:018][  0]LogD3D11RHI:    2. 'Microsoft Basic Render Driver' (Feature Level 11_0)
[2020.02.06-21.34.43:018][  0]LogD3D11RHI:       0/0/3993 MB DedicatedVideo/DedicatedSystem/SharedSystem, Outputs:0, VendorId:0x1414
[2020.02.06-21.34.43:018][  0]LogD3D11RHI: Chosen D3D11 Adapter: 0
[2020.02.06-21.34.43:075][  0]LogD3D11RHI: Creating new Direct3DDevice
[2020.02.06-21.34.43:075][  0]LogD3D11RHI:     GPU DeviceId: 0x1c8c (for the marketing name, search the web for "GPU Device Id")
[2020.02.06-21.34.43:075][  0]LogWindows: EnumDisplayDevices:
[2020.02.06-21.34.43:075][  0]LogWindows:    0. 'Intel(R) UHD Graphics 630' (P:1 D:1)
[2020.02.06-21.34.43:076][  0]LogWindows:    1. 'Intel(R) UHD Graphics 630' (P:0 D:0)
[2020.02.06-21.34.43:076][  0]LogWindows:    2. 'Intel(R) UHD Graphics 630' (P:0 D:0)
[2020.02.06-21.34.43:076][  0]LogWindows:    3. 'NVIDIA GeForce GTX 1050 Ti' (P:0 D:0)
[2020.02.06-21.34.43:076][  0]LogWindows: DebugString: PrimaryIsNotTheChoosenAdapter PrimaryIsNotTheChoosenAdapter PrimaryIsNotTheChoosenAdapter 
[2020.02.06-21.34.43:076][  0]LogD3D11RHI:     Adapter Name: NVIDIA GeForce GTX 1050 Ti
[2020.02.06-21.34.43:076][  0]LogD3D11RHI:   Driver Version: 442.19 (internal:26.21.14.4219, unified:442.19)
[2020.02.06-21.34.43:076][  0]LogD3D11RHI:      Driver Date: 1-29-2020
[2020.02.06-21.34.43:076][  0]LogRHI: Texture pool is 2812 MB (70% of 4018 MB)
[2020.02.06-21.34.43:158][  0]LogD3D11RHI: RHI has support for 64 bit atomics
[2020.02.06-21.34.43:158][  0]LogD3D11RHI: Async texture creation enabled
[2020.02.06-21.34.43:171][  0]LogD3D11RHI: GPU Timing Frequency: 1000.000000 (Debug: 2 1)
[2020.02.06-21.34.43:664][  0]LogTargetPlatformManager: Display: Loaded TargetPlatform 'AllDesktop'
[2020.02.06-21.34.43:713][  0]LogTargetPlatformManager: Display: Loaded TargetPlatform 'Android'
[2020.02.06-21.34.43:713][  0]LogTargetPlatformManager: Display: Loaded TargetPlatform 'Android_ASTC'
[2020.02.06-21.34.43:713][  0]LogTargetPlatformManager: Display: Loaded TargetPlatform 'Android_ATC'
[2020.02.06-21.34.43:713][  0]LogTargetPlatformManager: Display: Loaded TargetPlatform 'Android_DXT'
[2020.02.06-21.34.43:713][  0]LogTargetPlatformManager: Display: Loaded TargetPlatform 'Android_ETC1'
[2020.02.06-21.34.43:713][  0]LogTargetPlatformManager: Display: Loaded TargetPlatform 'Android_ETC1a'
[2020.02.06-21.34.43:713][  0]LogTargetPlatformManager: Display: Loaded TargetPlatform 'Android_ETC2'
[2020.02.06-21.34.43:713][  0]LogTargetPlatformManager: Display: Loaded TargetPlatform 'Android_PVRTC'
[2020.02.06-21.34.43:713][  0]LogTargetPlatformManager: Display: Loaded TargetPlatform 'AndroidClient'
[2020.02.06-21.34.43:713][  0]LogTargetPlatformManager: Display: Loaded TargetPlatform 'Android_ASTCClient'
[2020.02.06-21.34.43:713][  0]LogTargetPlatformManager: Display: Loaded TargetPlatform 'Android_ATCClient'
[2020.02.06-21.34.43:713][  0]LogTargetPlatformManager: Display: Loaded TargetPlatform 'Android_DXTClient'
[2020.02.06-21.34.43:713][  0]LogTargetPlatformManager: Display: Loaded TargetPlatform 'Android_ETC1Client'
[2020.02.06-21.34.43:713][  0]LogTargetPlatformManager: Display: Loaded TargetPlatform 'Android_ETC1aClient'
[2020.02.06-21.34.43:713][  0]LogTargetPlatformManager: Display: Loaded TargetPlatform 'Android_ETC2Client'
[2020.02.06-21.34.43:713][  0]LogTargetPlatformManager: Display: Loaded TargetPlatform 'Android_PVRTCClient'
[2020.02.06-21.34.43:713][  0]LogTargetPlatformManager: Display: Loaded TargetPlatform 'Android_Multi'
[2020.02.06-21.34.43:713][  0]LogTargetPlatformManager: Display: Loaded TargetPlatform 'Android_MultiClient'
[2020.02.06-21.34.43:745][  0]LogTargetPlatformManager: Display: Loaded TargetPlatform 'IOSClient'
[2020.02.06-21.34.43:745][  0]LogTargetPlatformManager: Display: Loaded TargetPlatform 'IOS'
[2020.02.06-21.34.43:754][  0]LogTargetPlatformManager: Display: Loaded TargetPlatform 'LinuxNoEditor'
[2020.02.06-21.34.43:761][  0]LogTargetPlatformManager: Display: Loaded TargetPlatform 'LinuxClient'
[2020.02.06-21.34.43:776][  0]LogTargetPlatformManager: Display: Loaded TargetPlatform 'LinuxServer'
[2020.02.06-21.34.43:789][  0]LogTargetPlatformManager: Display: Loaded TargetPlatform 'LinuxAArch64NoEditor'
[2020.02.06-21.34.43:796][  0]LogTargetPlatformManager: Display: Loaded TargetPlatform 'LinuxAArch64Client'
[2020.02.06-21.34.43:803][  0]LogTargetPlatformManager: Display: Loaded TargetPlatform 'LinuxAArch64Server'
[2020.02.06-21.34.43:839][  0]LogTargetPlatformManager: Display: Loaded TargetPlatform 'Lumin'
[2020.02.06-21.34.43:839][  0]LogTargetPlatformManager: Display: Loaded TargetPlatform 'LuminClient'
[2020.02.06-21.34.43:865][  0]LogTargetPlatformManager: Display: Loaded TargetPlatform 'TVOSClient'
[2020.02.06-21.34.43:866][  0]LogTargetPlatformManager: Display: Loaded TargetPlatform 'TVOS'
[2020.02.06-21.34.43:877][  0]LogTargetPlatformManager: Display: Loaded TargetPlatform 'WindowsNoEditor'
[2020.02.06-21.34.43:885][  0]LogTargetPlatformManager: Display: Loaded TargetPlatform 'Windows'
[2020.02.06-21.34.43:898][  0]LogTargetPlatformManager: Display: Loaded TargetPlatform 'WindowsClient'
[2020.02.06-21.34.43:912][  0]LogTargetPlatformManager: Display: Loaded TargetPlatform 'WindowsServer'
[2020.02.06-21.34.43:912][  0]LogTargetPlatformManager: Display: Building Assets For Windows
[2020.02.06-21.34.43:916][  0]LogAudioDebug: Display: Lib vorbis DLL was dynamically loaded.
[2020.02.06-21.34.43:955][  0]LogShaderCompilers: Guid format shader working directory is 11 characters bigger than the processId version (C:/Users/S0unds0fS1lence/Desktop/GAM218_Repo/Intermediate/Shaders/WorkingDirectory/18724/).
[2020.02.06-21.34.43:955][  0]LogShaderCompilers: Cleaned the shader compiler working directory 'C:/Users/S0unds0fS1lence/AppData/Local/Temp/UnrealShaderWorkingDir/AF4CAE24480A03C2B3B129B901E1085C/'.
[2020.02.06-21.34.43:956][  0]LogXGEController: Cannot use XGE Controller as Incredibuild is not installed on this machine.
[2020.02.06-21.34.43:956][  0]LogShaderCompilers: Cannot use XGE Shader Compiler as Incredibuild is not installed on this machine.
[2020.02.06-21.34.43:956][  0]LogShaderCompilers: Display: Using Local Shader Compiler.
[2020.02.06-21.34.44:823][  0]LogDerivedDataCache: Display: Max Cache Size: 512 MB
[2020.02.06-21.34.44:951][  0]LogDerivedDataCache: Loaded boot cache 0.13s 98MB C:/Users/S0unds0fS1lence/AppData/Local/UnrealEngine/4.24/DerivedDataCache/Boot.ddc.
[2020.02.06-21.34.44:952][  0]LogDerivedDataCache: Display: Loaded Boot cache: C:/Users/S0unds0fS1lence/AppData/Local/UnrealEngine/4.24/DerivedDataCache/Boot.ddc
[2020.02.06-21.34.44:952][  0]LogDerivedDataCache: FDerivedDataBackendGraph:  Pak pak cache file C:/Users/S0unds0fS1lence/Desktop/GAM218_Repo/DerivedDataCache/DDC.ddp not found, will not use a pak cache.
[2020.02.06-21.34.44:952][  0]LogDerivedDataCache: Unable to find inner node Pak for hierarchical cache Hierarchy.
[2020.02.06-21.34.44:952][  0]LogDerivedDataCache: FDerivedDataBackendGraph:  CompressedPak pak cache file C:/Users/S0unds0fS1lence/Desktop/GAM218_Repo/DerivedDataCache/Compressed.ddp not found, will not use a pak cache.
[2020.02.06-21.34.44:952][  0]LogDerivedDataCache: Unable to find inner node CompressedPak for hierarchical cache Hierarchy.
[2020.02.06-21.34.44:963][  0]LogDerivedDataCache: Display: Pak cache opened for reading ../../../Engine/DerivedDataCache/Compressed.ddp.
[2020.02.06-21.34.44:964][  0]LogDerivedDataCache: FDerivedDataBackendGraph:  EnterprisePak pak cache file ../../../Enterprise/DerivedDataCache/Compressed.ddp not found, will not use a pak cache.
[2020.02.06-21.34.44:964][  0]LogDerivedDataCache: Unable to find inner node EnterprisePak for hierarchical cache Hierarchy.
[2020.02.06-21.34.44:965][  0]LogDerivedDataCache: Using Local data cache path C:/Users/S0unds0fS1lence/AppData/Local/UnrealEngine/Common/DerivedDataCache: Writable
[2020.02.06-21.34.44:965][  0]LogDerivedDataCache: Shared data cache path not found in *engine.ini, will not use an Shared cache.
[2020.02.06-21.34.44:965][  0]LogDerivedDataCache: Unable to find inner node Shared for hierarchical cache Hierarchy.
[2020.02.06-21.34.44:998][  0]LogMaterial: Verifying Global Shaders for PCD3D_SM5
[2020.02.06-21.34.45:000][  0]LogSlate: Using FreeType 2.10.0
[2020.02.06-21.34.45:001][  0]LogSlate: SlateFontServices - WITH_FREETYPE: 1, WITH_HARFBUZZ: 1
[2020.02.06-21.34.45:082][  0]LogAssetRegistry: FAssetRegistry took 0.0022 seconds to start up
[2020.02.06-21.34.45:473][  0]LogInit: Selected Device Profile: [Windows]
[2020.02.06-21.34.45:679][  0]LogMeshReduction: Using QuadricMeshReduction for automatic static mesh reduction
[2020.02.06-21.34.45:679][  0]LogMeshReduction: Using SimplygonMeshReduction for automatic skeletal mesh reduction
[2020.02.06-21.34.45:679][  0]LogMeshReduction: Using ProxyLODMeshReduction for automatic mesh merging
[2020.02.06-21.34.45:679][  0]LogMeshReduction: No distributed automatic mesh merging module available
[2020.02.06-21.34.45:679][  0]LogMeshMerging: No distributed automatic mesh merging module available
[2020.02.06-21.34.45:704][  0]LogNetVersion: Space_Enforcers 1.0.0, NetCL: 10570792, EngineNetVer: 13, GameNetVer: 0 (Checksum: 111805191)
[2020.02.06-21.34.47:801][  0]LogPackageLocalizationCache: Processed 10 localized package path(s) for 1 prioritized culture(s) in 0.081293 seconds
[2020.02.06-21.34.47:810][  0]LogUObjectArray: 46750 objects as part of root set at end of initial load.
[2020.02.06-21.34.47:810][  0]LogUObjectAllocator: 8137160 out of 0 bytes used by permanent object pool.
[2020.02.06-21.34.47:810][  0]LogUObjectArray: CloseDisregardForGC: 0/0 objects in disregard for GC pool
[2020.02.06-21.34.48:789][  0]LogTcpMessaging: Initializing TcpMessaging bridge
[2020.02.06-21.34.48:794][  0]LogUdpMessaging: Initializing bridge on interface 0.0.0.0:0 to multicast group 230.0.0.1:6666.
[2020.02.06-21.34.48:978][  0]SourceControl: Source control is disabled
[2020.02.06-21.34.48:979][  0]SourceControl: Source control is disabled
[2020.02.06-21.34.48:987][  0]SourceControl: Source control is disabled
[2020.02.06-21.34.48:989][  0]SourceControl: Source control is disabled
[2020.02.06-21.34.48:991][  0]SourceControl: Source control is disabled
[2020.02.06-21.34.49:273][  0]LogAndroidPermission: UAndroidPermissionCallbackProxy::GetInstance
[2020.02.06-21.34.49:301][  0]LogAudioCaptureCore: Display: No Audio Capture implementations found. Audio input will be silent.
[2020.02.06-21.34.49:301][  0]LogAudioCaptureCore: Display: No Audio Capture implementations found. Audio input will be silent.
[2020.02.06-21.34.49:542][  0]LogOcInput: OculusInput pre-init called
[2020.02.06-21.34.49:551][  0]LogWindows: Failed to load 'OVRPlugin.dll' (GetLastError=126)
[2020.02.06-21.34.49:551][  0]LogWindows: File 'OVRPlugin.dll' does not exist
[2020.02.06-21.34.49:678][  0]LogEngine: Initializing Engine...
[2020.02.06-21.34.49:686][  0]LogHMD: Failed to initialize OpenVR with code 110
[2020.02.06-21.34.49:688][  0]LogStats: UGameplayTagsManager::InitializeManager -  0.000 s
[2020.02.06-21.34.50:550][  0]LogInit: Initializing FReadOnlyCVARCache
[2020.02.06-21.34.50:586][  0]LogAIModule: Creating AISystem for world Untitled
[2020.02.06-21.34.50:639][  0]LogAudioMixer: Display: Audio Mixer Platform Settings:
[2020.02.06-21.34.50:639][  0]LogAudioMixer: Display: 	Sample Rate:						  48000
[2020.02.06-21.34.50:639][  0]LogAudioMixer: Display: 	Callback Buffer Frame Size Requested: 1024
[2020.02.06-21.34.50:639][  0]LogAudioMixer: Display: 	Callback Buffer Frame Size To Use:	  1024
[2020.02.06-21.34.50:639][  0]LogAudioMixer: Display: 	Number of buffers to queue:			  2
[2020.02.06-21.34.50:639][  0]LogAudioMixer: Display: 	Max Channels (voices):				  32
[2020.02.06-21.34.50:639][  0]LogAudioMixer: Display: 	Number of Async Source Workers:		  0
[2020.02.06-21.34.50:639][  0]LogAudio: Display: AudioDevice MaxSources: 32
[2020.02.06-21.34.50:640][  0]LogAudio: Display: Using built-in audio occlusion.
[2020.02.06-21.34.50:640][  0]LogAudioMixer: Display: Initializing audio mixer.
[2020.02.06-21.34.50:677][  0]LogAudioMixer: Display: Audio Device Output Speaker Info:
[2020.02.06-21.34.50:677][  0]LogAudioMixer: Display: Name: Computer Speakers (Realtek(R) Audio)
[2020.02.06-21.34.50:677][  0]LogAudioMixer: Display: Is Default: Yes
[2020.02.06-21.34.50:677][  0]LogAudioMixer: Display: Sample Rate: 48000
[2020.02.06-21.34.50:677][  0]LogAudioMixer: Display: Channel Count Used: 2
[2020.02.06-21.34.50:677][  0]LogAudioMixer: Display: Device Channel Count: 2
[2020.02.06-21.34.50:677][  0]LogAudioMixer: Display: Channel Order:
[2020.02.06-21.34.50:677][  0]LogAudioMixer: Display: 0: FrontLeft
[2020.02.06-21.34.50:677][  0]LogAudioMixer: Display: 1: FrontRight
[2020.02.06-21.34.50:720][  0]LogAudioMixer: Display: Using Audio Device Computer Speakers (Realtek(R) Audio)
[2020.02.06-21.34.50:745][  0]LogInit: FAudioDevice initialized.
[2020.02.06-21.34.50:746][  0]LogNetVersion: Set ProjectVersion to 1.0.0.0. Version Checksum will be recalculated on next use.
[2020.02.06-21.34.51:258][  0]LogDerivedDataCache: Saved boot cache 0.51s 99MB C:/Users/S0unds0fS1lence/AppData/Local/UnrealEngine/4.24/DerivedDataCache/Boot.ddc.
[2020.02.06-21.34.51:271][  0]LogInit: Texture streaming: Enabled
[2020.02.06-21.34.51:313][  0]LogEngineSessionManager: EngineSessionManager initialized
[2020.02.06-21.34.51:313][  0]LogEditorSessionSummary: Verbose: Initializing EditorSessionSummaryWriter for editor session tracking
[2020.02.06-21.34.51:328][  0]LogEditorSessionSummary: EditorSessionSummaryWriter initialized
[2020.02.06-21.34.51:526][  0]LogInit: Transaction tracking system initialized
[2020.02.06-21.34.51:569][  0]BlueprintLog: New page: Editor Load
[2020.02.06-21.34.51:696][  0]LocalizationService: Localization service is disabled
[2020.02.06-21.34.53:063][  0]LogCook: Display: Max memory allowance for cook 16384mb min free memory 0mb
[2020.02.06-21.34.53:064][  0]LogCook: Display: Mobile HDR setting 1
[2020.02.06-21.34.53:351][  0]LogFileCache: Scanning file cache for directory 'C:/Users/S0unds0fS1lence/Desktop/GAM218_Repo/Content/' took 0.02s
[2020.02.06-21.34.54:457][  0]SourceControl: Source control is disabled
[2020.02.06-21.34.54:457][  0]Cmd: MAP LOAD FILE="C:/Users/S0unds0fS1lence/Desktop/GAM218_Repo/Content/FirstPersonBP/Maps/FirstPersonExampleMap.umap" TEMPLATE=0 SHOWPROGRESS=1 FEATURELEVEL=3
[2020.02.06-21.34.54:457][  0]LogEditorServer: Warning: Can't find file 'C:/Users/S0unds0fS1lence/Desktop/GAM218_Repo/Content/FirstPersonBP/Maps/FirstPersonExampleMap.umap'
[2020.02.06-21.34.54:457][  0]Cmd: MAP CHECKDEP NOCLEARLOG
[2020.02.06-21.34.54:458][  0]MapCheck: Map check complete: 0 Error(s), 0 Warning(s), took 0.181ms to complete.
[2020.02.06-21.34.54:458][  0]LogFileHelpers: Loading map 'FirstPersonExampleMap' took 0.001
[2020.02.06-21.34.55:804][  0]LogSlate: Updating window title bar state: overlay mode, drag disabled, window buttons hidden, title bar hidden
[2020.02.06-21.34.55:819][  0]LogSlate: Updating window title bar state: overlay mode, drag disabled, window buttons hidden, title bar hidden
[2020.02.06-21.34.55:825][  0]LogSlate: Updating window title bar state: overlay mode, drag disabled, window buttons hidden, title bar hidden
[2020.02.06-21.34.55:831][  0]LogSlate: Updating window title bar state: overlay mode, drag disabled, window buttons hidden, title bar hidden
[2020.02.06-21.34.56:011][  0]LogCollectionManager: Loaded 0 collections in 0.001450 seconds
[2020.02.06-21.34.56:324][  0]LogFileCache: Scanning file cache for directory 'C:/Users/S0unds0fS1lence/Desktop/GAM218_Repo/Saved/Collections/' took 0.00s
[2020.02.06-21.34.56:324][  0]LogFileCache: Scanning file cache for directory 'C:/Users/S0unds0fS1lence/Desktop/GAM218_Repo/Content/Developers/S0unds0fS1lence/Collections/' took 0.00s
[2020.02.06-21.34.56:324][  0]LogFileCache: Scanning file cache for directory 'C:/Users/S0unds0fS1lence/Desktop/GAM218_Repo/Content/Collections/' took 0.00s
[2020.02.06-21.34.56:324][  0]LogContentBrowser: Native class hierarchy populated in 0.0096 seconds. Added 3015 classes and 717 folders.
[2020.02.06-21.34.56:515][  0]LogContentBrowser: Native class hierarchy updated for 'WidgetCarousel' in 0.0009 seconds. Added 0 classes and 0 folders.
[2020.02.06-21.34.59:124][  0]LogContentBrowser: Native class hierarchy updated for 'AddContentDialog' in 0.0002 seconds. Added 0 classes and 0 folders.
[2020.02.06-21.34.59:340][  0]LogContentBrowser: Native class hierarchy updated for 'SceneOutliner' in 0.0003 seconds. Added 2 classes and 3 folders.
[2020.02.06-21.35.00:279][  0]LogSlate: Took 0.000270 seconds to synchronously load lazily loaded font '../../../Engine/Content/Slate/Fonts/Roboto-Regular.ttf' (155K)
[2020.02.06-21.35.00:295][  0]LogSlate: Took 0.000206 seconds to synchronously load lazily loaded font '../../../Engine/Content/Slate/Fonts/Roboto-Bold.ttf' (160K)
[2020.02.06-21.35.00:418][  0]LogSlate: Took 0.009407 seconds to synchronously load lazily loaded font '../../../Engine/Content/Editor/Slate/Fonts/FontAwesome.ttf' (139K)
[2020.02.06-21.35.01:315][  0]LogRenderer: Reallocating scene render targets to support 912x432 Format 10 NumSamples 1 (Frame:1).
[2020.02.06-21.35.01:998][  0]LogContentBrowser: Native class hierarchy updated for 'HierarchicalLODOutliner' in 0.0003 seconds. Added 0 classes and 0 folders.
[2020.02.06-21.35.01:998][  0]LogLoad: (Engine Initialization) Total time: 65.92 seconds
[2020.02.06-21.35.01:998][  0]LogLoad: (Engine Initialization) Total Blueprint compile time: 0.00 seconds
[2020.02.06-21.35.02:203][  0]LogContentStreaming: Texture pool size now 1000 MB
[2020.02.06-21.35.02:298][  1]LogAssetRegistry: Asset discovery search completed in 17.2170 seconds
[2020.02.06-21.35.02:300][  1]LogCollectionManager: Fixed up redirectors for 0 collections in 0.000006 seconds (updated 0 objects)
[2020.02.06-21.35.06:512][ 13]LogSlate: Took 0.020088 seconds to synchronously load lazily loaded font '../../../Engine/Content/Slate/Fonts/Roboto-Light.ttf' (167K)
[2020.02.06-21.35.34:930][148]LogSlate: Took 0.000192 seconds to synchronously load lazily loaded font '../../../Engine/Content/Slate/Fonts/Roboto-Light.ttf' (167K)
[2020.02.06-21.35.37:785][148]LogAIModule: Creating AISystem for world MainLevel
[2020.02.06-21.35.38:005][148]PIE: Warning: AttachTo: '/Game/FirstPersonBP/Maps/MainLevel.MainLevel:PersistentLevel.SecondDoor_BP_2.DefaultSceneRoot' is not static  (in blueprint "InputDoor_BP"), cannot attach '/Game/FirstPersonBP/Maps/MainLevel.MainLevel:PersistentLevel.SecondDoor_BP_2.Lamp' which is static to it. Aborting.
[2020.02.06-21.35.38:006][148]PIE: Warning: AttachTo: '/Game/FirstPersonBP/Maps/MainLevel.MainLevel:PersistentLevel.SecondDoor_BP_2.DefaultSceneRoot' is not static  (in blueprint "InputDoor_BP"), cannot attach '/Game/FirstPersonBP/Maps/MainLevel.MainLevel:PersistentLevel.SecondDoor_BP_2.Pad' which is static to it. Aborting.
[2020.02.06-21.35.38:006][148]PIE: Warning: AttachTo: '/Game/FirstPersonBP/Maps/MainLevel.MainLevel:PersistentLevel.SecondDoor_BP_2.DefaultSceneRoot' is not static  (in blueprint "InputDoor_BP"), cannot attach '/Game/FirstPersonBP/Maps/MainLevel.MainLevel:PersistentLevel.SecondDoor_BP_2.Pad2' which is static to it. Aborting.
[2020.02.06-21.35.38:094][148]LogAssetEditorSubsystem: Opening Asset editor for World /Game/FirstPersonBP/Maps/MainLevel.MainLevel
[2020.02.06-21.35.38:288][148]LogUObjectHash: Compacting FUObjectHashTables data took   5.73ms
[2020.02.06-21.35.38:430][148]Cmd: MAP LOAD FILE="C:/Users/S0unds0fS1lence/Desktop/GAM218_Repo/Content/FirstPersonBP/Maps/MainLevel.umap" TEMPLATE=0 SHOWPROGRESS=1 FEATURELEVEL=3
[2020.02.06-21.35.38:431][148]LightingResults: New page: Lighting Build
[2020.02.06-21.35.38:535][148]LogContentBrowser: Native class hierarchy updated for 'StatsViewer' in 0.0003 seconds. Added 5 classes and 0 folders.
[2020.02.06-21.35.38:535][148]LoadErrors: New page: Loading map: MainLevel.umap
[2020.02.06-21.35.38:536][148]LogWorld: UWorld::CleanupWorld for Untitled, bSessionEnded=true, bCleanupResources=true
[2020.02.06-21.35.38:550][148]LogSlate: InvalidateAllWidgets triggered.  All widgets were invalidated
[2020.02.06-21.35.38:562][148]MapCheck: New page: Map Check
[2020.02.06-21.35.38:562][148]LightingResults: New page: Lighting Build
[2020.02.06-21.35.38:590][148]LogUObjectHash: Compacting FUObjectHashTables data took   1.49ms
[2020.02.06-21.35.38:875][148]PIE: Warning: AttachTo: '/Game/FirstPersonBP/Maps/MainLevel.MainLevel:PersistentLevel.SecondDoor_BP_2.DefaultSceneRoot' is not static  (in blueprint "InputDoor_BP"), cannot attach '/Game/FirstPersonBP/Maps/MainLevel.MainLevel:PersistentLevel.SecondDoor_BP_2.Lamp' which is static to it. Aborting.
[2020.02.06-21.35.38:876][148]PIE: Warning: AttachTo: '/Game/FirstPersonBP/Maps/MainLevel.MainLevel:PersistentLevel.SecondDoor_BP_2.DefaultSceneRoot' is not static  (in blueprint "InputDoor_BP"), cannot attach '/Game/FirstPersonBP/Maps/MainLevel.MainLevel:PersistentLevel.SecondDoor_BP_2.Pad' which is static to it. Aborting.
[2020.02.06-21.35.38:876][148]PIE: Warning: AttachTo: '/Game/FirstPersonBP/Maps/MainLevel.MainLevel:PersistentLevel.SecondDoor_BP_2.DefaultSceneRoot' is not static  (in blueprint "InputDoor_BP"), cannot attach '/Game/FirstPersonBP/Maps/MainLevel.MainLevel:PersistentLevel.SecondDoor_BP_2.Pad2' which is static to it. Aborting.
[2020.02.06-21.35.38:974][148]LogEditorServer: Finished looking for orphan Actors (0.000 secs)
[2020.02.06-21.35.39:027][148]LogUObjectHash: Compacting FUObjectHashTables data took   1.55ms
[2020.02.06-21.35.39:058][148]Cmd: MAP CHECKDEP NOCLEARLOG
[2020.02.06-21.35.39:058][148]MapCheck: Map check complete: 0 Error(s), 0 Warning(s), took 0.121ms to complete.
[2020.02.06-21.35.39:058][148]LogFileHelpers: Loading map 'MainLevel' took 0.751
[2020.02.06-21.36.30:475][436]Cmd: DELETE
[2020.02.06-21.36.30:502][436]Cmd: ACTOR DELETE
[2020.02.06-21.36.31:114][436]LogEditorActor: Deleted Actor: PointLight
[2020.02.06-21.36.31:147][436]LogUObjectHash: Compacting FUObjectHashTables data took   1.38ms
[2020.02.06-21.36.31:148][436]LogEditorActor: Deleted 1 Actors (0.290 secs)
[2020.02.06-21.36.43:309][ 66]LogEditorViewport: Clicking on Actor (LMB): StaticMeshActor (Roof)
[2020.02.06-21.36.46:666][186]LogEditorViewport: Clicking on Actor (LMB): StaticMeshActor (Floor)
[2020.02.06-21.37.11:554][638]LogEditorViewport: Clicking on Actor (LMB): StaticMeshActor (Cube)
[2020.02.06-21.37.11:643][639]LogEditorViewport: Clicking on Component (LMB): StaticMeshComponent (StaticMeshComponent0)
[2020.02.06-21.37.12:172][667]LogEditorViewport: Clicking on Component (LMB): StaticMeshComponent (StaticMeshComponent0)
[2020.02.06-21.37.12:983][714]LogEditorViewport: Clicking on Actor (LMB): BP_Sky_Sphere_C (SkySphereBlueprint)
[2020.02.06-21.37.14:960][819]LogEditorViewport: Clicking on Actor (LMB): StaticMeshActor (Floor)
[2020.02.06-21.37.55:709][238]Cmd: OBJ SAVEPACKAGE PACKAGE="/Game/FirstPersonBP/Maps/MainLevel" FILE="C:/Users/S0unds0fS1lence/Desktop/GAM218_Repo/Content/FirstPersonBP/Maps/MainLevel.umap" SILENT=true AUTOSAVING=false KEEPDIRTY=false
[2020.02.06-21.37.55:775][238]LogUObjectHash: Compacting FUObjectHashTables data took   1.55ms
[2020.02.06-21.37.57:258][238]LogSavePackage: Moving 'C:/Users/S0unds0fS1lence/Desktop/GAM218_Repo/Saved/MainLevel53A99CB24D2E3960A893C7876CA6180E.tmp' to 'C:/Users/S0unds0fS1lence/Desktop/GAM218_Repo/Content/FirstPersonBP/Maps/MainLevel.umap'
[2020.02.06-21.37.57:349][238]Cmd: OBJ SAVEPACKAGE PACKAGE="/Game/FirstPersonBP/Maps/MainLevel_BuiltData" FILE="C:/Users/S0unds0fS1lence/Desktop/GAM218_Repo/Content/FirstPersonBP/Maps/MainLevel_BuiltData.uasset" SILENT=true
[2020.02.06-21.37.57:739][238]LogSavePackage: Moving 'C:/Users/S0unds0fS1lence/Desktop/GAM218_Repo/Saved/MainLevel_BuiltData71DDF67A4F531E790F0291B2239A08D2.tmp' to 'C:/Users/S0unds0fS1lence/Desktop/GAM218_Repo/Content/FirstPersonBP/Maps/MainLevel_BuiltData.uasset'
[2020.02.06-21.37.57:782][238]AssetCheck: New page: Asset Save: multiple assets
[2020.02.06-21.37.57:782][238]LogContentValidation: Display: Validating World /Game/FirstPersonBP/Maps/MainLevel.MainLevel
[2020.02.06-21.37.57:782][238]LogContentValidation: Display: Validating MapBuildDataRegistry /Game/FirstPersonBP/Maps/MainLevel_BuiltData.MainLevel_BuiltData
[2020.02.06-21.38.00:313][321]PIE: Warning: AttachTo: '/Engine/Transient.World_5:PersistentLevel.InputDoor_BP_C_0.DefaultSceneRoot' is not static  (in blueprint "InputDoor_BP"), cannot attach '/Engine/Transient.World_5:PersistentLevel.InputDoor_BP_C_0.Lamp' which is static to it. Aborting.
[2020.02.06-21.38.00:313][321]PIE: Warning: AttachTo: '/Engine/Transient.World_5:PersistentLevel.InputDoor_BP_C_0.DefaultSceneRoot' is not static  (in blueprint "InputDoor_BP"), cannot attach '/Engine/Transient.World_5:PersistentLevel.InputDoor_BP_C_0.Pad' which is static to it. Aborting.
[2020.02.06-21.38.00:313][321]PIE: Warning: AttachTo: '/Engine/Transient.World_5:PersistentLevel.InputDoor_BP_C_0.DefaultSceneRoot' is not static  (in blueprint "InputDoor_BP"), cannot attach '/Engine/Transient.World_5:PersistentLevel.InputDoor_BP_C_0.Pad2' which is static to it. Aborting.
[2020.02.06-21.38.17:061][159]LogEditorViewport: Clicking on Actor (LMB): StaticMeshActor (Floor)
[2020.02.06-21.38.17:229][159]LogEditorViewport: Clicking on Component (LMB): StaticMeshComponent (StaticMeshComponent0)
[2020.02.06-21.38.18:553][233]LogEditorViewport: Clicking on Actor (LMB): Emitter (P_Fire)
[2020.02.06-21.38.33:388][113]LogEditorViewport: Clicking on Actor (LMB): StaticMeshActor (Cube2)
[2020.02.06-21.38.33:440][114]LogEditorViewport: Clicking on Component (LMB): StaticMeshComponent (StaticMeshComponent0)
[2020.02.06-21.38.34:397][170]LogEditorViewport: Clicking on Actor (LMB): Emitter (P_Fire)
[2020.02.06-21.38.41:231][571]LogEditorViewport: Clicking on Actor (LMB): StaticMeshActor (Cube2)
[2020.02.06-21.38.41:315][574]LogEditorViewport: Clicking on Component (LMB): StaticMeshComponent (StaticMeshComponent0)
[2020.02.06-21.38.42:250][629]LogEditorViewport: Clicking on Actor (LMB): Emitter (P_Fire)
[2020.02.06-21.39.14:030][527]Cmd: DELETE
[2020.02.06-21.39.14:030][527]Cmd: ACTOR DELETE
[2020.02.06-21.39.14:033][527]LogEditorActor: Deleted Actor: PointLight
[2020.02.06-21.39.14:059][527]LogUObjectHash: Compacting FUObjectHashTables data took   1.70ms
[2020.02.06-21.39.14:061][527]LogEditorActor: Deleted 1 Actors (0.030 secs)
[2020.02.06-21.39.31:198][545]LogEditorViewport: Clicking on Actor (LMB): BP_Sky_Sphere_C (SkySphereBlueprint)
[2020.02.06-21.39.32:897][645]LogEditorViewport: Clicking on Actor (LMB): DirectionalLight (DirectionalLight)
[2020.02.06-21.39.32:941][646]LogEditorViewport: Clicking on Component (LMB): DirectionalLightComponent (LightComponent0)
[2020.02.06-21.39.59:907][187]Cmd: BRUSH ADD SELECTNEWBRUSH
[2020.02.06-21.40.20:488][320]Cmd: EDCALLBACK SURFPROPS
[2020.02.06-21.40.37:118][251]Cmd: EDCALLBACK SURFPROPS
[2020.02.06-21.40.55:182][313]LogEditorViewport: Clicking on Actor (LMB): StaticMeshActor (Cube13)
[2020.02.06-21.40.55:334][313]LogEditorViewport: Clicking on Actor (LMB): StaticMeshActor (Cube13)
[2020.02.06-21.41.00:668][622]LogEditorViewport: Clicking on Actor (LMB): StaticMeshActor (Cube13)
[2020.02.06-21.41.00:709][623]LogEditorViewport: Clicking on Component (LMB): StaticMeshComponent (StaticMeshComponent0)
[2020.02.06-21.42.19:105][316]LogEditorViewport: Clicking on Actor (LMB): StaticMeshActor (Cube13)
[2020.02.06-21.42.19:151][317]LogEditorViewport: Clicking on Component (LMB): StaticMeshComponent (StaticMeshComponent0)
[2020.02.06-21.42.25:958][713]LogActorFactory: Actor Factory created Cube
[2020.02.06-21.42.27:332][795]LogActorFactory: Actor Factory created Cube
[2020.02.06-21.42.33:615][169]LogEditorViewport: Clicking on Actor (LMB): StaticMeshActor (Cube21)
[2020.02.06-21.42.40:520][579]LogEditorViewport: Clicking on Actor (LMB): StaticMeshActor (Cube21)
[2020.02.06-21.43.30:073][473]LogSlate: Window 'Select Path' being destroyed
[2020.02.06-21.43.30:542][473]LogUObjectHash: Compacting FUObjectHashTables data took   1.79ms
[2020.02.06-21.43.30:578][473]LogAssetEditorSubsystem: Opening Asset editor for Blueprint /Game/FirstPersonBP/Blueprints/ControlCamera_BP.ControlCamera_BP
[2020.02.06-21.43.31:578][473]LogContentBrowser: Native class hierarchy updated for 'BlueprintGraph' in 0.0005 seconds. Added 121 classes and 0 folders.
[2020.02.06-21.43.34:896][473]LogRenderer: Reallocating scene render targets to support 912x536 Format 10 NumSamples 1 (Frame:1).
[2020.02.06-21.43.50:004][ 47]LogSlate: Took 0.257975 seconds to synchronously load lazily loaded font '../../../Engine/Content/Slate/Fonts/Roboto-Italic.ttf' (157K)
[2020.02.06-21.44.32:590][388]BlueprintLog: New page: Compile ControlCamera_BP
[2020.02.06-21.44.32:999][388]LogUObjectHash: Compacting FUObjectHashTables data took   3.16ms
[2020.02.06-21.44.34:498][419]Cmd: OBJ SAVEPACKAGE PACKAGE="/Game/FirstPersonBP/Blueprints/ControlCamera_BP" FILE="C:/Users/S0unds0fS1lence/Desktop/GAM218_Repo/Content/FirstPersonBP/Blueprints/ControlCamera_BP.uasset" SILENT=true
[2020.02.06-21.44.34:776][419]LogSavePackage: Moving 'C:/Users/S0unds0fS1lence/Desktop/GAM218_Repo/Saved/ControlCamera_BP94661769479AB2E8FA569DBF0BF898DF.tmp' to 'C:/Users/S0unds0fS1lence/Desktop/GAM218_Repo/Content/FirstPersonBP/Blueprints/ControlCamera_BP.uasset'
[2020.02.06-21.44.34:792][419]AssetCheck: New page: Asset Save: ControlCamera_BP
[2020.02.06-21.44.34:792][419]LogContentValidation: Display: Validating Blueprint /Game/FirstPersonBP/Blueprints/ControlCamera_BP.ControlCamera_BP
[2020.02.06-21.44.42:310][857]Cmd: EDCALLBACK SURFPROPS
[2020.02.06-21.44.45:023][ 17]LogEditorViewport: Clicking on Actor (LMB): Brush (Box Brush)
[2020.02.06-21.44.51:253][379]Cmd: OBJ SAVEPACKAGE PACKAGE="/Game/FirstPersonBP/Blueprints/ControlCamera_BP" FILE="C:/Users/S0unds0fS1lence/Desktop/GAM218_Repo/Content/FirstPersonBP/Blueprints/ControlCamera_BP.uasset" SILENT=true
[2020.02.06-21.44.51:269][379]LogSavePackage: Moving 'C:/Users/S0unds0fS1lence/Desktop/GAM218_Repo/Saved/ControlCamera_BP4A973E674AE7FFC98E67D0ACA510E8B4.tmp' to 'C:/Users/S0unds0fS1lence/Desktop/GAM218_Repo/Content/FirstPersonBP/Blueprints/ControlCamera_BP.uasset'
[2020.02.06-21.44.51:283][379]AssetCheck: New page: Asset Save: ControlCamera_BP
[2020.02.06-21.44.51:283][379]LogContentValidation: Display: Validating Blueprint /Game/FirstPersonBP/Blueprints/ControlCamera_BP.ControlCamera_BP
[2020.02.06-21.47.56:125][945]LogUObjectHash: Compacting FUObjectHashTables data took   2.98ms
[2020.02.06-21.47.56:357][945]LogSavePackage: Moving 'C:/Users/S0unds0fS1lence/Desktop/GAM218_Repo/Saved/MainLevel_Auto1BA8DD9FA49E73667CDAB7D9520D48F8F.tmp' to 'C:/Users/S0unds0fS1lence/Desktop/GAM218_Repo/Saved/Autosaves/Game/FirstPersonBP/Maps/MainLevel_Auto1.umap'
[2020.02.06-21.47.56:362][945]LogFileHelpers: Editor autosave (incl. sublevels) for '/Game/FirstPersonBP/Maps/MainLevel' took 0.299
[2020.02.06-21.47.56:362][945]LogFileHelpers: Editor autosave (incl. sublevels) for all levels took 0.299
[2020.02.06-21.57.10:470][731]Cmd: OBJ SAVEPACKAGE PACKAGE="/Game/FirstPersonBP/Blueprints/ControlCamera_BP" FILE="C:/Users/S0unds0fS1lence/Desktop/GAM218_Repo/Content/FirstPersonBP/Blueprints/ControlCamera_BP.uasset" SILENT=true
[2020.02.06-21.57.10:484][731]LogSavePackage: Moving 'C:/Users/S0unds0fS1lence/Desktop/GAM218_Repo/Saved/ControlCamera_BPCA3A2AF446869D116905D596B695A8FF.tmp' to 'C:/Users/S0unds0fS1lence/Desktop/GAM218_Repo/Content/FirstPersonBP/Blueprints/ControlCamera_BP.uasset'
[2020.02.06-21.57.10:529][731]AssetCheck: New page: Asset Save: ControlCamera_BP
[2020.02.06-21.57.10:529][731]LogContentValidation: Display: Validating Blueprint /Game/FirstPersonBP/Blueprints/ControlCamera_BP.ControlCamera_BP
[2020.02.06-21.57.13:221][842]LogSlate: Window 'ControlCamera_BP' being destroyed
[2020.02.06-21.57.13:227][842]LogSlate: Window 'ControlCamera_BP' being destroyed
[2020.02.06-21.57.13:261][842]LogWorld: UWorld::CleanupWorld for World_8, bSessionEnded=true, bCleanupResources=true
[2020.02.06-21.57.13:261][842]LogSlate: InvalidateAllWidgets triggered.  All widgets were invalidated
[2020.02.06-21.57.15:621][941]Cmd: OBJ SAVEPACKAGE PACKAGE="/Game/FirstPersonBP/Maps/MainLevel" FILE="C:/Users/S0unds0fS1lence/Desktop/GAM218_Repo/Content/FirstPersonBP/Maps/MainLevel.umap" SILENT=true AUTOSAVING=false KEEPDIRTY=false
[2020.02.06-21.57.15:844][941]LogUObjectHash: Compacting FUObjectHashTables data took  11.91ms
[2020.02.06-21.57.16:101][941]LogSavePackage: Moving 'C:/Users/S0unds0fS1lence/Desktop/GAM218_Repo/Saved/MainLevelA28A339842669B115E8CDA9438084022.tmp' to 'C:/Users/S0unds0fS1lence/Desktop/GAM218_Repo/Content/FirstPersonBP/Maps/MainLevel.umap'
[2020.02.06-21.57.16:121][941]Cmd: OBJ SAVEPACKAGE PACKAGE="/Game/FirstPersonBP/Maps/MainLevel_BuiltData" FILE="C:/Users/S0unds0fS1lence/Desktop/GAM218_Repo/Content/FirstPersonBP/Maps/MainLevel_BuiltData.uasset" SILENT=true
[2020.02.06-21.57.16:493][941]LogSavePackage: Moving 'C:/Users/S0unds0fS1lence/Desktop/GAM218_Repo/Saved/MainLevel_BuiltData94168A644F79C84BE1A01B94AFDB04AF.tmp' to 'C:/Users/S0unds0fS1lence/Desktop/GAM218_Repo/Content/FirstPersonBP/Maps/MainLevel_BuiltData.uasset'
[2020.02.06-21.57.16:506][941]AssetCheck: New page: Asset Save: multiple assets
[2020.02.06-21.57.16:506][941]LogContentValidation: Display: Validating World /Game/FirstPersonBP/Maps/MainLevel.MainLevel
[2020.02.06-21.57.16:507][941]LogContentValidation: Display: Validating MapBuildDataRegistry /Game/FirstPersonBP/Maps/MainLevel_BuiltData.MainLevel_BuiltData
[2020.02.06-21.57.20:163][137]Cmd: POLY SELECT MATCHING BRUSH
[2020.02.06-21.57.47:423][705]LogEditorViewport: Clicking on Actor (LMB): MetalMover_BP_C (MetalMover_BP)
[2020.02.06-21.57.49:603][832]LogAssetEditorSubsystem: Opening Asset editor for Blueprint /Game/FirstPersonBP/Blueprints/MetalMover_BP.MetalMover_BP
[2020.02.06-21.57.50:224][832]LogSlate: Took 0.015582 seconds to synchronously load lazily loaded font '../../../Engine/Content/Slate/Fonts/Roboto-BoldCondensed.ttf' (158K)
[2020.02.06-21.58.50:649][274]BlueprintLog: New page: Compile MetalMover_BP
[2020.02.06-21.58.51:228][274]LogUObjectHash: Compacting FUObjectHashTables data took  12.71ms
[2020.02.06-21.58.51:726][296]Cmd: OBJ SAVEPACKAGE PACKAGE="/Game/FirstPersonBP/Blueprints/MetalMover_BP" FILE="C:/Users/S0unds0fS1lence/Desktop/GAM218_Repo/Content/FirstPersonBP/Blueprints/MetalMover_BP.uasset" SILENT=true
[2020.02.06-21.58.51:752][296]LogSavePackage: Moving 'C:/Users/S0unds0fS1lence/Desktop/GAM218_Repo/Saved/MetalMover_BPF13171C2491A14B17832C79DA26A88C5.tmp' to 'C:/Users/S0unds0fS1lence/Desktop/GAM218_Repo/Content/FirstPersonBP/Blueprints/MetalMover_BP.uasset'
[2020.02.06-21.58.51:770][296]AssetCheck: New page: Asset Save: MetalMover_BP
[2020.02.06-21.58.51:770][296]LogContentValidation: Display: Validating Blueprint /Game/FirstPersonBP/Blueprints/MetalMover_BP.MetalMover_BP
[2020.02.06-21.58.53:617][405]Cmd: OBJ SAVEPACKAGE PACKAGE="/Game/FirstPersonBP/Maps/MainLevel" FILE="C:/Users/S0unds0fS1lence/Desktop/GAM218_Repo/Content/FirstPersonBP/Maps/MainLevel.umap" SILENT=true AUTOSAVING=false KEEPDIRTY=false
[2020.02.06-21.58.53:653][405]LogUObjectHash: Compacting FUObjectHashTables data took   3.07ms
[2020.02.06-21.58.53:861][405]LogSavePackage: Moving 'C:/Users/S0unds0fS1lence/Desktop/GAM218_Repo/Saved/MainLevel4D0204CA41D970D2A477D4A82E59721A.tmp' to 'C:/Users/S0unds0fS1lence/Desktop/GAM218_Repo/Content/FirstPersonBP/Maps/MainLevel.umap'
[2020.02.06-21.58.53:879][405]Cmd: OBJ SAVEPACKAGE PACKAGE="/Game/FirstPersonBP/Maps/MainLevel_BuiltData" FILE="C:/Users/S0unds0fS1lence/Desktop/GAM218_Repo/Content/FirstPersonBP/Maps/MainLevel_BuiltData.uasset" SILENT=true
[2020.02.06-21.58.54:018][405]LogSavePackage: Moving 'C:/Users/S0unds0fS1lence/Desktop/GAM218_Repo/Saved/MainLevel_BuiltData80FBDFB54182E3C7A09B84B3CF4FE319.tmp' to 'C:/Users/S0unds0fS1lence/Desktop/GAM218_Repo/Content/FirstPersonBP/Maps/MainLevel_BuiltData.uasset'
[2020.02.06-21.58.54:033][405]AssetCheck: New page: Asset Save: multiple assets
[2020.02.06-21.58.54:033][405]LogContentValidation: Display: Validating World /Game/FirstPersonBP/Maps/MainLevel.MainLevel
[2020.02.06-21.58.54:033][405]LogContentValidation: Display: Validating MapBuildDataRegistry /Game/FirstPersonBP/Maps/MainLevel_BuiltData.MainLevel_BuiltData
[2020.02.06-22.12.25:812][963]MapCheck: New page: Map Check
[2020.02.06-22.12.26:022][963]Cmd: MAP REBUILD ALLVISIBLE
[2020.02.06-22.12.26:023][963]LogEditorServer: Rebuildmap Clear paths rebuilt
[2020.02.06-22.12.26:271][963]LogWorld: UWorld::CleanupWorld for MainLevel, bSessionEnded=true, bCleanupResources=false
[2020.02.06-22.12.26:360][963]PIE: Warning: AttachTo: '/Game/FirstPersonBP/Maps/MainLevel.MainLevel:PersistentLevel.SecondDoor_BP_2.DefaultSceneRoot' is not static  (in blueprint "InputDoor_BP"), cannot attach '/Game/FirstPersonBP/Maps/MainLevel.MainLevel:PersistentLevel.SecondDoor_BP_2.Lamp' which is static to it. Aborting.
[2020.02.06-22.12.26:361][963]PIE: Warning: AttachTo: '/Game/FirstPersonBP/Maps/MainLevel.MainLevel:PersistentLevel.SecondDoor_BP_2.DefaultSceneRoot' is not static  (in blueprint "InputDoor_BP"), cannot attach '/Game/FirstPersonBP/Maps/MainLevel.MainLevel:PersistentLevel.SecondDoor_BP_2.Pad' which is static to it. Aborting.
[2020.02.06-22.12.26:361][963]PIE: Warning: AttachTo: '/Game/FirstPersonBP/Maps/MainLevel.MainLevel:PersistentLevel.SecondDoor_BP_2.DefaultSceneRoot' is not static  (in blueprint "InputDoor_BP"), cannot attach '/Game/FirstPersonBP/Maps/MainLevel.MainLevel:PersistentLevel.SecondDoor_BP_2.Pad2' which is static to it. Aborting.
[2020.02.06-22.12.26:593][963]LightingResults: New page: Lighting Build - Feb 6, 2020, 8:12:26 AM
[2020.02.06-22.12.26:933][963]LogSwarmInterface: [OpenConnection] Registering TCP channel ...
[2020.02.06-22.12.27:147][963]LogSwarmInterface: [OpenConnection] Connecting to agent ...
[2020.02.06-22.12.27:165][963]LogSwarmInterface: [TryOpenConnection] Testing the Agent
[2020.02.06-22.12.28:189][963]LogSwarmInterface: [TryOpenConnection] Opening Connection to Agent
[2020.02.06-22.12.28:189][963]LogSwarmInterface: [TryOpenConnection] Local Process ID is 18724
[2020.02.06-22.12.30:482][963]LogStaticLightingSystem: Warning: No importance volume found, so the scene bounding box was used.  You can optimize your scene's quality and lighting build times by adding importance volumes.
[2020.02.06-22.12.30:544][963]LogStaticLightingSystem: Running Lightmass w/ ImmediateImport mode ENABLED
[2020.02.06-22.12.30:544][963]LogStaticLightingSystem: Running Lightmass w/ ImmediateProcess mode ENABLED
[2020.02.06-22.12.30:544][963]LogStaticLightingSystem: Running Lightmass w/ Sorting mode ENABLED
[2020.02.06-22.12.30:544][963]LogStaticLightingSystem: Running Lightmass w/ Mapping paddings ENABLED
[2020.02.06-22.12.30:544][963]LogStaticLightingSystem: Running Lightmass w/ Mapping debug paddings DISABLED
[2020.02.06-22.12.30:648][963]LogEditorBuildUtils: Build time 0:04
[2020.02.06-22.12.31:055][963]LogMaterial: Display: Missing cached shader map for material FLightmassMaterialRenderer MaterialInstanceDynamic_0, compiling. 
[2020.02.06-22.12.31:233][963]LogShaderCompilers: Display: Worker (1/9): shaders left to compile 2
[2020.02.06-22.12.31:233][963]LogShaderCompilers: Display: Worker (2/9): shaders left to compile 1
[2020.02.06-22.12.31:233][963]LogMaterial: Display: Missing cached shader map for material FLightmassMaterialRenderer MaterialInstanceDynamic_0, compiling. 
[2020.02.06-22.12.35:934][964]LogShaderCompilers: Display: Worker (3/9): shaders left to compile 2
[2020.02.06-22.12.35:934][964]LogShaderCompilers: Display: Worker (4/9): shaders left to compile 1
[2020.02.06-22.12.36:191][967]LogUObjectHash: Compacting FUObjectHashTables data took   2.96ms
[2020.02.06-22.12.50:350][617]LogUObjectHash: Compacting FUObjectHashTables data took   1.35ms
[2020.02.06-22.12.51:070][617]LogSavePackage: Moving 'C:/Users/S0unds0fS1lence/Desktop/GAM218_Repo/Saved/MainLevel_Auto280FE50AB42E31D7095C010B7A1FD3210.tmp' to 'C:/Users/S0unds0fS1lence/Desktop/GAM218_Repo/Saved/Autosaves/Game/FirstPersonBP/Maps/MainLevel_Auto2.umap'
[2020.02.06-22.12.51:074][617]LogFileHelpers: Editor autosave (incl. sublevels) for '/Game/FirstPersonBP/Maps/MainLevel' took 0.761
[2020.02.06-22.12.51:074][617]LogFileHelpers: Editor autosave (incl. sublevels) for all levels took 0.761
[2020.02.06-22.12.58:319][  9]Job is a success!
[2020.02.06-22.12.58:870][ 10]LogVolumetricLightmapImport: Imported Volumetric Lightmap in 0.042s
[2020.02.06-22.12.58:870][ 10]LogVolumetricLightmapImport:      Indirection Texture 16x16x16 = 0.0Mb
[2020.02.06-22.12.58:870][ 10]LogVolumetricLightmapImport:      BrickData (all levels) 0.2Mb (trimmed 0.0Mb due to 0.010000 MinBrickError)
[2020.02.06-22.12.58:870][ 10]LogVolumetricLightmapImport:      Bricks at depth
[2020.02.06-22.12.58:870][ 10]LogVolumetricLightmapImport:          0: 2.0% covering 100.0% of volume
[2020.02.06-22.12.58:870][ 10]LogVolumetricLightmapImport:          1: 8.2% covering 6.3% of volume
[2020.02.06-22.12.58:870][ 10]LogVolumetricLightmapImport:          2: 89.8% covering 1.1% of volume
[2020.02.06-22.12.58:870][ 10]LogVolumetricLightmapImport:      Bricks in each level
[2020.02.06-22.12.58:870][ 10]LogVolumetricLightmapImport:          MainLevel 			 49 bricks 	 100.0% (Persistent Level)
[2020.02.06-22.12.59:765][ 10]LogTexture: Display: Building textures: HQ_Lightmap1_1 (AutoDXT, 2048X2048)
[2020.02.06-22.12.59:765][ 10]LogTexture: Display: Building textures: LQ_Lightmap_1_1 (DXT1, 2048X2048)
[2020.02.06-22.12.59:765][ 10]LogTexture: Display: Building textures: HQ_Lightmap1_2 (AutoDXT, 512X512)
[2020.02.06-22.12.59:765][ 10]LogTexture: Display: Building textures: LQ_Lightmap_1_2 (DXT1, 512X512)
[2020.02.06-22.12.59:766][ 10]LogTexture: Display: Building textures: LQ_Lightmap_0_3 (DXT1, 256X256)
[2020.02.06-22.12.59:766][ 10]LogTexture: Display: Building textures: HQ_Lightmap0_4 (AutoDXT, 64X64)
[2020.02.06-22.12.59:766][ 10]LogTexture: Display: Building textures: HQ_Lightmap0_3 (AutoDXT, 256X256)
[2020.02.06-22.12.59:766][ 10]LogTexture: Display: Building textures: LQ_Lightmap_0_4 (DXT1, 64X64)
[2020.02.06-22.13.00:296][ 10]LogTexture: Display: Building textures: ShadowMapTexture2D_4 (G8, 32X32)
[2020.02.06-22.13.00:296][ 10]LogTexture: Display: Building textures: ShadowMapTexture2D_3 (BGRA8, 256X16)
[2020.02.06-22.13.00:296][ 10]LogTexture: Display: Building textures: ShadowMapTexture2D_2 (BGRA8, 1024X64)
[2020.02.06-22.13.01:141][ 10]LogTexture: Display: Building textures: ShadowMapTexture2D_1 (BGRA8, 1024X1024)
[2020.02.06-22.13.01:141][ 10]LogTexture: Display: Building textures: ShadowMapTexture2D_0 (BGRA8, 1024X1024)
[2020.02.06-22.13.01:141][ 10]Lightmass on S0UNDSPC: 21.9 sec total, 314 ms importing, 103 ms setup, 3.81 sec photons, 17.5 sec processing, 0 ms extra exporting [48/48 mappings]. Threads: 3:13 min total, 32.5 sec processing.
[2020.02.06-22.13.01:147][ 10]LogStaticLightingSystem: MainLevel_BuiltData storing lightmap data for 32 meshes in 6 LightmapResourceClusters (5.3 Meshes per cluster).
[2020.02.06-22.13.01:218][ 10]LogUObjectHash: Compacting FUObjectHashTables data took   2.53ms
[2020.02.06-22.13.01:251][ 10]LogStaticLightingSystem: Illumination: 34.5 sec (640 ms encoding lightmaps, 604 ms encoding shadowmaps)
[2020.02.06-22.13.01:252][ 10]LogStaticLightingSystem: Lightmap texture memory:  8.6 MB (8.5 MB streaming, 0.1 MB non-streaming), 8 textures
[2020.02.06-22.13.01:252][ 10]LogStaticLightingSystem: Shadowmap texture memory: 11.0 MB (11.0 MB streaming, 0.0 MB non-streaming), 5 textures
[2020.02.06-22.13.01:506][ 10]DumpUnbuiltLightIteractions
[2020.02.06-22.13.01:507][ 10]Lights with unbuilt interactions: 0
[2020.02.06-22.13.01:507][ 10]
[2020.02.06-22.13.01:507][ 10]Primitives with unbuilt interactions: 0
[2020.02.06-22.13.01:646][ 11]Cmd: MAP CHECK NOTIFYRESULTS
[2020.02.06-22.13.01:647][ 11]MapCheck: New page: MainLevel - Feb 6, 2020, 8:13:01 AM
[2020.02.06-22.13.01:804][ 11]MapCheck: Warning: KeycardDoor_BP_2 Static mesh actor has NULL StaticMesh property 
[2020.02.06-22.13.01:804][ 11]MapCheck: Warning: KeycardDoor_BP_2 Static mesh actor has NULL StaticMesh property 
[2020.02.06-22.13.01:805][ 11]MapCheck: Warning: AutoDoor_BP_2 Static mesh actor has NULL StaticMesh property 
[2020.02.06-22.13.01:805][ 11]MapCheck: Warning: AutoDoor_BP_2 Static mesh actor has NULL StaticMesh property 
[2020.02.06-22.13.01:805][ 11]MapCheck: Warning: FirstDoor_BP Static mesh actor has NULL StaticMesh property 
[2020.02.06-22.13.01:805][ 11]MapCheck: Warning: FirstDoor_BP Static mesh actor has NULL StaticMesh property 
[2020.02.06-22.13.01:805][ 11]MapCheck: Warning: SecondDoor_BP_2 Static mesh actor has NULL StaticMesh property 
[2020.02.06-22.13.01:805][ 11]MapCheck: Warning: SecondDoor_BP_2 Static mesh actor has NULL StaticMesh property 
[2020.02.06-22.13.01:853][ 11]MapCheck: Map check complete: 0 Error(s), 8 Warning(s), took 206.53ms to complete.
[2020.02.06-22.13.08:728][409]Cmd: OBJ SAVEPACKAGE PACKAGE="/Game/FirstPersonBP/Maps/MainLevel" FILE="C:/Users/S0unds0fS1lence/Desktop/GAM218_Repo/Content/FirstPersonBP/Maps/MainLevel.umap" SILENT=true AUTOSAVING=false KEEPDIRTY=false
[2020.02.06-22.13.08:794][409]LogUObjectHash: Compacting FUObjectHashTables data took   2.13ms
[2020.02.06-22.13.09:008][409]LogSavePackage: Moving 'C:/Users/S0unds0fS1lence/Desktop/GAM218_Repo/Saved/MainLevelBD6D009F4A6EFE2CEE2E1E9A19007343.tmp' to 'C:/Users/S0unds0fS1lence/Desktop/GAM218_Repo/Content/FirstPersonBP/Maps/MainLevel.umap'
[2020.02.06-22.13.09:023][409]Cmd: OBJ SAVEPACKAGE PACKAGE="/Game/FirstPersonBP/Maps/MainLevel_BuiltData" FILE="C:/Users/S0unds0fS1lence/Desktop/GAM218_Repo/Content/FirstPersonBP/Maps/MainLevel_BuiltData.uasset" SILENT=true
[2020.02.06-22.13.09:176][409]LogSavePackage: Moving 'C:/Users/S0unds0fS1lence/Desktop/GAM218_Repo/Saved/MainLevel_BuiltData70BBDBE64E200FF2016BE984D6A7E82B.tmp' to 'C:/Users/S0unds0fS1lence/Desktop/GAM218_Repo/Content/FirstPersonBP/Maps/MainLevel_BuiltData.uasset'
[2020.02.06-22.13.09:192][409]AssetCheck: New page: Asset Save: multiple assets
[2020.02.06-22.13.09:192][409]LogContentValidation: Display: Validating World /Game/FirstPersonBP/Maps/MainLevel.MainLevel
[2020.02.06-22.13.09:192][409]LogContentValidation: Display: Validating MapBuildDataRegistry /Game/FirstPersonBP/Maps/MainLevel_BuiltData.MainLevel_BuiltData
[2020.02.06-22.13.13:423][646]LogWorld: UWorld::CleanupWorld for World_11, bSessionEnded=true, bCleanupResources=true
[2020.02.06-22.13.13:423][646]LogSlate: InvalidateAllWidgets triggered.  All widgets were invalidated
[2020.02.06-22.13.44:985][515]LogUObjectHash: Compacting FUObjectHashTables data took   2.68ms
[2020.02.06-22.13.45:222][515]LogSlate: Window 'Space_Enforcers - Unreal Editor' being destroyed
[2020.02.06-22.13.45:226][515]LogWindowsTextInputMethodSystem: Display: IME system now deactivated.
[2020.02.06-22.13.45:535][516]Cmd: QUIT_EDITOR
[2020.02.06-22.13.45:535][516]LogCore: Engine exit requested (reason: UUnrealEdEngine::CloseEditor())
[2020.02.06-22.13.45:602][516]LogCore: Engine exit requested (reason: EngineExit() was called; note: exit was already requested)
[2020.02.06-22.13.45:624][516]LogAudioMixer: Display: No commands were queued while flushing the source manager.
[2020.02.06-22.13.46:062][516]LogExit: Preparing to exit.
[2020.02.06-22.13.47:056][516]LogWorld: UWorld::CleanupWorld for World_2, bSessionEnded=true, bCleanupResources=true
[2020.02.06-22.13.47:061][516]LogWorld: UWorld::CleanupWorld for World_3, bSessionEnded=true, bCleanupResources=true
[2020.02.06-22.13.47:063][516]LogWorld: UWorld::CleanupWorld for World_4, bSessionEnded=true, bCleanupResources=true
[2020.02.06-22.13.47:065][516]LogWorld: UWorld::CleanupWorld for World_5, bSessionEnded=true, bCleanupResources=true
[2020.02.06-22.13.47:067][516]LogWorld: UWorld::CleanupWorld for World_6, bSessionEnded=true, bCleanupResources=true
[2020.02.06-22.13.47:069][516]LogWorld: UWorld::CleanupWorld for World_7, bSessionEnded=true, bCleanupResources=true
[2020.02.06-22.13.47:070][516]LogWorld: UWorld::CleanupWorld for World_9, bSessionEnded=true, bCleanupResources=true
[2020.02.06-22.13.47:072][516]LogWorld: UWorld::CleanupWorld for World_10, bSessionEnded=true, bCleanupResources=true
[2020.02.06-22.13.47:075][516]LogWorld: UWorld::CleanupWorld for World_1, bSessionEnded=true, bCleanupResources=true
[2020.02.06-22.13.47:079][516]LogWorld: UWorld::CleanupWorld for World_0, bSessionEnded=true, bCleanupResources=true
[2020.02.06-22.13.47:532][516]LogDemo: Cleaned up 0 splitscreen connections with owner deletion
[2020.02.06-22.13.47:847][516]LogWorld: UWorld::CleanupWorld for None, bSessionEnded=true, bCleanupResources=true
[2020.02.06-22.13.47:848][516]LogExit: Editor shut down
[2020.02.06-22.13.47:849][516]LogExit: Transaction tracking system shut down
