Log file open, 01/28/20 14:27:47
LogWindows: Failed to load 'aqProf.dll' (GetLastError=126)
LogWindows: File 'aqProf.dll' does not exist
LogWindows: Failed to load 'VtuneApi.dll' (GetLastError=126)
LogWindows: File 'VtuneApi.dll' does not exist
LogWindows: Failed to load 'VtuneApi32e.dll' (GetLastError=126)
LogWindows: File 'VtuneApi32e.dll' does not exist
LogConsoleResponse: Display: Failed to find resolution value strings in scalability ini. Falling back to default.
LogInit: Display: Running engine for game: Space_Enforcers
LogPlatformFile: Not using cached read wrapper
LogTaskGraph: Started task graph with 5 named threads and 35 total threads with 3 sets of task threads.
LogStats: Stats thread started at 18.096407
LogD3D11RHI: Loaded GFSDK_Aftermath_Lib.x64.dll
LogICUInternationalization: ICU TimeZone Detection - Raw Offset: -7:00, Platform Override: ''
LogPluginManager: Mounting plugin Paper2D
LogPluginManager: Mounting plugin AISupport
LogPluginManager: Mounting plugin LightPropagationVolume
LogPluginManager: Mounting plugin ActorLayerUtilities
LogPluginManager: Mounting plugin AnimationSharing
LogPluginManager: Mounting plugin CLionSourceCodeAccess
LogPluginManager: Mounting plugin CodeLiteSourceCodeAccess
LogPluginManager: Mounting plugin GitSourceControl
LogPluginManager: Mounting plugin KDevelopSourceCodeAccess
LogPluginManager: Mounting plugin NullSourceCodeAccess
LogPluginManager: Mounting plugin PerforceSourceControl
LogPluginManager: Mounting plugin PlasticSourceControl
LogPluginManager: Mounting plugin SubversionSourceControl
LogPluginManager: Mounting plugin UObjectPlugin
LogPluginManager: Mounting plugin VisualStudioCodeSourceCodeAccess
LogPluginManager: Mounting plugin VisualStudioSourceCodeAccess
LogPluginManager: Mounting plugin XCodeSourceCodeAccess
LogPluginManager: Mounting plugin AssetManagerEditor
LogPluginManager: Mounting plugin CryptoKeys
LogPluginManager: Mounting plugin CurveEditorTools
LogPluginManager: Mounting plugin DataValidation
LogPluginManager: Mounting plugin FacialAnimation
LogPluginManager: Mounting plugin GameplayTagsEditor
LogPluginManager: Mounting plugin MacGraphicsSwitching
LogPluginManager: Mounting plugin MaterialAnalyzer
LogPluginManager: Mounting plugin MobileLauncherProfileWizard
LogPluginManager: Mounting plugin PluginBrowser
LogPluginManager: Mounting plugin SpeedTreeImporter
LogPluginManager: Mounting plugin DatasmithContent
LogPluginManager: Mounting plugin VariantManagerContent
LogPluginManager: Mounting plugin AlembicImporter
LogPluginManager: Mounting plugin AutomationUtils
LogPluginManager: Mounting plugin BackChannel
LogPluginManager: Mounting plugin CharacterAI
LogPluginManager: Mounting plugin GeometryCache
LogPluginManager: Mounting plugin PlatformCrypto
LogPluginManager: Mounting plugin ProxyLODPlugin
LogPluginManager: Mounting plugin SkeletalReduction
LogPluginManager: Mounting plugin MagicLeap
LogPluginManager: Mounting plugin MagicLeapMedia
LogPluginManager: Mounting plugin MLSDK
LogPluginManager: Mounting plugin AndroidMedia
LogPluginManager: Mounting plugin AvfMedia
LogPluginManager: Mounting plugin ImgMedia
LogPluginManager: Mounting plugin MediaCompositing
LogPluginManager: Mounting plugin MediaPlayerEditor
LogPluginManager: Mounting plugin WebMMedia
LogPluginManager: Mounting plugin WmfMedia
LogPluginManager: Mounting plugin TcpMessaging
LogPluginManager: Mounting plugin UdpMessaging
LogPluginManager: Mounting plugin ActorSequence
LogPluginManager: Mounting plugin LevelSequenceEditor
LogPluginManager: Mounting plugin MatineeToLevelSequence
LogPluginManager: Mounting plugin NetcodeUnitTest
LogPluginManager: Mounting plugin NUTUnrealEngine4
LogPluginManager: Mounting plugin OnlineSubsystemGooglePlay
LogPluginManager: Mounting plugin OnlineSubsystemIOS
LogPluginManager: Mounting plugin OnlineSubsystem
LogPluginManager: Mounting plugin OnlineSubsystemNull
LogPluginManager: Mounting plugin OnlineSubsystemUtils
LogPluginManager: Mounting plugin LauncherChunkInstaller
LogPluginManager: Mounting plugin AndroidDeviceProfileSelector
LogPluginManager: Mounting plugin AndroidMoviePlayer
LogPluginManager: Mounting plugin AndroidPermission
LogPluginManager: Mounting plugin AppleImageUtils
LogPluginManager: Mounting plugin AppleMoviePlayer
LogPluginManager: Mounting plugin ArchVisCharacter
LogPluginManager: Mounting plugin AssetTags
LogPluginManager: Mounting plugin AudioCapture
LogPluginManager: Mounting plugin CableComponent
LogPluginManager: Mounting plugin CustomMeshComponent
LogPluginManager: Mounting plugin EditableMesh
LogPluginManager: Mounting plugin ExampleDeviceProfileSelector
LogPluginManager: Mounting plugin GoogleCloudMessaging
LogPluginManager: Mounting plugin IOSDeviceProfileSelector
LogPluginManager: Mounting plugin LinuxDeviceProfileSelector
LogPluginManager: Mounting plugin LocationServicesBPLibrary
LogPluginManager: Mounting plugin MobilePatchingUtils
LogPluginManager: Mounting plugin OculusVR
LogPluginManager: Mounting plugin PhysXVehicles
LogPluginManager: Mounting plugin PostSplashScreen
LogPluginManager: Mounting plugin ProceduralMeshComponent
LogPluginManager: Mounting plugin RuntimePhysXCooking
LogPluginManager: Mounting plugin SignificanceManager
LogPluginManager: Mounting plugin SteamVR
LogPluginManager: Mounting plugin WebMMoviePlayer
LogPluginManager: Mounting plugin WindowsMoviePlayer
LogPluginManager: Mounting plugin ScreenshotTools
LogInit: Using libcurl 7.55.1-DEV
LogInit:  - built for x86_64-pc-win32
LogInit:  - supports SSL with OpenSSL/1.1.1
LogInit:  - supports HTTP deflate (compression) using libz 1.2.8
LogInit:  - other features:
LogInit:      CURL_VERSION_SSL
LogInit:      CURL_VERSION_LIBZ
LogInit:      CURL_VERSION_IPV6
LogInit:      CURL_VERSION_ASYNCHDNS
LogInit:      CURL_VERSION_LARGEFILE
LogInit:      CURL_VERSION_IDN
LogInit:  CurlRequestOptions (configurable via config and command line):
LogInit:  - bVerifyPeer = true  - Libcurl will verify peer certificate
LogInit:  - bUseHttpProxy = false  - Libcurl will NOT use HTTP proxy
LogInit:  - bDontReuseConnections = false  - Libcurl will reuse connections
LogInit:  - MaxHostConnections = 16  - Libcurl will limit the number of connections to a host
LogInit:  - LocalHostAddr = Default
LogInit:  - BufferSize = 65536
LogOnline: OSS: Creating online subsystem instance for: NULL
LogInit: WinSock: version 1.1 (2.2), MaxSocks=32767, MaxUdp=65467
LogOnline: OSS: TryLoadSubsystemAndSetDefault: Loaded subsystem for module [NULL]
LogInit: Build: ++UE4+Release-4.24-CL-10757647
LogInit: Engine Version: 4.24.1-10757647+++UE4+Release-4.24
LogInit: Compatible Engine Version: 4.24.0-10570792+++UE4+Release-4.24
LogInit: Net CL: 10570792
LogInit: OS: Windows 10 (Release 1809) (), CPU: Intel(R) Core(TM) i7-8750H CPU @ 2.20GHz, GPU: Intel(R) UHD Graphics 630
LogInit: Compiled (64-bit): Dec 17 2019 02:08:03
LogInit: Compiled with Visual C++: 19.16.27032.01
LogInit: Build Configuration: Development
LogInit: Branch Name: ++UE4+Release-4.24
LogInit: Command Line: 
LogInit: Base Directory: D:/UE_4.24/Engine/Binaries/Win64/
LogInit: Installed Engine Build: 1
LogDevObjectVersion: Number of dev versions registered: 25
LogDevObjectVersion:   Dev-Blueprints (B0D832E4-1F89-4F0D-ACCF-7EB736FD4AA2): 10
LogDevObjectVersion:   Dev-Build (E1C64328-A22C-4D53-A36C-8E866417BD8C): 0
LogDevObjectVersion:   Dev-Core (375EC13C-06E4-48FB-B500-84F0262A717E): 3
LogDevObjectVersion:   Dev-Editor (E4B068ED-F494-42E9-A231-DA0B2E46BB41): 37
LogDevObjectVersion:   Dev-Framework (CFFC743F-43B0-4480-9391-14DF171D2073): 36
LogDevObjectVersion:   Dev-Mobile (B02B49B5-BB20-44E9-A304-32B752E40360): 2
LogDevObjectVersion:   Dev-Networking (A4E4105C-59A1-49B5-A7C5-40C4547EDFEE): 0
LogDevObjectVersion:   Dev-Online (39C831C9-5AE6-47DC-9A44-9C173E1C8E7C): 0
LogDevObjectVersion:   Dev-Physics (78F01B33-EBEA-4F98-B9B4-84EACCB95AA2): 2
LogDevObjectVersion:   Dev-Platform (6631380F-2D4D-43E0-8009-CF276956A95A): 0
LogDevObjectVersion:   Dev-Rendering (12F88B9F-8875-4AFC-A67C-D90C383ABD29): 36
LogDevObjectVersion:   Dev-Sequencer (7B5AE74C-D270-4C10-A958-57980B212A5A): 11
LogDevObjectVersion:   Dev-VR (D7296918-1DD6-4BDD-9DE2-64A83CC13884): 2
LogDevObjectVersion:   Dev-LoadTimes (C2A15278-BFE7-4AFE-6C17-90FF531DF755): 1
LogDevObjectVersion:   Private-Geometry (6EACA3D4-40EC-4CC1-B786-8BED09428FC5): 3
LogDevObjectVersion:   Dev-AnimPhys (29E575DD-E0A3-4627-9D10-D276232CDCEA): 17
LogDevObjectVersion:   Dev-Anim (AF43A65D-7FD3-4947-9873-3E8ED9C1BB05): 2
LogDevObjectVersion:   Dev-ReflectionCapture (6B266CEC-1EC7-4B8F-A30B-E4D90942FC07): 1
LogDevObjectVersion:   Dev-Automation (0DF73D61-A23F-47EA-B727-89E90C41499A): 1
LogDevObjectVersion:   FortniteMain (601D1886-AC64-4F84-AA16-D3DE0DEAC7D6): 31
LogDevObjectVersion:   Dev-Enterprise (9DFFBCD6-494F-0158-E221-12823C92A888): 8
LogDevObjectVersion:   Dev-Niagara (F2AED0AC-9AFE-416F-8664-AA7FFA26D6FC): 1
LogDevObjectVersion:   Dev-Destruction (174F1F0B-B4C6-45A5-B13F-2EE8D0FB917D): 9
LogDevObjectVersion:   Dev-Physics-Ext (35F94A83-E258-406C-A318-09F59610247C): 8
LogDevObjectVersion:   Dev-CineCamera (B2E18506-4273-CFC2-A54E-F4BB758BBA07): 1
LogInit: Presizing for max 25165824 objects, including 0 objects not considered by GC, pre-allocating 0 bytes for permanent pool.
LogInit: Object subsystem initialized
LogConfig: Setting CVar [[con.DebugEarlyDefault:1]]
LogConfig: Setting CVar [[r.setres:1280x720]]
[2020.01.28-21.27.50:620][  0]LogConfig: Setting CVar [[r.VSync:0]]
[2020.01.28-21.27.50:620][  0]LogConfig: Setting CVar [[r.RHICmdBypass:0]]
[2020.01.28-21.27.50:622][  0]LogConfig: Applying CVar settings from Section [/Script/Engine.RendererSettings] File [C:/Users/S0unds0fS1lence/Desktop/GAM218_Repo/Saved/Config/Windows/Engine.ini]
[2020.01.28-21.27.50:622][  0]LogConfig: Setting CVar [[r.GPUCrashDebugging:0]]
[2020.01.28-21.27.50:622][  0]LogConfig: Applying CVar settings from Section [/Script/Engine.RendererOverrideSettings] File [C:/Users/S0unds0fS1lence/Desktop/GAM218_Repo/Saved/Config/Windows/Engine.ini]
[2020.01.28-21.27.50:622][  0]LogConfig: Applying CVar settings from Section [/Script/Engine.StreamingSettings] File [C:/Users/S0unds0fS1lence/Desktop/GAM218_Repo/Saved/Config/Windows/Engine.ini]
[2020.01.28-21.27.50:622][  0]LogConfig: Setting CVar [[s.MinBulkDataSizeForAsyncLoading:131072]]
[2020.01.28-21.27.50:622][  0]LogConfig: Setting CVar [[s.AsyncLoadingThreadEnabled:0]]
[2020.01.28-21.27.50:622][  0]LogConfig: Setting CVar [[s.EventDrivenLoaderEnabled:1]]
[2020.01.28-21.27.50:622][  0]LogConfig: Setting CVar [[s.WarnIfTimeLimitExceeded:0]]
[2020.01.28-21.27.50:622][  0]LogConfig: Setting CVar [[s.TimeLimitExceededMultiplier:1.5]]
[2020.01.28-21.27.50:622][  0]LogConfig: Setting CVar [[s.TimeLimitExceededMinTime:0.005]]
[2020.01.28-21.27.50:622][  0]LogConfig: Setting CVar [[s.UseBackgroundLevelStreaming:1]]
[2020.01.28-21.27.50:622][  0]LogConfig: Setting CVar [[s.PriorityAsyncLoadingExtraTime:15.0]]
[2020.01.28-21.27.50:622][  0]LogConfig: Setting CVar [[s.LevelStreamingActorsUpdateTimeLimit:5.0]]
[2020.01.28-21.27.50:622][  0]LogConfig: Setting CVar [[s.PriorityLevelStreamingActorsUpdateExtraTime:5.0]]
[2020.01.28-21.27.50:622][  0]LogConfig: Setting CVar [[s.LevelStreamingComponentsRegistrationGranularity:10]]
[2020.01.28-21.27.50:622][  0]LogConfig: Setting CVar [[s.UnregisterComponentsTimeLimit:1.0]]
[2020.01.28-21.27.50:622][  0]LogConfig: Setting CVar [[s.LevelStreamingComponentsUnregistrationGranularity:5]]
[2020.01.28-21.27.50:622][  0]LogConfig: Setting CVar [[s.FlushStreamingOnExit:1]]
[2020.01.28-21.27.50:622][  0]LogConfig: Applying CVar settings from Section [/Script/Engine.GarbageCollectionSettings] File [C:/Users/S0unds0fS1lence/Desktop/GAM218_Repo/Saved/Config/Windows/Engine.ini]
[2020.01.28-21.27.50:622][  0]LogConfig: Setting CVar [[gc.MaxObjectsNotConsideredByGC:1]]
[2020.01.28-21.27.50:622][  0]LogConfig: Setting CVar [[gc.SizeOfPermanentObjectPool:0]]
[2020.01.28-21.27.50:622][  0]LogConfig: Setting CVar [[gc.FlushStreamingOnGC:0]]
[2020.01.28-21.27.50:622][  0]LogConfig: Setting CVar [[gc.NumRetriesBeforeForcingGC:10]]
[2020.01.28-21.27.50:622][  0]LogConfig: Setting CVar [[gc.AllowParallelGC:1]]
[2020.01.28-21.27.50:622][  0]LogConfig: Setting CVar [[gc.TimeBetweenPurgingPendingKillObjects:61.1]]
[2020.01.28-21.27.50:622][  0]LogConfig: Setting CVar [[gc.MaxObjectsInEditor:25165824]]
[2020.01.28-21.27.50:622][  0]LogConfig: Setting CVar [[gc.IncrementalBeginDestroyEnabled:1]]
[2020.01.28-21.27.50:622][  0]LogConfig: Setting CVar [[gc.CreateGCClusters:1]]
[2020.01.28-21.27.50:622][  0]LogConfig: Setting CVar [[gc.MinGCClusterSize:5]]
[2020.01.28-21.27.50:622][  0]LogConfig: Setting CVar [[gc.ActorClusteringEnabled:0]]
[2020.01.28-21.27.50:622][  0]LogConfig: Setting CVar [[gc.BlueprintClusteringEnabled:0]]
[2020.01.28-21.27.50:622][  0]LogConfig: Setting CVar [[gc.UseDisregardForGCOnDedicatedServers:0]]
[2020.01.28-21.27.50:622][  0]LogConfig: Applying CVar settings from Section [/Script/Engine.NetworkSettings] File [C:/Users/S0unds0fS1lence/Desktop/GAM218_Repo/Saved/Config/Windows/Engine.ini]
[2020.01.28-21.27.50:622][  0]LogConfig: Applying CVar settings from Section [/Script/UnrealEd.CookerSettings] File [C:/Users/S0unds0fS1lence/Desktop/GAM218_Repo/Saved/Config/Windows/Engine.ini]
[2020.01.28-21.27.50:687][  0]LogConfig: Applying CVar settings from Section [ViewDistanceQuality@3] File [C:/Users/S0unds0fS1lence/Desktop/GAM218_Repo/Saved/Config/Windows/Scalability.ini]
[2020.01.28-21.27.50:687][  0]LogConfig: Setting CVar [[r.SkeletalMeshLODBias:0]]
[2020.01.28-21.27.50:687][  0]LogConfig: Setting CVar [[r.ViewDistanceScale:1.0]]
[2020.01.28-21.27.50:688][  0]LogConfig: Applying CVar settings from Section [AntiAliasingQuality@3] File [C:/Users/S0unds0fS1lence/Desktop/GAM218_Repo/Saved/Config/Windows/Scalability.ini]
[2020.01.28-21.27.50:688][  0]LogConfig: Setting CVar [[r.PostProcessAAQuality:4]]
[2020.01.28-21.27.50:688][  0]LogConfig: Applying CVar settings from Section [ShadowQuality@3] File [C:/Users/S0unds0fS1lence/Desktop/GAM218_Repo/Saved/Config/Windows/Scalability.ini]
[2020.01.28-21.27.50:688][  0]LogConfig: Setting CVar [[r.LightFunctionQuality:1]]
[2020.01.28-21.27.50:688][  0]LogConfig: Setting CVar [[r.ShadowQuality:5]]
[2020.01.28-21.27.50:688][  0]LogConfig: Setting CVar [[r.Shadow.CSM.MaxCascades:10]]
[2020.01.28-21.27.50:688][  0]LogConfig: Setting CVar [[r.Shadow.MaxResolution:2048]]
[2020.01.28-21.27.50:688][  0]LogConfig: Setting CVar [[r.Shadow.MaxCSMResolution:2048]]
[2020.01.28-21.27.50:688][  0]LogConfig: Setting CVar [[r.Shadow.RadiusThreshold:0.01]]
[2020.01.28-21.27.50:688][  0]LogConfig: Setting CVar [[r.Shadow.DistanceScale:1.0]]
[2020.01.28-21.27.50:688][  0]LogConfig: Setting CVar [[r.Shadow.CSM.TransitionScale:1.0]]
[2020.01.28-21.27.50:688][  0]LogConfig: Setting CVar [[r.Shadow.PreShadowResolutionFactor:1.0]]
[2020.01.28-21.27.50:688][  0]LogConfig: Setting CVar [[r.DistanceFieldShadowing:1]]
[2020.01.28-21.27.50:688][  0]LogConfig: Setting CVar [[r.DistanceFieldAO:1]]
[2020.01.28-21.27.50:688][  0]LogConfig: Setting CVar [[r.AOQuality:2]]
[2020.01.28-21.27.50:688][  0]LogConfig: Setting CVar [[r.VolumetricFog:1]]
[2020.01.28-21.27.50:688][  0]LogConfig: Setting CVar [[r.VolumetricFog.GridPixelSize:8]]
[2020.01.28-21.27.50:688][  0]LogConfig: Setting CVar [[r.VolumetricFog.GridSizeZ:128]]
[2020.01.28-21.27.50:688][  0]LogConfig: Setting CVar [[r.VolumetricFog.HistoryMissSupersampleCount:4]]
[2020.01.28-21.27.50:688][  0]LogConfig: Setting CVar [[r.LightMaxDrawDistanceScale:1]]
[2020.01.28-21.27.50:688][  0]LogConfig: Setting CVar [[r.CapsuleShadows:1]]
[2020.01.28-21.27.50:688][  0]LogConfig: Applying CVar settings from Section [PostProcessQuality@3] File [C:/Users/S0unds0fS1lence/Desktop/GAM218_Repo/Saved/Config/Windows/Scalability.ini]
[2020.01.28-21.27.50:688][  0]LogConfig: Setting CVar [[r.MotionBlurQuality:4]]
[2020.01.28-21.27.50:688][  0]LogConfig: Setting CVar [[r.AmbientOcclusionMipLevelFactor:0.4]]
[2020.01.28-21.27.50:688][  0]LogConfig: Setting CVar [[r.AmbientOcclusionMaxQuality:100]]
[2020.01.28-21.27.50:688][  0]LogConfig: Setting CVar [[r.AmbientOcclusionLevels:-1]]
[2020.01.28-21.27.50:688][  0]LogConfig: Setting CVar [[r.AmbientOcclusionRadiusScale:1.0]]
[2020.01.28-21.27.50:688][  0]LogConfig: Setting CVar [[r.DepthOfFieldQuality:2]]
[2020.01.28-21.27.50:688][  0]LogConfig: Setting CVar [[r.RenderTargetPoolMin:400]]
[2020.01.28-21.27.50:688][  0]LogConfig: Setting CVar [[r.LensFlareQuality:2]]
[2020.01.28-21.27.50:688][  0]LogConfig: Setting CVar [[r.SceneColorFringeQuality:1]]
[2020.01.28-21.27.50:688][  0]LogConfig: Setting CVar [[r.EyeAdaptationQuality:2]]
[2020.01.28-21.27.50:688][  0]LogConfig: Setting CVar [[r.BloomQuality:5]]
[2020.01.28-21.27.50:688][  0]LogConfig: Setting CVar [[r.FastBlurThreshold:100]]
[2020.01.28-21.27.50:688][  0]LogConfig: Setting CVar [[r.Upscale.Quality:3]]
[2020.01.28-21.27.50:688][  0]LogConfig: Setting CVar [[r.Tonemapper.GrainQuantization:1]]
[2020.01.28-21.27.50:688][  0]LogConfig: Setting CVar [[r.LightShaftQuality:1]]
[2020.01.28-21.27.50:688][  0]LogConfig: Setting CVar [[r.Filter.SizeScale:1]]
[2020.01.28-21.27.50:688][  0]LogConfig: Setting CVar [[r.Tonemapper.Quality:5]]
[2020.01.28-21.27.50:688][  0]LogConfig: Setting CVar [[r.DOF.Gather.AccumulatorQuality:1        ; higher gathering accumulator quality]]
[2020.01.28-21.27.50:688][  0]LogConfig: Setting CVar [[r.DOF.Gather.PostfilterMethod:1          ; Median3x3 postfilering method]]
[2020.01.28-21.27.50:688][  0]LogConfig: Setting CVar [[r.DOF.Gather.EnableBokehSettings:0       ; no bokeh simulation when gathering]]
[2020.01.28-21.27.50:688][  0]LogConfig: Setting CVar [[r.DOF.Gather.RingCount:4                 ; medium number of samples when gathering]]
[2020.01.28-21.27.50:688][  0]LogConfig: Setting CVar [[r.DOF.Scatter.ForegroundCompositing:1    ; additive foreground scattering]]
[2020.01.28-21.27.50:688][  0]LogConfig: Setting CVar [[r.DOF.Scatter.BackgroundCompositing:2    ; additive background scattering]]
[2020.01.28-21.27.50:688][  0]LogConfig: Setting CVar [[r.DOF.Scatter.EnableBokehSettings:1      ; bokeh simulation when scattering]]
[2020.01.28-21.27.50:688][  0]LogConfig: Setting CVar [[r.DOF.Scatter.MaxSpriteRatio:0.1         ; only a maximum of 10% of scattered bokeh]]
[2020.01.28-21.27.50:688][  0]LogConfig: Setting CVar [[r.DOF.Recombine.Quality:1                ; cheap slight out of focus]]
[2020.01.28-21.27.50:688][  0]LogConfig: Setting CVar [[r.DOF.Recombine.EnableBokehSettings:0    ; no bokeh simulation on slight out of focus]]
[2020.01.28-21.27.50:688][  0]LogConfig: Setting CVar [[r.DOF.TemporalAAQuality:1                ; more stable temporal accumulation]]
[2020.01.28-21.27.50:688][  0]LogConfig: Setting CVar [[r.DOF.Kernel.MaxForegroundRadius:0.025]]
[2020.01.28-21.27.50:688][  0]LogConfig: Setting CVar [[r.DOF.Kernel.MaxBackgroundRadius:0.025]]
[2020.01.28-21.27.50:688][  0]LogConfig: Applying CVar settings from Section [TextureQuality@3] File [C:/Users/S0unds0fS1lence/Desktop/GAM218_Repo/Saved/Config/Windows/Scalability.ini]
[2020.01.28-21.27.50:688][  0]LogConfig: Setting CVar [[r.Streaming.MipBias:0]]
[2020.01.28-21.27.50:689][  0]LogConfig: Setting CVar [[r.Streaming.AmortizeCPUToGPUCopy:0]]
[2020.01.28-21.27.50:689][  0]LogConfig: Setting CVar [[r.Streaming.MaxNumTexturesToStreamPerFrame:0]]
[2020.01.28-21.27.50:689][  0]LogConfig: Setting CVar [[r.Streaming.Boost:1]]
[2020.01.28-21.27.50:689][  0]LogConfig: Setting CVar [[r.MaxAnisotropy:8]]
[2020.01.28-21.27.50:689][  0]LogConfig: Setting CVar [[r.VT.MaxAnisotropy:8]]
[2020.01.28-21.27.50:689][  0]LogConfig: Setting CVar [[r.Streaming.LimitPoolSizeToVRAM:0]]
[2020.01.28-21.27.50:689][  0]LogConfig: Setting CVar [[r.Streaming.PoolSize:1000]]
[2020.01.28-21.27.50:689][  0]LogConfig: Setting CVar [[r.Streaming.MaxEffectiveScreenSize:0]]
[2020.01.28-21.27.50:689][  0]LogConfig: Applying CVar settings from Section [EffectsQuality@3] File [C:/Users/S0unds0fS1lence/Desktop/GAM218_Repo/Saved/Config/Windows/Scalability.ini]
[2020.01.28-21.27.50:689][  0]LogConfig: Setting CVar [[r.TranslucencyLightingVolumeDim:64]]
[2020.01.28-21.27.50:689][  0]LogConfig: Setting CVar [[r.RefractionQuality:2]]
[2020.01.28-21.27.50:689][  0]LogConfig: Setting CVar [[r.SSR.Quality:3]]
[2020.01.28-21.27.50:689][  0]LogConfig: Setting CVar [[r.SSR.HalfResSceneColor:0]]
[2020.01.28-21.27.50:689][  0]LogConfig: Setting CVar [[r.SceneColorFormat:4]]
[2020.01.28-21.27.50:689][  0]LogConfig: Setting CVar [[r.DetailMode:2]]
[2020.01.28-21.27.50:689][  0]LogConfig: Setting CVar [[r.TranslucencyVolumeBlur:1]]
[2020.01.28-21.27.50:689][  0]LogConfig: Setting CVar [[r.MaterialQualityLevel:1 ; High quality]]
[2020.01.28-21.27.50:689][  0]LogConfig: Setting CVar [[r.SSS.Scale:1]]
[2020.01.28-21.27.50:689][  0]LogConfig: Setting CVar [[r.SSS.SampleSet:2]]
[2020.01.28-21.27.50:689][  0]LogConfig: Setting CVar [[r.SSS.Quality:1]]
[2020.01.28-21.27.50:689][  0]LogConfig: Setting CVar [[r.SSS.HalfRes:1]]
[2020.01.28-21.27.50:689][  0]LogConfig: Setting CVar [[r.SSGI.Quality:3]]
[2020.01.28-21.27.50:689][  0]LogConfig: Setting CVar [[r.EmitterSpawnRateScale:1.0]]
[2020.01.28-21.27.50:689][  0]LogConfig: Setting CVar [[r.ParticleLightQuality:2]]
[2020.01.28-21.27.50:689][  0]LogConfig: Setting CVar [[r.SkyAtmosphere.AerialPerspectiveLUT.FastApplyOnOpaque:1 ; Always have FastSkyLUT 1 in this case to avoid wrong sky]]
[2020.01.28-21.27.50:689][  0]LogConfig: Setting CVar [[r.SkyAtmosphere.AerialPerspectiveLUT.SampleCountPerSlice:1]]
[2020.01.28-21.27.50:689][  0]LogConfig: Setting CVar [[r.SkyAtmosphere.AerialPerspectiveLUT.DepthResolution:16.0]]
[2020.01.28-21.27.50:689][  0]LogConfig: Setting CVar [[r.SkyAtmosphere.FastSkyLUT:1]]
[2020.01.28-21.27.50:689][  0]LogConfig: Setting CVar [[r.SkyAtmosphere.FastSkyLUT.SampleCountMin:4.0]]
[2020.01.28-21.27.50:689][  0]LogConfig: Setting CVar [[r.SkyAtmosphere.FastSkyLUT.SampleCountMax:32.0]]
[2020.01.28-21.27.50:689][  0]LogConfig: Setting CVar [[r.SkyAtmosphere.SampleCountMin:4.0]]
[2020.01.28-21.27.50:689][  0]LogConfig: Setting CVar [[r.SkyAtmosphere.SampleCountMax:32.0]]
[2020.01.28-21.27.50:689][  0]LogConfig: Setting CVar [[r.SkyAtmosphere.TransmittanceLUT.UseSmallFormat:0]]
[2020.01.28-21.27.50:689][  0]LogConfig: Setting CVar [[r.SkyAtmosphere.TransmittanceLUT.SampleCount:10.0]]
[2020.01.28-21.27.50:689][  0]LogConfig: Setting CVar [[r.SkyAtmosphere.MultiScatteringLUT.SampleCount:15.0]]
[2020.01.28-21.27.50:689][  0]LogConfig: Applying CVar settings from Section [FoliageQuality@3] File [C:/Users/S0unds0fS1lence/Desktop/GAM218_Repo/Saved/Config/Windows/Scalability.ini]
[2020.01.28-21.27.50:689][  0]LogConfig: Setting CVar [[foliage.DensityScale:1.0]]
[2020.01.28-21.27.50:689][  0]LogConfig: Setting CVar [[grass.DensityScale:1.0]]
[2020.01.28-21.27.50:689][  0]LogConfig: Applying CVar settings from Section [ShadingQuality@3] File [C:/Users/S0unds0fS1lence/Desktop/GAM218_Repo/Saved/Config/Windows/Scalability.ini]
[2020.01.28-21.27.50:689][  0]LogConfig: Setting CVar [[r.HairStrands.SkyLighting.SampleCount:16]]
[2020.01.28-21.27.50:689][  0]LogConfig: Setting CVar [[r.HairStrands.SkyLighting.JitterIntegration:0]]
[2020.01.28-21.27.50:689][  0]LogConfig: Setting CVar [[r.HairStrands.SkyAO.SampleCount:16]]
[2020.01.28-21.27.50:702][  0]LogInit: Selected Device Profile: [Windows]
[2020.01.28-21.27.50:702][  0]LogInit: Applying CVar settings loaded from the selected device profile: [Windows]
[2020.01.28-21.27.50:775][  0]LogHAL: Display: Platform has ~ 8 GB [8374218752 / 8589934592 / 8], which maps to Default [LargestMinGB=32, LargerMinGB=12, DefaultMinGB=8, SmallerMinGB=6, SmallestMinGB=0)
[2020.01.28-21.27.50:775][  0]LogInit: Going up to parent DeviceProfile []
[2020.01.28-21.27.50:775][  0]LogConfig: Applying CVar settings from Section [ViewDistanceQuality@3] File [C:/Users/S0unds0fS1lence/Desktop/GAM218_Repo/Saved/Config/Windows/Scalability.ini]
[2020.01.28-21.27.50:775][  0]LogConfig: Setting CVar [[r.SkeletalMeshLODBias:0]]
[2020.01.28-21.27.50:775][  0]LogConfig: Setting CVar [[r.ViewDistanceScale:1.0]]
[2020.01.28-21.27.50:775][  0]LogConfig: Applying CVar settings from Section [AntiAliasingQuality@3] File [C:/Users/S0unds0fS1lence/Desktop/GAM218_Repo/Saved/Config/Windows/Scalability.ini]
[2020.01.28-21.27.50:775][  0]LogConfig: Setting CVar [[r.PostProcessAAQuality:4]]
[2020.01.28-21.27.50:775][  0]LogConfig: Applying CVar settings from Section [ShadowQuality@3] File [C:/Users/S0unds0fS1lence/Desktop/GAM218_Repo/Saved/Config/Windows/Scalability.ini]
[2020.01.28-21.27.50:775][  0]LogConfig: Setting CVar [[r.LightFunctionQuality:1]]
[2020.01.28-21.27.50:775][  0]LogConfig: Setting CVar [[r.ShadowQuality:5]]
[2020.01.28-21.27.50:775][  0]LogConfig: Setting CVar [[r.Shadow.CSM.MaxCascades:10]]
[2020.01.28-21.27.50:775][  0]LogConfig: Setting CVar [[r.Shadow.MaxResolution:2048]]
[2020.01.28-21.27.50:775][  0]LogConfig: Setting CVar [[r.Shadow.MaxCSMResolution:2048]]
[2020.01.28-21.27.50:775][  0]LogConfig: Setting CVar [[r.Shadow.RadiusThreshold:0.01]]
[2020.01.28-21.27.50:775][  0]LogConfig: Setting CVar [[r.Shadow.DistanceScale:1.0]]
[2020.01.28-21.27.50:775][  0]LogConfig: Setting CVar [[r.Shadow.CSM.TransitionScale:1.0]]
[2020.01.28-21.27.50:775][  0]LogConfig: Setting CVar [[r.Shadow.PreShadowResolutionFactor:1.0]]
[2020.01.28-21.27.50:775][  0]LogConfig: Setting CVar [[r.DistanceFieldShadowing:1]]
[2020.01.28-21.27.50:775][  0]LogConfig: Setting CVar [[r.DistanceFieldAO:1]]
[2020.01.28-21.27.50:775][  0]LogConfig: Setting CVar [[r.AOQuality:2]]
[2020.01.28-21.27.50:775][  0]LogConfig: Setting CVar [[r.VolumetricFog:1]]
[2020.01.28-21.27.50:775][  0]LogConfig: Setting CVar [[r.VolumetricFog.GridPixelSize:8]]
[2020.01.28-21.27.50:775][  0]LogConfig: Setting CVar [[r.VolumetricFog.GridSizeZ:128]]
[2020.01.28-21.27.50:775][  0]LogConfig: Setting CVar [[r.VolumetricFog.HistoryMissSupersampleCount:4]]
[2020.01.28-21.27.50:775][  0]LogConfig: Setting CVar [[r.LightMaxDrawDistanceScale:1]]
[2020.01.28-21.27.50:775][  0]LogConfig: Setting CVar [[r.CapsuleShadows:1]]
[2020.01.28-21.27.50:775][  0]LogConfig: Applying CVar settings from Section [PostProcessQuality@3] File [C:/Users/S0unds0fS1lence/Desktop/GAM218_Repo/Saved/Config/Windows/Scalability.ini]
[2020.01.28-21.27.50:775][  0]LogConfig: Setting CVar [[r.MotionBlurQuality:4]]
[2020.01.28-21.27.50:775][  0]LogConfig: Setting CVar [[r.AmbientOcclusionMipLevelFactor:0.4]]
[2020.01.28-21.27.50:775][  0]LogConfig: Setting CVar [[r.AmbientOcclusionMaxQuality:100]]
[2020.01.28-21.27.50:775][  0]LogConfig: Setting CVar [[r.AmbientOcclusionLevels:-1]]
[2020.01.28-21.27.50:775][  0]LogConfig: Setting CVar [[r.AmbientOcclusionRadiusScale:1.0]]
[2020.01.28-21.27.50:776][  0]LogConfig: Setting CVar [[r.DepthOfFieldQuality:2]]
[2020.01.28-21.27.50:776][  0]LogConfig: Setting CVar [[r.RenderTargetPoolMin:400]]
[2020.01.28-21.27.50:776][  0]LogConfig: Setting CVar [[r.LensFlareQuality:2]]
[2020.01.28-21.27.50:776][  0]LogConfig: Setting CVar [[r.SceneColorFringeQuality:1]]
[2020.01.28-21.27.50:776][  0]LogConfig: Setting CVar [[r.EyeAdaptationQuality:2]]
[2020.01.28-21.27.50:776][  0]LogConfig: Setting CVar [[r.BloomQuality:5]]
[2020.01.28-21.27.50:776][  0]LogConfig: Setting CVar [[r.FastBlurThreshold:100]]
[2020.01.28-21.27.50:776][  0]LogConfig: Setting CVar [[r.Upscale.Quality:3]]
[2020.01.28-21.27.50:776][  0]LogConfig: Setting CVar [[r.Tonemapper.GrainQuantization:1]]
[2020.01.28-21.27.50:776][  0]LogConfig: Setting CVar [[r.LightShaftQuality:1]]
[2020.01.28-21.27.50:776][  0]LogConfig: Setting CVar [[r.Filter.SizeScale:1]]
[2020.01.28-21.27.50:776][  0]LogConfig: Setting CVar [[r.Tonemapper.Quality:5]]
[2020.01.28-21.27.50:776][  0]LogConfig: Setting CVar [[r.DOF.Gather.AccumulatorQuality:1        ; higher gathering accumulator quality]]
[2020.01.28-21.27.50:776][  0]LogConfig: Setting CVar [[r.DOF.Gather.PostfilterMethod:1          ; Median3x3 postfilering method]]
[2020.01.28-21.27.50:776][  0]LogConfig: Setting CVar [[r.DOF.Gather.EnableBokehSettings:0       ; no bokeh simulation when gathering]]
[2020.01.28-21.27.50:776][  0]LogConfig: Setting CVar [[r.DOF.Gather.RingCount:4                 ; medium number of samples when gathering]]
[2020.01.28-21.27.50:776][  0]LogConfig: Setting CVar [[r.DOF.Scatter.ForegroundCompositing:1    ; additive foreground scattering]]
[2020.01.28-21.27.50:776][  0]LogConfig: Setting CVar [[r.DOF.Scatter.BackgroundCompositing:2    ; additive background scattering]]
[2020.01.28-21.27.50:776][  0]LogConfig: Setting CVar [[r.DOF.Scatter.EnableBokehSettings:1      ; bokeh simulation when scattering]]
[2020.01.28-21.27.50:776][  0]LogConfig: Setting CVar [[r.DOF.Scatter.MaxSpriteRatio:0.1         ; only a maximum of 10% of scattered bokeh]]
[2020.01.28-21.27.50:776][  0]LogConfig: Setting CVar [[r.DOF.Recombine.Quality:1                ; cheap slight out of focus]]
[2020.01.28-21.27.50:776][  0]LogConfig: Setting CVar [[r.DOF.Recombine.EnableBokehSettings:0    ; no bokeh simulation on slight out of focus]]
[2020.01.28-21.27.50:776][  0]LogConfig: Setting CVar [[r.DOF.TemporalAAQuality:1                ; more stable temporal accumulation]]
[2020.01.28-21.27.50:776][  0]LogConfig: Setting CVar [[r.DOF.Kernel.MaxForegroundRadius:0.025]]
[2020.01.28-21.27.50:776][  0]LogConfig: Setting CVar [[r.DOF.Kernel.MaxBackgroundRadius:0.025]]
[2020.01.28-21.27.50:776][  0]LogConfig: Applying CVar settings from Section [TextureQuality@3] File [C:/Users/S0unds0fS1lence/Desktop/GAM218_Repo/Saved/Config/Windows/Scalability.ini]
[2020.01.28-21.27.50:776][  0]LogConfig: Setting CVar [[r.Streaming.MipBias:0]]
[2020.01.28-21.27.50:776][  0]LogConfig: Setting CVar [[r.Streaming.AmortizeCPUToGPUCopy:0]]
[2020.01.28-21.27.50:776][  0]LogConfig: Setting CVar [[r.Streaming.MaxNumTexturesToStreamPerFrame:0]]
[2020.01.28-21.27.50:776][  0]LogConfig: Setting CVar [[r.Streaming.Boost:1]]
[2020.01.28-21.27.50:776][  0]LogConfig: Setting CVar [[r.MaxAnisotropy:8]]
[2020.01.28-21.27.50:776][  0]LogConfig: Setting CVar [[r.VT.MaxAnisotropy:8]]
[2020.01.28-21.27.50:776][  0]LogConfig: Setting CVar [[r.Streaming.LimitPoolSizeToVRAM:0]]
[2020.01.28-21.27.50:776][  0]LogConfig: Setting CVar [[r.Streaming.PoolSize:1000]]
[2020.01.28-21.27.50:776][  0]LogConfig: Setting CVar [[r.Streaming.MaxEffectiveScreenSize:0]]
[2020.01.28-21.27.50:776][  0]LogConfig: Applying CVar settings from Section [EffectsQuality@3] File [C:/Users/S0unds0fS1lence/Desktop/GAM218_Repo/Saved/Config/Windows/Scalability.ini]
[2020.01.28-21.27.50:776][  0]LogConfig: Setting CVar [[r.TranslucencyLightingVolumeDim:64]]
[2020.01.28-21.27.50:776][  0]LogConfig: Setting CVar [[r.RefractionQuality:2]]
[2020.01.28-21.27.50:776][  0]LogConfig: Setting CVar [[r.SSR.Quality:3]]
[2020.01.28-21.27.50:776][  0]LogConfig: Setting CVar [[r.SSR.HalfResSceneColor:0]]
[2020.01.28-21.27.50:776][  0]LogConfig: Setting CVar [[r.SceneColorFormat:4]]
[2020.01.28-21.27.50:776][  0]LogConfig: Setting CVar [[r.DetailMode:2]]
[2020.01.28-21.27.50:776][  0]LogConfig: Setting CVar [[r.TranslucencyVolumeBlur:1]]
[2020.01.28-21.27.50:776][  0]LogConfig: Setting CVar [[r.MaterialQualityLevel:1 ; High quality]]
[2020.01.28-21.27.50:776][  0]LogConfig: Setting CVar [[r.SSS.Scale:1]]
[2020.01.28-21.27.50:776][  0]LogConfig: Setting CVar [[r.SSS.SampleSet:2]]
[2020.01.28-21.27.50:776][  0]LogConfig: Setting CVar [[r.SSS.Quality:1]]
[2020.01.28-21.27.50:776][  0]LogConfig: Setting CVar [[r.SSS.HalfRes:1]]
[2020.01.28-21.27.50:776][  0]LogConfig: Setting CVar [[r.SSGI.Quality:3]]
[2020.01.28-21.27.50:776][  0]LogConfig: Setting CVar [[r.EmitterSpawnRateScale:1.0]]
[2020.01.28-21.27.50:776][  0]LogConfig: Setting CVar [[r.ParticleLightQuality:2]]
[2020.01.28-21.27.50:776][  0]LogConfig: Setting CVar [[r.SkyAtmosphere.AerialPerspectiveLUT.FastApplyOnOpaque:1 ; Always have FastSkyLUT 1 in this case to avoid wrong sky]]
[2020.01.28-21.27.50:776][  0]LogConfig: Setting CVar [[r.SkyAtmosphere.AerialPerspectiveLUT.SampleCountPerSlice:1]]
[2020.01.28-21.27.50:776][  0]LogConfig: Setting CVar [[r.SkyAtmosphere.AerialPerspectiveLUT.DepthResolution:16.0]]
[2020.01.28-21.27.50:776][  0]LogConfig: Setting CVar [[r.SkyAtmosphere.FastSkyLUT:1]]
[2020.01.28-21.27.50:776][  0]LogConfig: Setting CVar [[r.SkyAtmosphere.FastSkyLUT.SampleCountMin:4.0]]
[2020.01.28-21.27.50:776][  0]LogConfig: Setting CVar [[r.SkyAtmosphere.FastSkyLUT.SampleCountMax:32.0]]
[2020.01.28-21.27.50:776][  0]LogConfig: Setting CVar [[r.SkyAtmosphere.SampleCountMin:4.0]]
[2020.01.28-21.27.50:776][  0]LogConfig: Setting CVar [[r.SkyAtmosphere.SampleCountMax:32.0]]
[2020.01.28-21.27.50:776][  0]LogConfig: Setting CVar [[r.SkyAtmosphere.TransmittanceLUT.UseSmallFormat:0]]
[2020.01.28-21.27.50:776][  0]LogConfig: Setting CVar [[r.SkyAtmosphere.TransmittanceLUT.SampleCount:10.0]]
[2020.01.28-21.27.50:776][  0]LogConfig: Setting CVar [[r.SkyAtmosphere.MultiScatteringLUT.SampleCount:15.0]]
[2020.01.28-21.27.50:776][  0]LogConfig: Applying CVar settings from Section [FoliageQuality@3] File [C:/Users/S0unds0fS1lence/Desktop/GAM218_Repo/Saved/Config/Windows/Scalability.ini]
[2020.01.28-21.27.50:776][  0]LogConfig: Setting CVar [[foliage.DensityScale:1.0]]
[2020.01.28-21.27.50:776][  0]LogConfig: Setting CVar [[grass.DensityScale:1.0]]
[2020.01.28-21.27.50:776][  0]LogConfig: Applying CVar settings from Section [ShadingQuality@3] File [C:/Users/S0unds0fS1lence/Desktop/GAM218_Repo/Saved/Config/Windows/Scalability.ini]
[2020.01.28-21.27.50:776][  0]LogConfig: Setting CVar [[r.HairStrands.SkyLighting.SampleCount:16]]
[2020.01.28-21.27.50:776][  0]LogConfig: Setting CVar [[r.HairStrands.SkyLighting.JitterIntegration:0]]
[2020.01.28-21.27.50:776][  0]LogConfig: Setting CVar [[r.HairStrands.SkyAO.SampleCount:16]]
[2020.01.28-21.27.50:776][  0]LogConfig: Applying CVar settings from Section [Startup] File [../../../Engine/Config/ConsoleVariables.ini]
[2020.01.28-21.27.50:817][  0]LogConfig: Setting CVar [[net.UseAdaptiveNetUpdateFrequency:0]]
[2020.01.28-21.27.50:817][  0]LogConfig: Setting CVar [[p.chaos.AllowCreatePhysxBodies:1]]
[2020.01.28-21.27.50:817][  0]LogConfig: Applying CVar settings from Section [ConsoleVariables] File [C:/Users/S0unds0fS1lence/Desktop/GAM218_Repo/Saved/Config/Windows/Engine.ini]
[2020.01.28-21.27.50:868][  0]LogInit: Computer: S0UNDSPC
[2020.01.28-21.27.50:868][  0]LogInit: User: S0unds0fS1lence
[2020.01.28-21.27.50:868][  0]LogInit: CPU Page size=4096, Cores=6
[2020.01.28-21.27.50:868][  0]LogInit: High frequency timer resolution =10.000000 MHz
[2020.01.28-21.27.50:868][  0]LogMemory: Memory total: Physical=7.8GB (8GB approx)
[2020.01.28-21.27.50:868][  0]LogMemory: Platform Memory Stats for Windows
[2020.01.28-21.27.50:868][  0]LogMemory: Process Physical Memory: 105.51 MB used, 105.52 MB peak
[2020.01.28-21.27.50:868][  0]LogMemory: Process Virtual Memory: 101.41 MB used, 101.41 MB peak
[2020.01.28-21.27.50:868][  0]LogMemory: Physical Memory: 6259.66 MB used,  1726.61 MB free, 7986.28 MB total
[2020.01.28-21.27.50:868][  0]LogMemory: Virtual Memory: 5173.69 MB used,  134212552.00 MB free, 134217728.00 MB total
[2020.01.28-21.27.50:877][  0]LogWindows: WindowsPlatformFeatures enabled
[2020.01.28-21.27.53:450][  0]LogInit: Using OS detected language (en-US).
[2020.01.28-21.27.53:450][  0]LogInit: Using OS detected locale (en-US).
[2020.01.28-21.27.53:544][  0]LogTextLocalizationManager: No specific localization for 'en-US' exists, so the 'en' localization will be used.
[2020.01.28-21.27.54:507][  0]LogInit: Setting process to per monitor DPI aware
[2020.01.28-21.27.55:189][  0]LogSlate: New Slate User Created.  User Index 0, Is Virtual User: 0
[2020.01.28-21.27.55:189][  0]LogSlate: Slate User Registered.  User Index 0, Is Virtual User: 0
[2020.01.28-21.27.56:772][  0]LogHMD: Failed to initialize OpenVR with code 110
[2020.01.28-21.27.56:772][  0]LogD3D11RHI: D3D11 min allowed feature level: 11_0
[2020.01.28-21.27.56:772][  0]LogD3D11RHI: D3D11 max allowed feature level: 11_0
[2020.01.28-21.27.56:772][  0]LogD3D11RHI: D3D11 adapters:
[2020.01.28-21.27.56:908][  0]LogD3D11RHI:    0. 'NVIDIA GeForce GTX 1050 Ti' (Feature Level 11_0)
[2020.01.28-21.27.56:908][  0]LogD3D11RHI:       4018/0/3993 MB DedicatedVideo/DedicatedSystem/SharedSystem, Outputs:1, VendorId:0x10de
[2020.01.28-21.27.56:939][  0]LogD3D11RHI:    1. 'Intel(R) UHD Graphics 630' (Feature Level 11_0)
[2020.01.28-21.27.56:939][  0]LogD3D11RHI:       128/0/3993 MB DedicatedVideo/DedicatedSystem/SharedSystem, Outputs:0, VendorId:0x8086
[2020.01.28-21.27.56:943][  0]LogD3D11RHI:    2. 'Microsoft Basic Render Driver' (Feature Level 11_0)
[2020.01.28-21.27.56:943][  0]LogD3D11RHI:       0/0/3993 MB DedicatedVideo/DedicatedSystem/SharedSystem, Outputs:0, VendorId:0x1414
[2020.01.28-21.27.56:943][  0]LogD3D11RHI: Chosen D3D11 Adapter: 0
[2020.01.28-21.27.57:028][  0]LogD3D11RHI: Creating new Direct3DDevice
[2020.01.28-21.27.57:028][  0]LogD3D11RHI:     GPU DeviceId: 0x1c8c (for the marketing name, search the web for "GPU Device Id")
[2020.01.28-21.27.57:028][  0]LogWindows: EnumDisplayDevices:
[2020.01.28-21.27.57:028][  0]LogWindows:    0. 'Intel(R) UHD Graphics 630' (P:1 D:1)
[2020.01.28-21.27.57:029][  0]LogWindows:    1. 'Intel(R) UHD Graphics 630' (P:0 D:0)
[2020.01.28-21.27.57:029][  0]LogWindows:    2. 'Intel(R) UHD Graphics 630' (P:0 D:0)
[2020.01.28-21.27.57:029][  0]LogWindows:    3. 'NVIDIA GeForce GTX 1050 Ti' (P:0 D:0)
[2020.01.28-21.27.57:029][  0]LogWindows: DebugString: PrimaryIsNotTheChoosenAdapter PrimaryIsNotTheChoosenAdapter PrimaryIsNotTheChoosenAdapter 
[2020.01.28-21.27.57:029][  0]LogD3D11RHI:     Adapter Name: NVIDIA GeForce GTX 1050 Ti
[2020.01.28-21.27.57:029][  0]LogD3D11RHI:   Driver Version: 441.87 (internal:26.21.14.4187, unified:441.87)
[2020.01.28-21.27.57:029][  0]LogD3D11RHI:      Driver Date: 12-24-2019
[2020.01.28-21.27.57:029][  0]LogRHI: Texture pool is 2812 MB (70% of 4018 MB)
[2020.01.28-21.27.57:117][  0]LogD3D11RHI: RHI has support for 64 bit atomics
[2020.01.28-21.27.57:119][  0]LogD3D11RHI: Async texture creation enabled
[2020.01.28-21.27.57:563][  0]LogD3D11RHI: GPU Timing Frequency: 1000.000000 (Debug: 2 1)
[2020.01.28-21.27.59:024][  0]LogTargetPlatformManager: Display: Loaded TargetPlatform 'AllDesktop'
[2020.01.28-21.27.59:154][  0]LogTargetPlatformManager: Display: Loaded TargetPlatform 'Android'
[2020.01.28-21.27.59:154][  0]LogTargetPlatformManager: Display: Loaded TargetPlatform 'Android_ASTC'
[2020.01.28-21.27.59:154][  0]LogTargetPlatformManager: Display: Loaded TargetPlatform 'Android_ATC'
[2020.01.28-21.27.59:154][  0]LogTargetPlatformManager: Display: Loaded TargetPlatform 'Android_DXT'
[2020.01.28-21.27.59:154][  0]LogTargetPlatformManager: Display: Loaded TargetPlatform 'Android_ETC1'
[2020.01.28-21.27.59:154][  0]LogTargetPlatformManager: Display: Loaded TargetPlatform 'Android_ETC1a'
[2020.01.28-21.27.59:154][  0]LogTargetPlatformManager: Display: Loaded TargetPlatform 'Android_ETC2'
[2020.01.28-21.27.59:154][  0]LogTargetPlatformManager: Display: Loaded TargetPlatform 'Android_PVRTC'
[2020.01.28-21.27.59:154][  0]LogTargetPlatformManager: Display: Loaded TargetPlatform 'AndroidClient'
[2020.01.28-21.27.59:154][  0]LogTargetPlatformManager: Display: Loaded TargetPlatform 'Android_ASTCClient'
[2020.01.28-21.27.59:154][  0]LogTargetPlatformManager: Display: Loaded TargetPlatform 'Android_ATCClient'
[2020.01.28-21.27.59:154][  0]LogTargetPlatformManager: Display: Loaded TargetPlatform 'Android_DXTClient'
[2020.01.28-21.27.59:154][  0]LogTargetPlatformManager: Display: Loaded TargetPlatform 'Android_ETC1Client'
[2020.01.28-21.27.59:154][  0]LogTargetPlatformManager: Display: Loaded TargetPlatform 'Android_ETC1aClient'
[2020.01.28-21.27.59:154][  0]LogTargetPlatformManager: Display: Loaded TargetPlatform 'Android_ETC2Client'
[2020.01.28-21.27.59:154][  0]LogTargetPlatformManager: Display: Loaded TargetPlatform 'Android_PVRTCClient'
[2020.01.28-21.27.59:154][  0]LogTargetPlatformManager: Display: Loaded TargetPlatform 'Android_Multi'
[2020.01.28-21.27.59:154][  0]LogTargetPlatformManager: Display: Loaded TargetPlatform 'Android_MultiClient'
[2020.01.28-21.27.59:356][  0]LogTargetPlatformManager: Display: Loaded TargetPlatform 'IOSClient'
[2020.01.28-21.27.59:356][  0]LogTargetPlatformManager: Display: Loaded TargetPlatform 'IOS'
[2020.01.28-21.27.59:388][  0]LogTargetPlatformManager: Display: Loaded TargetPlatform 'LinuxNoEditor'
[2020.01.28-21.27.59:424][  0]LogTargetPlatformManager: Display: Loaded TargetPlatform 'LinuxClient'
[2020.01.28-21.27.59:973][  0]LogTargetPlatformManager: Display: Loaded TargetPlatform 'LinuxServer'
[2020.01.28-21.28.00:294][  0]LogTargetPlatformManager: Display: Loaded TargetPlatform 'LinuxAArch64NoEditor'
[2020.01.28-21.28.00:325][  0]LogTargetPlatformManager: Display: Loaded TargetPlatform 'LinuxAArch64Client'
[2020.01.28-21.28.00:347][  0]LogTargetPlatformManager: Display: Loaded TargetPlatform 'LinuxAArch64Server'
[2020.01.28-21.28.00:425][  0]LogTargetPlatformManager: Display: Loaded TargetPlatform 'Lumin'
[2020.01.28-21.28.00:425][  0]LogTargetPlatformManager: Display: Loaded TargetPlatform 'LuminClient'
[2020.01.28-21.28.00:498][  0]LogTargetPlatformManager: Display: Loaded TargetPlatform 'TVOSClient'
[2020.01.28-21.28.00:498][  0]LogTargetPlatformManager: Display: Loaded TargetPlatform 'TVOS'
[2020.01.28-21.28.00:573][  0]LogTargetPlatformManager: Display: Loaded TargetPlatform 'WindowsNoEditor'
[2020.01.28-21.28.00:589][  0]LogTargetPlatformManager: Display: Loaded TargetPlatform 'Windows'
[2020.01.28-21.28.00:603][  0]LogTargetPlatformManager: Display: Loaded TargetPlatform 'WindowsClient'
[2020.01.28-21.28.00:615][  0]LogTargetPlatformManager: Display: Loaded TargetPlatform 'WindowsServer'
[2020.01.28-21.28.00:615][  0]LogTargetPlatformManager: Display: Building Assets For Windows
[2020.01.28-21.28.00:742][  0]LogAudioDebug: Display: Lib vorbis DLL was dynamically loaded.
[2020.01.28-21.28.01:533][  0]LogShaderCompilers: Guid format shader working directory is 11 characters bigger than the processId version (C:/Users/S0unds0fS1lence/Desktop/GAM218_Repo/Intermediate/Shaders/WorkingDirectory/18912/).
[2020.01.28-21.28.01:535][  0]LogShaderCompilers: Cleaned the shader compiler working directory 'C:/Users/S0unds0fS1lence/AppData/Local/Temp/UnrealShaderWorkingDir/3424FDA8467C1BD207660D9194FDFBEA/'.
[2020.01.28-21.28.01:536][  0]LogXGEController: Cleaning working directory: C:/Users/S0unds0fS1lence/AppData/Local/Temp/UnrealXGEWorkingDir/
[2020.01.28-21.28.01:537][  0]LogXGEController: Cannot use XGE Controller as Incredibuild is not installed on this machine.
[2020.01.28-21.28.01:537][  0]LogShaderCompilers: Cannot use XGE Shader Compiler as Incredibuild is not installed on this machine.
[2020.01.28-21.28.01:537][  0]LogShaderCompilers: Display: Using Local Shader Compiler.
[2020.01.28-21.28.04:106][  0]LogDerivedDataCache: Display: Max Cache Size: 512 MB
[2020.01.28-21.28.04:662][  0]LogDerivedDataCache: Loaded boot cache 0.55s 78MB C:/Users/S0unds0fS1lence/AppData/Local/UnrealEngine/4.24/DerivedDataCache/Boot.ddc.
[2020.01.28-21.28.04:662][  0]LogDerivedDataCache: Display: Loaded Boot cache: C:/Users/S0unds0fS1lence/AppData/Local/UnrealEngine/4.24/DerivedDataCache/Boot.ddc
[2020.01.28-21.28.04:662][  0]LogDerivedDataCache: FDerivedDataBackendGraph:  Pak pak cache file C:/Users/S0unds0fS1lence/Desktop/GAM218_Repo/DerivedDataCache/DDC.ddp not found, will not use a pak cache.
[2020.01.28-21.28.04:662][  0]LogDerivedDataCache: Unable to find inner node Pak for hierarchical cache Hierarchy.
[2020.01.28-21.28.04:662][  0]LogDerivedDataCache: FDerivedDataBackendGraph:  CompressedPak pak cache file C:/Users/S0unds0fS1lence/Desktop/GAM218_Repo/DerivedDataCache/Compressed.ddp not found, will not use a pak cache.
[2020.01.28-21.28.04:662][  0]LogDerivedDataCache: Unable to find inner node CompressedPak for hierarchical cache Hierarchy.
[2020.01.28-21.28.04:755][  0]LogDerivedDataCache: Display: Pak cache opened for reading ../../../Engine/DerivedDataCache/Compressed.ddp.
[2020.01.28-21.28.04:755][  0]LogDerivedDataCache: FDerivedDataBackendGraph:  EnterprisePak pak cache file ../../../Enterprise/DerivedDataCache/Compressed.ddp not found, will not use a pak cache.
[2020.01.28-21.28.04:755][  0]LogDerivedDataCache: Unable to find inner node EnterprisePak for hierarchical cache Hierarchy.
[2020.01.28-21.28.04:757][  0]LogDerivedDataCache: Using Local data cache path C:/Users/S0unds0fS1lence/AppData/Local/UnrealEngine/Common/DerivedDataCache: Writable
[2020.01.28-21.28.04:757][  0]LogDerivedDataCache: Shared data cache path not found in *engine.ini, will not use an Shared cache.
[2020.01.28-21.28.04:757][  0]LogDerivedDataCache: Unable to find inner node Shared for hierarchical cache Hierarchy.
[2020.01.28-21.28.04:829][  0]LogMaterial: Verifying Global Shaders for PCD3D_SM5
[2020.01.28-21.28.04:880][  0]LogSlate: Using FreeType 2.10.0
[2020.01.28-21.28.05:063][  0]LogSlate: SlateFontServices - WITH_FREETYPE: 1, WITH_HARFBUZZ: 1
[2020.01.28-21.28.06:234][  0]LogAssetRegistry: FAssetRegistry took 0.0632 seconds to start up
[2020.01.28-21.28.20:996][  0]LogInit: Selected Device Profile: [Windows]
[2020.01.28-21.28.23:295][  0]LogMeshReduction: Using QuadricMeshReduction for automatic static mesh reduction
[2020.01.28-21.28.23:295][  0]LogMeshReduction: Using SimplygonMeshReduction for automatic skeletal mesh reduction
[2020.01.28-21.28.23:295][  0]LogMeshReduction: Using ProxyLODMeshReduction for automatic mesh merging
[2020.01.28-21.28.23:295][  0]LogMeshReduction: No distributed automatic mesh merging module available
[2020.01.28-21.28.23:295][  0]LogMeshMerging: No distributed automatic mesh merging module available
[2020.01.28-21.28.23:838][  0]LogNetVersion: Space_Enforcers 1.0.0, NetCL: 10570792, EngineNetVer: 13, GameNetVer: 0 (Checksum: 111805191)
[2020.01.28-21.28.45:497][  0]LogPackageLocalizationCache: Processed 10 localized package path(s) for 1 prioritized culture(s) in 0.103122 seconds
[2020.01.28-21.28.45:552][  0]LogUObjectArray: 46750 objects as part of root set at end of initial load.
[2020.01.28-21.28.45:552][  0]LogUObjectAllocator: 8137160 out of 0 bytes used by permanent object pool.
[2020.01.28-21.28.45:552][  0]LogUObjectArray: CloseDisregardForGC: 0/0 objects in disregard for GC pool
[2020.01.28-21.28.58:757][  0]LogTcpMessaging: Initializing TcpMessaging bridge
[2020.01.28-21.28.58:835][  0]LogUdpMessaging: Initializing bridge on interface 0.0.0.0:0 to multicast group 230.0.0.1:6666.
[2020.01.28-21.28.59:968][  0]SourceControl: Source control is disabled
[2020.01.28-21.28.59:973][  0]SourceControl: Source control is disabled
[2020.01.28-21.29.00:117][  0]SourceControl: Source control is disabled
[2020.01.28-21.29.00:153][  0]SourceControl: Source control is disabled
[2020.01.28-21.29.00:190][  0]SourceControl: Source control is disabled
[2020.01.28-21.29.02:195][  0]LogAndroidPermission: UAndroidPermissionCallbackProxy::GetInstance
[2020.01.28-21.29.02:348][  0]LogAudioCaptureCore: Display: No Audio Capture implementations found. Audio input will be silent.
[2020.01.28-21.29.02:348][  0]LogAudioCaptureCore: Display: No Audio Capture implementations found. Audio input will be silent.
[2020.01.28-21.29.03:016][  0]LogOcInput: OculusInput pre-init called
[2020.01.28-21.29.03:080][  0]LogWindows: Failed to load 'OVRPlugin.dll' (GetLastError=126)
[2020.01.28-21.29.03:080][  0]LogWindows: File 'OVRPlugin.dll' does not exist
[2020.01.28-21.29.07:638][  0]LogEngine: Initializing Engine...
[2020.01.28-21.29.07:695][  0]LogHMD: Failed to initialize OpenVR with code 110
[2020.01.28-21.29.07:917][  0]LogStats: UGameplayTagsManager::InitializeManager -  0.051 s
[2020.01.28-21.29.10:093][  0]LogInit: Initializing FReadOnlyCVARCache
[2020.01.28-21.29.11:109][  0]LogAIModule: Creating AISystem for world Untitled
[2020.01.28-21.29.12:001][  0]LogAudioMixer: Display: Audio Mixer Platform Settings:
[2020.01.28-21.29.12:001][  0]LogAudioMixer: Display: 	Sample Rate:						  48000
[2020.01.28-21.29.12:001][  0]LogAudioMixer: Display: 	Callback Buffer Frame Size Requested: 1024
[2020.01.28-21.29.12:001][  0]LogAudioMixer: Display: 	Callback Buffer Frame Size To Use:	  1024
[2020.01.28-21.29.12:001][  0]LogAudioMixer: Display: 	Number of buffers to queue:			  2
[2020.01.28-21.29.12:001][  0]LogAudioMixer: Display: 	Max Channels (voices):				  32
[2020.01.28-21.29.12:001][  0]LogAudioMixer: Display: 	Number of Async Source Workers:		  0
[2020.01.28-21.29.12:012][  0]LogAudio: Display: AudioDevice MaxSources: 32
[2020.01.28-21.29.12:024][  0]LogAudio: Display: Using built-in audio occlusion.
[2020.01.28-21.29.12:025][  0]LogAudioMixer: Display: Initializing audio mixer.
[2020.01.28-21.29.12:110][  0]LogAudioMixer: Display: Audio Device Output Speaker Info:
[2020.01.28-21.29.12:110][  0]LogAudioMixer: Display: Name: TurtleBeach Headphones (Realtek(R) Audio)
[2020.01.28-21.29.12:110][  0]LogAudioMixer: Display: Is Default: Yes
[2020.01.28-21.29.12:110][  0]LogAudioMixer: Display: Sample Rate: 48000
[2020.01.28-21.29.12:110][  0]LogAudioMixer: Display: Channel Count Used: 2
[2020.01.28-21.29.12:110][  0]LogAudioMixer: Display: Device Channel Count: 2
[2020.01.28-21.29.12:110][  0]LogAudioMixer: Display: Channel Order:
[2020.01.28-21.29.12:110][  0]LogAudioMixer: Display: 0: FrontLeft
[2020.01.28-21.29.12:110][  0]LogAudioMixer: Display: 1: FrontRight
[2020.01.28-21.29.12:134][  0]LogAudioMixer: Display: Using Audio Device TurtleBeach Headphones (Realtek(R) Audio)
[2020.01.28-21.29.12:201][  0]LogInit: FAudioDevice initialized.
[2020.01.28-21.29.12:204][  0]LogNetVersion: Set ProjectVersion to 1.0.0.0. Version Checksum will be recalculated on next use.
[2020.01.28-21.29.12:421][  0]LogDerivedDataCache: Saved boot cache 0.22s 78MB C:/Users/S0unds0fS1lence/AppData/Local/UnrealEngine/4.24/DerivedDataCache/Boot.ddc.
[2020.01.28-21.29.12:422][  0]LogInit: Texture streaming: Enabled
[2020.01.28-21.29.12:739][  0]LogEngineSessionManager: EngineSessionManager initialized
[2020.01.28-21.29.12:752][  0]LogEngineSessionManager: EngineSessionManager sent abnormal shutdown report. Type=AbnormalShutdown, SessionId={CA08D0A1-4C60-176C-29E5-59BC30D3FA92}
[2020.01.28-21.29.12:754][  0]LogEditorSessionSummary: Verbose: Initializing EditorSessionSummaryWriter for editor session tracking
[2020.01.28-21.29.12:816][  0]LogEditorSessionSummary: EditorSessionSummaryWriter initialized
[2020.01.28-21.29.13:397][  0]LogInit: Transaction tracking system initialized
[2020.01.28-21.29.13:988][  0]BlueprintLog: New page: Editor Load
[2020.01.28-21.29.16:080][  0]LocalizationService: Localization service is disabled
[2020.01.28-21.29.23:365][  0]LogFileCache: Scanning file cache for directory 'C:/Users/S0unds0fS1lence/Desktop/GAM218_Repo/Content/' took 0.04s
[2020.01.28-21.29.23:365][  0]LogCook: Display: Max memory allowance for cook 16384mb min free memory 0mb
[2020.01.28-21.29.23:365][  0]LogCook: Display: Mobile HDR setting 1
[2020.01.28-21.29.35:243][  0]SourceControl: Source control is disabled
[2020.01.28-21.29.35:291][  0]Cmd: MAP LOAD FILE="C:/Users/S0unds0fS1lence/Desktop/GAM218_Repo/Content/FirstPersonBP/Maps/FirstPersonExampleMap.umap" TEMPLATE=0 SHOWPROGRESS=1 FEATURELEVEL=3
[2020.01.28-21.29.35:292][  0]LogEditorServer: Warning: Can't find file 'C:/Users/S0unds0fS1lence/Desktop/GAM218_Repo/Content/FirstPersonBP/Maps/FirstPersonExampleMap.umap'
[2020.01.28-21.29.35:313][  0]Cmd: MAP CHECKDEP NOCLEARLOG
[2020.01.28-21.29.35:371][  0]MapCheck: Map check complete: 0 Error(s), 0 Warning(s), took 50.008ms to complete.
[2020.01.28-21.29.35:374][  0]LogFileHelpers: Loading map 'FirstPersonExampleMap' took 0.088
[2020.01.28-21.29.40:826][  0]LogSlate: Updating window title bar state: overlay mode, drag disabled, window buttons hidden, title bar hidden
[2020.01.28-21.29.40:847][  0]LogSlate: Updating window title bar state: overlay mode, drag disabled, window buttons hidden, title bar hidden
[2020.01.28-21.29.40:855][  0]LogSlate: Updating window title bar state: overlay mode, drag disabled, window buttons hidden, title bar hidden
[2020.01.28-21.29.40:861][  0]LogSlate: Updating window title bar state: overlay mode, drag disabled, window buttons hidden, title bar hidden
[2020.01.28-21.29.41:107][  0]LogCollectionManager: Loaded 0 collections in 0.001077 seconds
[2020.01.28-21.29.41:295][  0]LogFileCache: Scanning file cache for directory 'C:/Users/S0unds0fS1lence/Desktop/GAM218_Repo/Saved/Collections/' took 0.00s
[2020.01.28-21.29.41:295][  0]LogFileCache: Scanning file cache for directory 'C:/Users/S0unds0fS1lence/Desktop/GAM218_Repo/Content/Developers/S0unds0fS1lence/Collections/' took 0.00s
[2020.01.28-21.29.41:295][  0]LogFileCache: Scanning file cache for directory 'C:/Users/S0unds0fS1lence/Desktop/GAM218_Repo/Content/Collections/' took 0.00s
[2020.01.28-21.29.41:295][  0]LogContentBrowser: Native class hierarchy populated in 0.0185 seconds. Added 3015 classes and 717 folders.
[2020.01.28-21.29.41:559][  0]LogContentBrowser: Native class hierarchy updated for 'WidgetCarousel' in 0.0003 seconds. Added 0 classes and 0 folders.
[2020.01.28-21.29.44:012][  0]LogContentBrowser: Native class hierarchy updated for 'AddContentDialog' in 0.0003 seconds. Added 0 classes and 0 folders.
[2020.01.28-21.29.44:264][  0]LogContentBrowser: Native class hierarchy updated for 'SceneOutliner' in 0.0012 seconds. Added 2 classes and 3 folders.
[2020.01.28-21.29.46:147][  0]LogSlate: Took 0.072048 seconds to synchronously load lazily loaded font '../../../Engine/Content/Slate/Fonts/Roboto-Regular.ttf' (155K)
[2020.01.28-21.29.46:235][  0]LogSlate: Took 0.035908 seconds to synchronously load lazily loaded font '../../../Engine/Content/Slate/Fonts/Roboto-Bold.ttf' (160K)
[2020.01.28-21.29.46:439][  0]LogSlate: Took 0.021743 seconds to synchronously load lazily loaded font '../../../Engine/Content/Editor/Slate/Fonts/FontAwesome.ttf' (139K)
[2020.01.28-21.29.47:793][  0]LogRenderer: Reallocating scene render targets to support 912x432 Format 10 NumSamples 1 (Frame:1).
[2020.01.28-21.29.57:549][  0]LogContentBrowser: Native class hierarchy updated for 'HierarchicalLODOutliner' in 0.0003 seconds. Added 0 classes and 0 folders.
[2020.01.28-21.29.57:549][  0]LogLoad: (Engine Initialization) Total time: 176.16 seconds
[2020.01.28-21.29.57:549][  0]LogLoad: (Engine Initialization) Total Blueprint compile time: 0.00 seconds
[2020.01.28-21.29.59:880][  0]LogContentStreaming: Texture pool size now 1000 MB
[2020.01.28-21.30.02:571][ 22]LogSlate: Took 0.012721 seconds to synchronously load lazily loaded font '../../../Engine/Content/Slate/Fonts/Roboto-Light.ttf' (167K)
[2020.01.28-21.30.02:933][ 27]LogAssetRegistry: Asset discovery search completed in 116.7021 seconds
[2020.01.28-21.30.03:031][ 27]LogCollectionManager: Fixed up redirectors for 0 collections in 0.013251 seconds (updated 0 objects)
[2020.01.28-21.30.07:251][ 35]LogSlate: Took 0.000178 seconds to synchronously load lazily loaded font '../../../Engine/Content/Slate/Fonts/Roboto-Light.ttf' (167K)
[2020.01.28-21.30.12:167][ 35]LogTexture: Display: Building textures: HQ_Lightmap0_4 (AutoDXT, 64X64)
[2020.01.28-21.30.12:168][ 35]LogTexture: Display: Building textures: LQ_Lightmap_0_4 (DXT1, 64X64)
[2020.01.28-21.30.12:168][ 35]LogTexture: Display: Building textures: HQ_Lightmap0_3 (AutoDXT, 128X128)
[2020.01.28-21.30.12:168][ 35]LogTexture: Display: Building textures: SkyOcclusion0_3 (AutoDXT, 128X64)
[2020.01.28-21.30.12:168][ 35]LogTexture: Display: Building textures: SkyOcclusion0_4 (AutoDXT, 64X32)
[2020.01.28-21.30.12:168][ 35]LogTexture: Display: Building textures: LQ_Lightmap_0_3 (DXT1, 128X128)
[2020.01.28-21.30.12:168][ 35]LogTexture: Display: Building textures: LQ_Lightmap_1_2 (DXT1, 512X512)
[2020.01.28-21.30.12:168][ 35]LogTexture: Display: Building textures: HQ_Lightmap1_2 (AutoDXT, 512X512)
[2020.01.28-21.30.12:168][ 35]LogTexture: Display: Building textures: LQ_Lightmap_1_1 (DXT1, 2048X2048)
[2020.01.28-21.30.12:168][ 35]LogTexture: Display: Building textures: HQ_Lightmap1_1 (AutoDXT, 2048X2048)
[2020.01.28-21.30.12:168][ 35]LogTexture: Display: Building textures: SkyOcclusion1_2 (AutoDXT, 512X256)
[2020.01.28-21.30.12:168][ 35]LogTexture: Display: Building textures: SkyOcclusion1_1 (AutoDXT, 2048X1024)
[2020.01.28-21.30.12:221][ 35]LogAIModule: Creating AISystem for world MainLevel
[2020.01.28-21.30.12:655][ 35]PIE: Warning: AttachTo: '/Game/FirstPersonBP/Maps/MainLevel.MainLevel:PersistentLevel.SecondDoor_BP_2.DefaultSceneRoot' is not static  (in blueprint "InputDoor_BP"), cannot attach '/Game/FirstPersonBP/Maps/MainLevel.MainLevel:PersistentLevel.SecondDoor_BP_2.Lamp' which is static to it. Aborting.
[2020.01.28-21.30.12:655][ 35]PIE: Warning: AttachTo: '/Game/FirstPersonBP/Maps/MainLevel.MainLevel:PersistentLevel.SecondDoor_BP_2.DefaultSceneRoot' is not static  (in blueprint "InputDoor_BP"), cannot attach '/Game/FirstPersonBP/Maps/MainLevel.MainLevel:PersistentLevel.SecondDoor_BP_2.Pad' which is static to it. Aborting.
[2020.01.28-21.30.12:655][ 35]PIE: Warning: AttachTo: '/Game/FirstPersonBP/Maps/MainLevel.MainLevel:PersistentLevel.SecondDoor_BP_2.DefaultSceneRoot' is not static  (in blueprint "InputDoor_BP"), cannot attach '/Game/FirstPersonBP/Maps/MainLevel.MainLevel:PersistentLevel.SecondDoor_BP_2.Pad2' which is static to it. Aborting.
[2020.01.28-21.30.12:843][ 35]LogAssetEditorSubsystem: Opening Asset editor for World /Game/FirstPersonBP/Maps/MainLevel.MainLevel
[2020.01.28-21.30.13:561][ 35]LogUObjectHash: Compacting FUObjectHashTables data took   4.09ms
[2020.01.28-21.30.13:867][ 35]Cmd: MAP LOAD FILE="C:/Users/S0unds0fS1lence/Desktop/GAM218_Repo/Content/FirstPersonBP/Maps/MainLevel.umap" TEMPLATE=0 SHOWPROGRESS=1 FEATURELEVEL=3
[2020.01.28-21.30.13:882][ 35]LightingResults: New page: Lighting Build
[2020.01.28-21.30.13:907][ 35]LogContentBrowser: Native class hierarchy updated for 'StatsViewer' in 0.0008 seconds. Added 5 classes and 0 folders.
[2020.01.28-21.30.13:910][ 35]LoadErrors: New page: Loading map: MainLevel.umap
[2020.01.28-21.30.13:942][ 35]LogWorld: UWorld::CleanupWorld for Untitled, bSessionEnded=true, bCleanupResources=true
[2020.01.28-21.30.13:973][ 35]LogSlate: InvalidateAllWidgets triggered.  All widgets were invalidated
[2020.01.28-21.30.14:016][ 35]MapCheck: New page: Map Check
[2020.01.28-21.30.14:016][ 35]LightingResults: New page: Lighting Build
[2020.01.28-21.30.14:285][ 35]LogUObjectHash: Compacting FUObjectHashTables data took   1.54ms
[2020.01.28-21.30.14:626][ 35]PIE: Warning: AttachTo: '/Game/FirstPersonBP/Maps/MainLevel.MainLevel:PersistentLevel.SecondDoor_BP_2.DefaultSceneRoot' is not static  (in blueprint "InputDoor_BP"), cannot attach '/Game/FirstPersonBP/Maps/MainLevel.MainLevel:PersistentLevel.SecondDoor_BP_2.Lamp' which is static to it. Aborting.
[2020.01.28-21.30.14:626][ 35]PIE: Warning: AttachTo: '/Game/FirstPersonBP/Maps/MainLevel.MainLevel:PersistentLevel.SecondDoor_BP_2.DefaultSceneRoot' is not static  (in blueprint "InputDoor_BP"), cannot attach '/Game/FirstPersonBP/Maps/MainLevel.MainLevel:PersistentLevel.SecondDoor_BP_2.Pad' which is static to it. Aborting.
[2020.01.28-21.30.14:626][ 35]PIE: Warning: AttachTo: '/Game/FirstPersonBP/Maps/MainLevel.MainLevel:PersistentLevel.SecondDoor_BP_2.DefaultSceneRoot' is not static  (in blueprint "InputDoor_BP"), cannot attach '/Game/FirstPersonBP/Maps/MainLevel.MainLevel:PersistentLevel.SecondDoor_BP_2.Pad2' which is static to it. Aborting.
[2020.01.28-21.30.14:906][ 35]LogEditorServer: Finished looking for orphan Actors (0.000 secs)
[2020.01.28-21.30.15:025][ 35]LogUObjectHash: Compacting FUObjectHashTables data took   1.53ms
[2020.01.28-21.30.15:047][ 35]Cmd: MAP CHECKDEP NOCLEARLOG
[2020.01.28-21.30.15:047][ 35]MapCheck: Map check complete: 0 Error(s), 0 Warning(s), took 0.113ms to complete.
[2020.01.28-21.30.15:047][ 35]LogFileHelpers: Loading map 'MainLevel' took 1.361
[2020.01.28-21.30.21:719][379]LogEditorViewport: Clicking on Actor (LMB): StaticMeshActor (Roof)
[2020.01.28-21.30.22:682][379]LogEditorViewport: Clicking on Actor (context menu): StaticMeshActor (Roof)
[2020.01.28-21.30.33:710][952]LogEditorViewport: Clicking on Actor (LMB): StaticMeshActor (Floor)
[2020.01.28-21.30.38:000][164]Cmd: TRANSACTION UNDO
[2020.01.28-21.30.38:021][164]LogEditorTransaction: Undo Scale Actors
[2020.01.28-21.30.51:653][948]LogEditorViewport: Clicking on Actor (LMB): StaticMeshActor (Floor)
[2020.01.28-21.30.55:513][134]MapCheck: New page: Map Check
[2020.01.28-21.30.56:034][134]Cmd: MAP REBUILD ALLVISIBLE
[2020.01.28-21.30.56:034][134]LogEditorServer: Rebuildmap Clear paths rebuilt
[2020.01.28-21.30.56:566][134]LogWorld: UWorld::CleanupWorld for MainLevel, bSessionEnded=true, bCleanupResources=false
[2020.01.28-21.30.56:786][134]PIE: Warning: AttachTo: '/Game/FirstPersonBP/Maps/MainLevel.MainLevel:PersistentLevel.SecondDoor_BP_2.DefaultSceneRoot' is not static  (in blueprint "InputDoor_BP"), cannot attach '/Game/FirstPersonBP/Maps/MainLevel.MainLevel:PersistentLevel.SecondDoor_BP_2.Lamp' which is static to it. Aborting.
[2020.01.28-21.30.56:786][134]PIE: Warning: AttachTo: '/Game/FirstPersonBP/Maps/MainLevel.MainLevel:PersistentLevel.SecondDoor_BP_2.DefaultSceneRoot' is not static  (in blueprint "InputDoor_BP"), cannot attach '/Game/FirstPersonBP/Maps/MainLevel.MainLevel:PersistentLevel.SecondDoor_BP_2.Pad' which is static to it. Aborting.
[2020.01.28-21.30.56:786][134]PIE: Warning: AttachTo: '/Game/FirstPersonBP/Maps/MainLevel.MainLevel:PersistentLevel.SecondDoor_BP_2.DefaultSceneRoot' is not static  (in blueprint "InputDoor_BP"), cannot attach '/Game/FirstPersonBP/Maps/MainLevel.MainLevel:PersistentLevel.SecondDoor_BP_2.Pad2' which is static to it. Aborting.
[2020.01.28-21.30.56:964][134]LightingResults: New page: Lighting Build - Jan 28, 2020, 7:30:56 AM
[2020.01.28-21.30.57:221][134]LogSwarmInterface: [OpenConnection] Registering TCP channel ...
[2020.01.28-21.30.57:506][134]LogSwarmInterface: [OpenConnection] Connecting to agent ...
[2020.01.28-21.30.57:529][134]LogSwarmInterface: [TryOpenConnection] Testing the Agent
[2020.01.28-21.30.58:554][134]LogSwarmInterface: [TryOpenConnection] Opening Connection to Agent
[2020.01.28-21.30.58:554][134]LogSwarmInterface: [TryOpenConnection] Local Process ID is 18912
[2020.01.28-21.31.01:486][134]LogStaticLightingSystem: Warning: No importance volume found, so the scene bounding box was used.  You can optimize your scene's quality and lighting build times by adding importance volumes.
[2020.01.28-21.31.01:582][134]LogStaticLightingSystem: Running Lightmass w/ ImmediateImport mode ENABLED
[2020.01.28-21.31.01:582][134]LogStaticLightingSystem: Running Lightmass w/ ImmediateProcess mode ENABLED
[2020.01.28-21.31.01:582][134]LogStaticLightingSystem: Running Lightmass w/ Sorting mode ENABLED
[2020.01.28-21.31.01:583][134]LogStaticLightingSystem: Running Lightmass w/ Mapping paddings ENABLED
[2020.01.28-21.31.01:583][134]LogStaticLightingSystem: Running Lightmass w/ Mapping debug paddings DISABLED
[2020.01.28-21.31.01:848][134]LogEditorBuildUtils: Build time 0:05
[2020.01.28-21.31.02:325][139]LogUObjectHash: Compacting FUObjectHashTables data took   1.63ms
[2020.01.28-21.31.24:030][316]Job is a success!
[2020.01.28-21.31.25:844][317]LogVolumetricLightmapImport: Imported Volumetric Lightmap in 0.067s
[2020.01.28-21.31.25:844][317]LogVolumetricLightmapImport:      Indirection Texture 16x16x16 = 0.0Mb
[2020.01.28-21.31.25:844][317]LogVolumetricLightmapImport:      BrickData (all levels) 1.0Mb
[2020.01.28-21.31.25:844][317]LogVolumetricLightmapImport:      Bricks at depth
[2020.01.28-21.31.25:844][317]LogVolumetricLightmapImport:          0: 0.5% covering 100.0% of volume
[2020.01.28-21.31.25:844][317]LogVolumetricLightmapImport:          1: 7.7% covering 25.0% of volume
[2020.01.28-21.31.25:844][317]LogVolumetricLightmapImport:          2: 91.9% covering 4.7% of volume
[2020.01.28-21.31.25:844][317]LogVolumetricLightmapImport:      Bricks in each level
[2020.01.28-21.31.25:844][317]LogVolumetricLightmapImport:          MainLevel 			 209 bricks 	 100.0% (Persistent Level)
[2020.01.28-21.31.28:410][317]LogTexture: Display: Building textures: SkyOcclusion0_1 (AutoDXT, 2048X1024)
[2020.01.28-21.31.28:410][317]LogTexture: Display: Building textures: HQ_Lightmap0_1 (AutoDXT, 2048X2048)
[2020.01.28-21.31.28:410][317]LogTexture: Display: Building textures: SkyOcclusion0_2 (AutoDXT, 512X256)
[2020.01.28-21.31.28:410][317]LogTexture: Display: Building textures: HQ_Lightmap0_2 (AutoDXT, 512X512)
[2020.01.28-21.31.28:410][317]LogTexture: Display: Building textures: LQ_Lightmap_0_1 (DXT1, 2048X2048)
[2020.01.28-21.31.28:410][317]LogTexture: Display: Building textures: LQ_Lightmap_0_2 (DXT1, 512X512)
[2020.01.28-21.31.28:410][317]LogTexture: Display: Building textures: SkyOcclusion1_3 (AutoDXT, 128X64)
[2020.01.28-21.31.28:410][317]LogTexture: Display: Building textures: HQ_Lightmap1_3 (AutoDXT, 128X128)
[2020.01.28-21.31.28:410][317]LogTexture: Display: Building textures: LQ_Lightmap_1_3 (DXT1, 128X128)
[2020.01.28-21.31.28:410][317]LogTexture: Display: Building textures: SkyOcclusion1_4 (AutoDXT, 64X32)
[2020.01.28-21.31.28:410][317]LogTexture: Display: Building textures: LQ_Lightmap_1_4 (DXT1, 64X64)
[2020.01.28-21.31.28:410][317]LogTexture: Display: Building textures: HQ_Lightmap1_4 (AutoDXT, 64X64)
[2020.01.28-21.31.29:250][317]LogTexture: Display: Building textures: ShadowMapTexture2D_4 (G8, 32X32)
[2020.01.28-21.31.29:250][317]LogTexture: Display: Building textures: ShadowMapTexture2D_3 (BGRA8, 128X32)
[2020.01.28-21.31.29:250][317]LogTexture: Display: Building textures: ShadowMapTexture2D_2 (BGRA8, 1024X128)
[2020.01.28-21.31.29:250][317]LogTexture: Display: Building textures: ShadowMapTexture2D_1 (BGRA8, 1024X1024)
[2020.01.28-21.31.29:309][317]LogTexture: Display: Building textures: ShadowMapTexture2D_0 (BGRA8, 1024X1024)
[2020.01.28-21.31.29:309][317]LogStaticLightingSystem: MainLevel_BuiltData storing lightmap data for 31 meshes in 6 LightmapResourceClusters (5.2 Meshes per cluster).
[2020.01.28-21.31.29:568][317]LogUObjectHash: Compacting FUObjectHashTables data took   1.63ms
[2020.01.28-21.31.29:588][317]LogStaticLightingSystem: Illumination: 32.6 sec (602 ms encoding lightmaps, 877 ms encoding shadowmaps)
[2020.01.28-21.31.29:589][317]LogStaticLightingSystem: Lightmap texture memory:  11.4 MB (11.3 MB streaming, 0.0 MB non-streaming), 8 textures
[2020.01.28-21.31.29:589][317]LogStaticLightingSystem: Shadowmap texture memory: 11.4 MB (11.3 MB streaming, 0.0 MB non-streaming), 5 textures
[2020.01.28-21.31.30:441][317]DumpUnbuiltLightIteractions
[2020.01.28-21.31.30:441][317]Lights with unbuilt interactions: 0
[2020.01.28-21.31.30:441][317]
[2020.01.28-21.31.30:441][317]Primitives with unbuilt interactions: 0
[2020.01.28-21.31.31:317][318]Cmd: MAP CHECK NOTIFYRESULTS
[2020.01.28-21.31.31:317][318]MapCheck: New page: MainLevel - Jan 28, 2020, 7:31:31 AM
[2020.01.28-21.31.31:830][318]MapCheck: Warning: FirstDoor_BP Static mesh actor has NULL StaticMesh property 
[2020.01.28-21.31.31:830][318]MapCheck: Warning: FirstDoor_BP Static mesh actor has NULL StaticMesh property 
[2020.01.28-21.31.31:830][318]MapCheck: Warning: KeycardDoor_BP_2 Static mesh actor has NULL StaticMesh property 
[2020.01.28-21.31.31:830][318]MapCheck: Warning: KeycardDoor_BP_2 Static mesh actor has NULL StaticMesh property 
[2020.01.28-21.31.31:830][318]MapCheck: Warning: SecondDoor_BP_2 Static mesh actor has NULL StaticMesh property 
[2020.01.28-21.31.31:831][318]MapCheck: Warning: SecondDoor_BP_2 Static mesh actor has NULL StaticMesh property 
[2020.01.28-21.31.31:831][318]MapCheck: Warning: AutoDoor_BP_2 Static mesh actor has NULL StaticMesh property 
[2020.01.28-21.31.31:831][318]MapCheck: Warning: AutoDoor_BP_2 Static mesh actor has NULL StaticMesh property 
[2020.01.28-21.31.31:831][318]MapCheck: Map check complete: 0 Error(s), 8 Warning(s), took 513.534ms to complete.
[2020.01.28-21.31.43:913][ 32]LogEditorViewport: Clicking on Actor (context menu): StaticMeshActor (Cube6)
[2020.01.28-21.31.44:766][ 74]LogEditorViewport: Clicking on Actor (context menu): StaticMeshActor (Floor)
[2020.01.28-21.31.45:331][103]LogEditorViewport: Clicking on Actor (context menu): StaticMeshActor (Floor)
[2020.01.28-21.31.46:216][155]LogEditorViewport: Clicking on Actor (LMB): BP_Sky_Sphere_C (SkySphereBlueprint)
[2020.01.28-21.31.46:871][164]LogEditorViewport: Clicking on Actor (context menu): BP_Sky_Sphere_C (SkySphereBlueprint)
[2020.01.28-21.31.47:515][196]LogEditorViewport: Clicking on Actor (context menu): StaticMeshActor (Cube15)
[2020.01.28-21.31.48:378][231]LogEditorViewport: Clicking on Actor (LMB): StaticMeshActor (Floor)
[2020.01.28-21.31.49:166][277]LogEditorViewport: Clicking on Actor (LMB): StaticMeshActor (Floor)
[2020.01.28-21.31.49:985][326]LogEditorViewport: Clicking on Actor (context menu): StaticMeshActor (Floor)
[2020.01.28-21.31.50:560][356]LogEditorViewport: Clicking on Actor (LMB): BP_Sky_Sphere_C (SkySphereBlueprint)
[2020.01.28-21.31.51:284][398]LogEditorViewport: Clicking on Actor (context menu): BP_Sky_Sphere_C (SkySphereBlueprint)
[2020.01.28-21.31.53:978][540]LogEditorViewport: Clicking on Actor (context menu): StaticMeshActor (Floor)
[2020.01.28-21.31.55:192][606]LogEditorViewport: Clicking on Actor (LMB): StaticMeshActor (Floor)
[2020.01.28-21.31.56:477][683]LogEditorViewport: Clicking on Actor (context menu): StaticMeshActor (Floor)
[2020.01.28-21.32.04:125][ 64]LogEditorViewport: Clicking on Actor (context menu): StaticMeshActor (Cube14)
[2020.01.28-21.32.07:871][274]LogEditorViewport: Clicking on Actor (context menu): StaticMeshActor (Floor)
[2020.01.28-21.32.30:115][464]Cmd: OBJ SAVEPACKAGE PACKAGE="/Game/FirstPersonBP/Maps/MainLevel" FILE="C:/Users/S0unds0fS1lence/Desktop/GAM218_Repo/Content/FirstPersonBP/Maps/MainLevel.umap" SILENT=true AUTOSAVING=false KEEPDIRTY=false
[2020.01.28-21.32.30:208][464]LogUObjectHash: Compacting FUObjectHashTables data took   1.52ms
[2020.01.28-21.32.31:556][464]LogSavePackage: Moving 'C:/Users/S0unds0fS1lence/Desktop/GAM218_Repo/Saved/MainLevel0D0A0A954E44592D34D03D82E1CF6FEE.tmp' to 'C:/Users/S0unds0fS1lence/Desktop/GAM218_Repo/Content/FirstPersonBP/Maps/MainLevel.umap'
[2020.01.28-21.32.31:635][464]Cmd: OBJ SAVEPACKAGE PACKAGE="/Game/FirstPersonBP/Maps/MainLevel_BuiltData" FILE="C:/Users/S0unds0fS1lence/Desktop/GAM218_Repo/Content/FirstPersonBP/Maps/MainLevel_BuiltData.uasset" SILENT=true
[2020.01.28-21.32.31:835][464]LogSavePackage: Moving 'C:/Users/S0unds0fS1lence/Desktop/GAM218_Repo/Saved/MainLevel_BuiltDataE05E9E944120AA1EDCFA78AD6FEA6266.tmp' to 'C:/Users/S0unds0fS1lence/Desktop/GAM218_Repo/Content/FirstPersonBP/Maps/MainLevel_BuiltData.uasset'
[2020.01.28-21.32.31:849][464]AssetCheck: New page: Asset Save: multiple assets
[2020.01.28-21.32.31:849][464]LogContentValidation: Display: Validating World /Game/FirstPersonBP/Maps/MainLevel.MainLevel
[2020.01.28-21.32.31:849][464]LogContentValidation: Display: Validating MapBuildDataRegistry /Game/FirstPersonBP/Maps/MainLevel_BuiltData.MainLevel_BuiltData
[2020.01.28-21.32.32:946][527]LogEditorViewport: Clicking on Actor (context menu): TriggerVolume (FirstDoorLightTrgr)
[2020.01.28-21.33.09:333][525]LogActorFactory: Actor Factory created Cube
[2020.01.28-21.33.09:975][559]LogActorFactory: Actor Factory created Cube
[2020.01.28-21.33.12:421][693]LogEditorViewport: Clicking on Actor (LMB): StaticMeshActor (Floor)
[2020.01.28-21.33.13:265][742]LogEditorViewport: Clicking on Actor (LMB): StaticMeshActor (Cube21)
[2020.01.28-21.33.14:691][826]LogEditorViewport: Clicking on Actor (LMB): StaticMeshActor (Floor)
[2020.01.28-21.33.15:422][868]LogEditorViewport: Clicking on Actor (LMB): StaticMeshActor (Cube21)
[2020.01.28-21.33.16:619][937]Cmd: DELETE
[2020.01.28-21.33.16:619][937]Cmd: ACTOR DELETE
[2020.01.28-21.33.17:187][937]LogEditorActor: Deleted Actor: StaticMeshActor
[2020.01.28-21.33.17:216][937]LogUObjectHash: Compacting FUObjectHashTables data took   1.65ms
[2020.01.28-21.33.17:217][937]LogEditorActor: Deleted 1 Actors (0.109 secs)
[2020.01.28-21.33.18:259][997]LogEditorViewport: Clicking on Actor (context menu): StaticMeshActor (Floor)
[2020.01.28-21.33.21:254][157]MapCheck: New page: Map Check
[2020.01.28-21.33.21:273][157]Cmd: MAP REBUILD ALLVISIBLE
[2020.01.28-21.33.21:273][157]LogEditorServer: Rebuildmap Clear paths rebuilt
[2020.01.28-21.33.21:280][157]LogWorld: UWorld::CleanupWorld for MainLevel, bSessionEnded=true, bCleanupResources=false
[2020.01.28-21.33.21:293][157]PIE: Warning: AttachTo: '/Game/FirstPersonBP/Maps/MainLevel.MainLevel:PersistentLevel.SecondDoor_BP_2.DefaultSceneRoot' is not static  (in blueprint "InputDoor_BP"), cannot attach '/Game/FirstPersonBP/Maps/MainLevel.MainLevel:PersistentLevel.SecondDoor_BP_2.Lamp' which is static to it. Aborting.
[2020.01.28-21.33.21:293][157]PIE: Warning: AttachTo: '/Game/FirstPersonBP/Maps/MainLevel.MainLevel:PersistentLevel.SecondDoor_BP_2.DefaultSceneRoot' is not static  (in blueprint "InputDoor_BP"), cannot attach '/Game/FirstPersonBP/Maps/MainLevel.MainLevel:PersistentLevel.SecondDoor_BP_2.Pad' which is static to it. Aborting.
[2020.01.28-21.33.21:293][157]PIE: Warning: AttachTo: '/Game/FirstPersonBP/Maps/MainLevel.MainLevel:PersistentLevel.SecondDoor_BP_2.DefaultSceneRoot' is not static  (in blueprint "InputDoor_BP"), cannot attach '/Game/FirstPersonBP/Maps/MainLevel.MainLevel:PersistentLevel.SecondDoor_BP_2.Pad2' which is static to it. Aborting.
[2020.01.28-21.33.21:299][157]LightingResults: New page: Lighting Build - Jan 28, 2020, 7:33:21 AM
[2020.01.28-21.33.21:415][157]LogSwarmInterface: [OpenConnection] Registering TCP channel ...
[2020.01.28-21.33.21:422][157]LogSwarmInterface: [OpenConnection] Connecting to agent ...
[2020.01.28-21.33.21:422][157]LogSwarmInterface: [TryOpenConnection] Testing the Agent
[2020.01.28-21.33.21:424][157]LogSwarmInterface: [TryOpenConnection] Opening Connection to Agent
[2020.01.28-21.33.21:424][157]LogSwarmInterface: [TryOpenConnection] Local Process ID is 18912
[2020.01.28-21.33.26:147][157]LogStaticLightingSystem: Warning: No importance volume found, so the scene bounding box was used.  You can optimize your scene's quality and lighting build times by adding importance volumes.
[2020.01.28-21.33.26:147][157]LogStaticLightingSystem: Running Lightmass w/ ImmediateImport mode ENABLED
[2020.01.28-21.33.26:147][157]LogStaticLightingSystem: Running Lightmass w/ ImmediateProcess mode ENABLED
[2020.01.28-21.33.26:147][157]LogStaticLightingSystem: Running Lightmass w/ Sorting mode ENABLED
[2020.01.28-21.33.26:147][157]LogStaticLightingSystem: Running Lightmass w/ Mapping paddings ENABLED
[2020.01.28-21.33.26:148][157]LogStaticLightingSystem: Running Lightmass w/ Mapping debug paddings DISABLED
[2020.01.28-21.33.26:255][157]LogEditorBuildUtils: Build time 0:04
[2020.01.28-21.33.26:522][160]LogUObjectHash: Compacting FUObjectHashTables data took   1.50ms
[2020.01.28-21.33.44:612][130]Job is a success!
[2020.01.28-21.33.44:873][131]LogVolumetricLightmapImport: Imported Volumetric Lightmap in 0.025s
[2020.01.28-21.33.44:873][131]LogVolumetricLightmapImport:      Indirection Texture 16x16x16 = 0.0Mb
[2020.01.28-21.33.44:873][131]LogVolumetricLightmapImport:      BrickData (all levels) 1.0Mb
[2020.01.28-21.33.44:873][131]LogVolumetricLightmapImport:      Bricks at depth
[2020.01.28-21.33.44:873][131]LogVolumetricLightmapImport:          0: 0.5% covering 100.0% of volume
[2020.01.28-21.33.44:873][131]LogVolumetricLightmapImport:          1: 7.7% covering 25.0% of volume
[2020.01.28-21.33.44:873][131]LogVolumetricLightmapImport:          2: 91.9% covering 4.7% of volume
[2020.01.28-21.33.44:873][131]LogVolumetricLightmapImport:      Bricks in each level
[2020.01.28-21.33.44:873][131]LogVolumetricLightmapImport:          MainLevel 			 209 bricks 	 100.0% (Persistent Level)
[2020.01.28-21.33.45:645][131]LogTexture: Display: Building textures: SkyOcclusion1_1 (AutoDXT, 2048X1024)
[2020.01.28-21.33.45:645][131]LogTexture: Display: Building textures: HQ_Lightmap1_1 (AutoDXT, 2048X2048)
[2020.01.28-21.33.45:645][131]LogTexture: Display: Building textures: LQ_Lightmap_1_1 (DXT1, 2048X2048)
[2020.01.28-21.33.45:645][131]LogTexture: Display: Building textures: HQ_Lightmap1_2 (AutoDXT, 512X512)
[2020.01.28-21.33.45:645][131]LogTexture: Display: Building textures: SkyOcclusion1_2 (AutoDXT, 512X256)
[2020.01.28-21.33.45:645][131]LogTexture: Display: Building textures: LQ_Lightmap_1_2 (DXT1, 512X512)
[2020.01.28-21.33.45:645][131]LogTexture: Display: Building textures: SkyOcclusion0_3 (AutoDXT, 128X64)
[2020.01.28-21.33.45:645][131]LogTexture: Display: Building textures: HQ_Lightmap0_3 (AutoDXT, 128X128)
[2020.01.28-21.33.45:645][131]LogTexture: Display: Building textures: LQ_Lightmap_0_3 (DXT1, 128X128)
[2020.01.28-21.33.45:645][131]LogTexture: Display: Building textures: SkyOcclusion0_4 (AutoDXT, 64X32)
[2020.01.28-21.33.45:645][131]LogTexture: Display: Building textures: HQ_Lightmap0_4 (AutoDXT, 64X64)
[2020.01.28-21.33.45:645][131]LogTexture: Display: Building textures: LQ_Lightmap_0_4 (DXT1, 64X64)
[2020.01.28-21.33.45:844][131]LogTexture: Display: Building textures: ShadowMapTexture2D_9 (G8, 32X32)
[2020.01.28-21.33.45:844][131]LogTexture: Display: Building textures: ShadowMapTexture2D_8 (BGRA8, 128X32)
[2020.01.28-21.33.45:844][131]LogTexture: Display: Building textures: ShadowMapTexture2D_7 (BGRA8, 1024X128)
[2020.01.28-21.33.45:905][131]LogTexture: Display: Building textures: ShadowMapTexture2D_6 (BGRA8, 1024X1024)
[2020.01.28-21.33.45:905][131]LogTexture: Display: Building textures: ShadowMapTexture2D_5 (BGRA8, 1024X1024)
[2020.01.28-21.33.45:906][131]LogStaticLightingSystem: MainLevel_BuiltData storing lightmap data for 31 meshes in 6 LightmapResourceClusters (5.2 Meshes per cluster).
[2020.01.28-21.33.45:912][131]Lightmass on S0UNDSPC: 18.4 sec total, 159 ms importing, 42 ms setup, 5.14 sec photons, 13.0 sec processing, 0 ms extra exporting [41/41 mappings]. Threads: 2:24 min total, 25.6 sec processing.
[2020.01.28-21.33.45:946][131]LogUObjectHash: Compacting FUObjectHashTables data took   1.73ms
[2020.01.28-21.33.45:967][131]LogStaticLightingSystem: Illumination: 24.6 sec (645 ms encoding lightmaps, 253 ms encoding shadowmaps)
[2020.01.28-21.33.45:967][131]LogStaticLightingSystem: Lightmap texture memory:  11.4 MB (11.3 MB streaming, 0.0 MB non-streaming), 8 textures
[2020.01.28-21.33.45:968][131]LogStaticLightingSystem: Shadowmap texture memory: 11.4 MB (11.3 MB streaming, 0.0 MB non-streaming), 5 textures
[2020.01.28-21.33.46:296][131]DumpUnbuiltLightIteractions
[2020.01.28-21.33.46:296][131]Lights with unbuilt interactions: 0
[2020.01.28-21.33.46:297][131]
[2020.01.28-21.33.46:297][131]Primitives with unbuilt interactions: 0
[2020.01.28-21.33.46:427][132]Cmd: MAP CHECK NOTIFYRESULTS
[2020.01.28-21.33.46:427][132]MapCheck: New page: MainLevel - Jan 28, 2020, 7:33:46 AM
[2020.01.28-21.33.47:114][132]MapCheck: Warning: FirstDoor_BP Static mesh actor has NULL StaticMesh property 
[2020.01.28-21.33.47:114][132]MapCheck: Warning: FirstDoor_BP Static mesh actor has NULL StaticMesh property 
[2020.01.28-21.33.47:115][132]MapCheck: Warning: KeycardDoor_BP_2 Static mesh actor has NULL StaticMesh property 
[2020.01.28-21.33.47:115][132]MapCheck: Warning: KeycardDoor_BP_2 Static mesh actor has NULL StaticMesh property 
[2020.01.28-21.33.47:115][132]MapCheck: Warning: SecondDoor_BP_2 Static mesh actor has NULL StaticMesh property 
[2020.01.28-21.33.47:115][132]MapCheck: Warning: SecondDoor_BP_2 Static mesh actor has NULL StaticMesh property 
[2020.01.28-21.33.47:115][132]MapCheck: Warning: AutoDoor_BP_2 Static mesh actor has NULL StaticMesh property 
[2020.01.28-21.33.47:115][132]MapCheck: Warning: AutoDoor_BP_2 Static mesh actor has NULL StaticMesh property 
[2020.01.28-21.33.47:115][132]MapCheck: Map check complete: 0 Error(s), 8 Warning(s), took 688.424ms to complete.
[2020.01.28-21.33.53:238][497]LogEditorViewport: Clicking on Actor (context menu): BP_Sky_Sphere_C (SkySphereBlueprint)
[2020.01.28-21.34.07:887][312]Cmd: CAMERA ALIGN ACTIVEVIEWPORTONLY
